[ 2017-06-06T14:13:48+08:00 ] 127.0.0.1 /liangzhuang/index.php/video/1.mp4
INFO: [ app_init ] --START--
INFO: Run Behavior\BuildLiteBehavior [ RunTime:0.000025s ]
INFO: [ app_init ] --END-- [ RunTime:0.000653s ]
ERR: 无法加载模块:Video

[ 2017-06-06T14:13:49+08:00 ] 127.0.0.1 /liangzhuang/index.php/video/1.mp4
INFO: [ app_init ] --START--
INFO: Run Behavior\BuildLiteBehavior [ RunTime:0.000028s ]
INFO: [ app_init ] --END-- [ RunTime:0.000917s ]
ERR: 无法加载模块:Video

[ 2017-06-06T14:13:49+08:00 ] 127.0.0.1 /liangzhuang/index.php/video/0.blv
INFO: [ app_init ] --START--
INFO: Run Behavior\BuildLiteBehavior [ RunTime:0.000023s ]
INFO: [ app_init ] --END-- [ RunTime:0.000671s ]
ERR: 无法加载模块:Video

[ 2017-06-06T14:13:49+08:00 ] 127.0.0.1 /liangzhuang/index.php/video/1.mp4
INFO: [ app_init ] --START--
INFO: Run Behavior\BuildLiteBehavior [ RunTime:0.000031s ]
INFO: [ app_init ] --END-- [ RunTime:0.000781s ]
ERR: 无法加载模块:Video

[ 2017-06-06T14:13:49+08:00 ] 127.0.0.1 /liangzhuang/index.php/video/1.mp4
INFO: [ app_init ] --START--
INFO: Run Behavior\BuildLiteBehavior [ RunTime:0.000027s ]
INFO: [ app_init ] --END-- [ RunTime:0.000602s ]
ERR: 无法加载模块:Video

[ 2017-06-06T14:13:50+08:00 ] 127.0.0.1 /liangzhuang/index.php/video/1.mp4
INFO: [ app_init ] --START--
INFO: Run Behavior\BuildLiteBehavior [ RunTime:0.000020s ]
INFO: [ app_init ] --END-- [ RunTime:0.000554s ]
ERR: 无法加载模块:Video

[ 2017-06-06T14:13:50+08:00 ] 127.0.0.1 /liangzhuang/index.php/video/0.blv
INFO: [ app_init ] --START--
INFO: Run Behavior\BuildLiteBehavior [ RunTime:0.000023s ]
INFO: [ app_init ] --END-- [ RunTime:0.001097s ]
ERR: 无法加载模块:Video

[ 2017-06-06T14:13:50+08:00 ] 127.0.0.1 /liangzhuang/index.php/video/0.blv
INFO: [ app_init ] --START--
INFO: Run Behavior\BuildLiteBehavior [ RunTime:0.000020s ]
INFO: [ app_init ] --END-- [ RunTime:0.000504s ]
ERR: 无法加载模块:Video

[ 2017-06-06T14:13:51+08:00 ] 127.0.0.1 /liangzhuang/index.php/video/0.blv
INFO: [ app_init ] --START--
INFO: Run Behavior\BuildLiteBehavior [ RunTime:0.000024s ]
INFO: [ app_init ] --END-- [ RunTime:0.000618s ]
ERR: 无法加载模块:Video

[ 2017-06-06T14:13:52+08:00 ] 127.0.0.1 /liangzhuang/index.php/video/0.blv
INFO: [ app_init ] --START--
INFO: Run Behavior\BuildLiteBehavior [ RunTime:0.000023s ]
INFO: [ app_init ] --END-- [ RunTime:0.000593s ]
ERR: 无法加载模块:Video

[ 2017-06-06T14:19:51+08:00 ] 127.0.0.1 /liangzhuang/index.php/video/1.mp4
INFO: [ app_init ] --START--
INFO: Run Behavior\BuildLiteBehavior [ RunTime:0.000050s ]
INFO: [ app_init ] --END-- [ RunTime:0.101198s ]
ERR: 无法加载模块:Video

[ 2017-06-06T14:19:51+08:00 ] 127.0.0.1 /liangzhuang/index.php/video/0.blv
INFO: [ app_init ] --START--
INFO: Run Behavior\BuildLiteBehavior [ RunTime:0.000060s ]
INFO: [ app_init ] --END-- [ RunTime:0.101310s ]
ERR: 无法加载模块:Video

[ 2017-06-06T14:19:51+08:00 ] 127.0.0.1 /liangzhuang/index.php/video/1.mp4
INFO: [ app_init ] --START--
INFO: Run Behavior\BuildLiteBehavior [ RunTime:0.000032s ]
INFO: [ app_init ] --END-- [ RunTime:0.000741s ]
ERR: 无法加载模块:Video

[ 2017-06-06T14:19:51+08:00 ] 127.0.0.1 /liangzhuang/index.php/video/0.blv
INFO: [ app_init ] --START--
INFO: Run Behavior\BuildLiteBehavior [ RunTime:0.000033s ]
INFO: [ app_init ] --END-- [ RunTime:0.000782s ]
ERR: 无法加载模块:Video

[ 2017-06-06T14:19:51+08:00 ] 127.0.0.1 /liangzhuang/index.php/video/1.mp4
INFO: [ app_init ] --START--
INFO: Run Behavior\BuildLiteBehavior [ RunTime:0.000029s ]
INFO: [ app_init ] --END-- [ RunTime:0.000750s ]
ERR: 无法加载模块:Video

[ 2017-06-06T14:19:51+08:00 ] 127.0.0.1 /liangzhuang/index.php/video/0.blv
INFO: [ app_init ] --START--
INFO: Run Behavior\BuildLiteBehavior [ RunTime:0.000021s ]
INFO: [ app_init ] --END-- [ RunTime:0.000658s ]
ERR: 无法加载模块:Video

[ 2017-06-06T14:19:51+08:00 ] 127.0.0.1 /liangzhuang/index.php/video/1.mp4
INFO: [ app_init ] --START--
INFO: Run Behavior\BuildLiteBehavior [ RunTime:0.000066s ]
INFO: [ app_init ] --END-- [ RunTime:0.001160s ]
ERR: 无法加载模块:Video

[ 2017-06-06T14:19:51+08:00 ] 127.0.0.1 /liangzhuang/index.php/video/0.blv
INFO: [ app_init ] --START--
INFO: Run Behavior\BuildLiteBehavior [ RunTime:0.000021s ]
INFO: [ app_init ] --END-- [ RunTime:0.000505s ]
ERR: 无法加载模块:Video

[ 2017-06-06T14:19:51+08:00 ] 127.0.0.1 /liangzhuang/index.php/video/1.mp4
INFO: [ app_init ] --START--
INFO: Run Behavior\BuildLiteBehavior [ RunTime:0.000020s ]
INFO: [ app_init ] --END-- [ RunTime:0.000519s ]
ERR: 无法加载模块:Video

[ 2017-06-06T14:19:51+08:00 ] 127.0.0.1 /liangzhuang/index.php/video/0.blv
INFO: [ app_init ] --START--
INFO: Run Behavior\BuildLiteBehavior [ RunTime:0.000030s ]
INFO: [ app_init ] --END-- [ RunTime:0.000909s ]
ERR: 无法加载模块:Video

[ 2017-06-06T15:29:05+08:00 ] 127.0.0.1 /liangzhuang/index.php/video/1.mp4
INFO: [ app_init ] --START--
INFO: Run Behavior\BuildLiteBehavior [ RunTime:0.000030s ]
INFO: [ app_init ] --END-- [ RunTime:0.000725s ]
ERR: 无法加载模块:Video

[ 2017-06-06T15:29:05+08:00 ] 127.0.0.1 /liangzhuang/index.php/video/0.blv
INFO: [ app_init ] --START--
INFO: Run Behavior\BuildLiteBehavior [ RunTime:0.000032s ]
INFO: [ app_init ] --END-- [ RunTime:0.001081s ]
ERR: 无法加载模块:Video

[ 2017-06-06T15:29:05+08:00 ] 127.0.0.1 /liangzhuang/index.php/video/1.mp4
INFO: [ app_init ] --START--
INFO: Run Behavior\BuildLiteBehavior [ RunTime:0.000193s ]
INFO: [ app_init ] --END-- [ RunTime:0.002995s ]
ERR: 无法加载模块:Video

[ 2017-06-06T15:29:05+08:00 ] 127.0.0.1 /liangzhuang/index.php/video/0.blv
INFO: [ app_init ] --START--
INFO: Run Behavior\BuildLiteBehavior [ RunTime:0.000021s ]
INFO: [ app_init ] --END-- [ RunTime:0.000528s ]
ERR: 无法加载模块:Video

[ 2017-06-06T15:29:05+08:00 ] 127.0.0.1 /liangzhuang/index.php/video/1.mp4
INFO: [ app_init ] --START--
INFO: Run Behavior\BuildLiteBehavior [ RunTime:0.000019s ]
INFO: [ app_init ] --END-- [ RunTime:0.000497s ]
ERR: 无法加载模块:Video

[ 2017-06-06T15:29:05+08:00 ] 127.0.0.1 /liangzhuang/index.php/video/0.blv
INFO: [ app_init ] --START--
INFO: Run Behavior\BuildLiteBehavior [ RunTime:0.000019s ]
INFO: [ app_init ] --END-- [ RunTime:0.000495s ]
ERR: 无法加载模块:Video

[ 2017-06-06T15:29:05+08:00 ] 127.0.0.1 /liangzhuang/index.php/video/1.mp4
INFO: [ app_init ] --START--
INFO: Run Behavior\BuildLiteBehavior [ RunTime:0.000019s ]
INFO: [ app_init ] --END-- [ RunTime:0.000491s ]
ERR: 无法加载模块:Video

[ 2017-06-06T15:29:05+08:00 ] 127.0.0.1 /liangzhuang/index.php/video/0.blv
INFO: [ app_init ] --START--
INFO: Run Behavior\BuildLiteBehavior [ RunTime:0.000019s ]
INFO: [ app_init ] --END-- [ RunTime:0.000499s ]
ERR: 无法加载模块:Video

[ 2017-06-06T15:29:05+08:00 ] 127.0.0.1 /liangzhuang/index.php/video/1.mp4
INFO: [ app_init ] --START--
INFO: Run Behavior\BuildLiteBehavior [ RunTime:0.000025s ]
INFO: [ app_init ] --END-- [ RunTime:0.001088s ]
ERR: 无法加载模块:Video

[ 2017-06-06T15:29:05+08:00 ] 127.0.0.1 /liangzhuang/index.php/video/0.blv
INFO: [ app_init ] --START--
INFO: Run Behavior\BuildLiteBehavior [ RunTime:0.000024s ]
INFO: [ app_init ] --END-- [ RunTime:0.001325s ]
ERR: 无法加载模块:Video

[ 2017-06-06T16:09:54+08:00 ] 127.0.0.1 /liangzhuang/index.php/video/1.mp4
INFO: [ app_init ] --START--
INFO: Run Behavior\BuildLiteBehavior [ RunTime:0.000026s ]
INFO: [ app_init ] --END-- [ RunTime:0.000867s ]
ERR: 无法加载模块:Video

[ 2017-06-06T16:09:54+08:00 ] 127.0.0.1 /liangzhuang/index.php/video/0.blv
INFO: [ app_init ] --START--
INFO: Run Behavior\BuildLiteBehavior [ RunTime:0.000041s ]
INFO: [ app_init ] --END-- [ RunTime:0.001069s ]
ERR: 无法加载模块:Video

[ 2017-06-06T16:09:54+08:00 ] 127.0.0.1 /liangzhuang/index.php/video/0.blv
INFO: [ app_init ] --START--
INFO: Run Behavior\BuildLiteBehavior [ RunTime:0.000030s ]
INFO: [ app_init ] --END-- [ RunTime:0.000769s ]
ERR: 无法加载模块:Video

[ 2017-06-06T16:09:54+08:00 ] 127.0.0.1 /liangzhuang/index.php/video/1.mp4
INFO: [ app_init ] --START--
INFO: Run Behavior\BuildLiteBehavior [ RunTime:0.000035s ]
INFO: [ app_init ] --END-- [ RunTime:0.002494s ]
ERR: 无法加载模块:Video

[ 2017-06-06T16:09:54+08:00 ] 127.0.0.1 /liangzhuang/index.php/video/0.blv
INFO: [ app_init ] --START--
INFO: Run Behavior\BuildLiteBehavior [ RunTime:0.000041s ]
INFO: [ app_init ] --END-- [ RunTime:0.001912s ]
ERR: 无法加载模块:Video

[ 2017-06-06T16:09:54+08:00 ] 127.0.0.1 /liangzhuang/index.php/video/1.mp4
INFO: [ app_init ] --START--
INFO: Run Behavior\BuildLiteBehavior [ RunTime:0.000019s ]
INFO: [ app_init ] --END-- [ RunTime:0.000640s ]
ERR: 无法加载模块:Video

[ 2017-06-06T16:09:54+08:00 ] 127.0.0.1 /liangzhuang/index.php/video/0.blv
INFO: [ app_init ] --START--
INFO: Run Behavior\BuildLiteBehavior [ RunTime:0.000021s ]
INFO: [ app_init ] --END-- [ RunTime:0.000553s ]
ERR: 无法加载模块:Video

[ 2017-06-06T16:09:54+08:00 ] 127.0.0.1 /liangzhuang/index.php/video/1.mp4
INFO: [ app_init ] --START--
INFO: Run Behavior\BuildLiteBehavior [ RunTime:0.000020s ]
INFO: [ app_init ] --END-- [ RunTime:0.000569s ]
ERR: 无法加载模块:Video

[ 2017-06-06T16:09:54+08:00 ] 127.0.0.1 /liangzhuang/index.php/video/0.blv
INFO: [ app_init ] --START--
INFO: Run Behavior\BuildLiteBehavior [ RunTime:0.000035s ]
INFO: [ app_init ] --END-- [ RunTime:0.000915s ]
ERR: 无法加载模块:Video

[ 2017-06-06T16:09:54+08:00 ] 127.0.0.1 /liangzhuang/index.php/video/1.mp4
INFO: [ app_init ] --START--
INFO: Run Behavior\BuildLiteBehavior [ RunTime:0.000019s ]
INFO: [ app_init ] --END-- [ RunTime:0.000508s ]
ERR: 无法加载模块:Video

[ 2017-06-06T16:15:03+08:00 ] 127.0.0.1 /liangzhuang/index.php/video/0.blv
INFO: [ app_init ] --START--
INFO: Run Behavior\BuildLiteBehavior [ RunTime:0.000029s ]
INFO: [ app_init ] --END-- [ RunTime:0.000955s ]
ERR: 无法加载模块:Video

[ 2017-06-06T16:15:03+08:00 ] 127.0.0.1 /liangzhuang/index.php/video/1.mp4
INFO: [ app_init ] --START--
INFO: Run Behavior\BuildLiteBehavior [ RunTime:0.000021s ]
INFO: [ app_init ] --END-- [ RunTime:0.000548s ]
ERR: 无法加载模块:Video

[ 2017-06-06T16:15:03+08:00 ] 127.0.0.1 /liangzhuang/index.php/video/1.mp4
INFO: [ app_init ] --START--
INFO: Run Behavior\BuildLiteBehavior [ RunTime:0.000029s ]
INFO: [ app_init ] --END-- [ RunTime:0.000775s ]
ERR: 无法加载模块:Video

[ 2017-06-06T16:15:03+08:00 ] 127.0.0.1 /liangzhuang/index.php/video/0.blv
INFO: [ app_init ] --START--
INFO: Run Behavior\BuildLiteBehavior [ RunTime:0.000038s ]
INFO: [ app_init ] --END-- [ RunTime:0.000801s ]
ERR: 无法加载模块:Video

[ 2017-06-06T16:15:03+08:00 ] 127.0.0.1 /liangzhuang/index.php/video/1.mp4
INFO: [ app_init ] --START--
INFO: Run Behavior\BuildLiteBehavior [ RunTime:0.000028s ]
INFO: [ app_init ] --END-- [ RunTime:0.000721s ]
ERR: 无法加载模块:Video

[ 2017-06-06T16:15:03+08:00 ] 127.0.0.1 /liangzhuang/index.php/video/0.blv
INFO: [ app_init ] --START--
INFO: Run Behavior\BuildLiteBehavior [ RunTime:0.000032s ]
INFO: [ app_init ] --END-- [ RunTime:0.000837s ]
ERR: 无法加载模块:Video

[ 2017-06-06T16:15:03+08:00 ] 127.0.0.1 /liangzhuang/index.php/video/1.mp4
INFO: [ app_init ] --START--
INFO: Run Behavior\BuildLiteBehavior [ RunTime:0.000173s ]
INFO: [ app_init ] --END-- [ RunTime:0.001203s ]
ERR: 无法加载模块:Video

[ 2017-06-06T16:15:03+08:00 ] 127.0.0.1 /liangzhuang/index.php/video/0.blv
INFO: [ app_init ] --START--
INFO: Run Behavior\BuildLiteBehavior [ RunTime:0.000056s ]
INFO: [ app_init ] --END-- [ RunTime:0.001580s ]
ERR: 无法加载模块:Video

[ 2017-06-06T16:15:03+08:00 ] 127.0.0.1 /liangzhuang/index.php/video/1.mp4
INFO: [ app_init ] --START--
INFO: Run Behavior\BuildLiteBehavior [ RunTime:0.000033s ]
INFO: [ app_init ] --END-- [ RunTime:0.000834s ]
ERR: 无法加载模块:Video

[ 2017-06-06T16:15:03+08:00 ] 127.0.0.1 /liangzhuang/index.php/video/0.blv
INFO: [ app_init ] --START--
INFO: Run Behavior\BuildLiteBehavior [ RunTime:0.000028s ]
INFO: [ app_init ] --END-- [ RunTime:0.000718s ]
ERR: 无法加载模块:Video

[ 2017-06-06T16:17:11+08:00 ] 127.0.0.1 /liangzhuang/index.php/video/0.blv
INFO: [ app_init ] --START--
INFO: Run Behavior\BuildLiteBehavior [ RunTime:0.000033s ]
INFO: [ app_init ] --END-- [ RunTime:0.000899s ]
ERR: 无法加载模块:Video

[ 2017-06-06T16:17:11+08:00 ] 127.0.0.1 /liangzhuang/index.php/video/1.mp4
INFO: [ app_init ] --START--
INFO: Run Behavior\BuildLiteBehavior [ RunTime:0.000029s ]
INFO: [ app_init ] --END-- [ RunTime:0.000930s ]
ERR: 无法加载模块:Video

[ 2017-06-06T16:17:11+08:00 ] 127.0.0.1 /liangzhuang/index.php/video/0.blv
INFO: [ app_init ] --START--
INFO: Run Behavior\BuildLiteBehavior [ RunTime:0.000031s ]
INFO: [ app_init ] --END-- [ RunTime:0.000764s ]
ERR: 无法加载模块:Video

[ 2017-06-06T16:17:11+08:00 ] 127.0.0.1 /liangzhuang/index.php/video/0.blv
INFO: [ app_init ] --START--
INFO: Run Behavior\BuildLiteBehavior [ RunTime:0.000030s ]
INFO: [ app_init ] --END-- [ RunTime:0.000808s ]
ERR: 无法加载模块:Video

[ 2017-06-06T16:17:11+08:00 ] 127.0.0.1 /liangzhuang/index.php/video/1.mp4
INFO: [ app_init ] --START--
INFO: Run Behavior\BuildLiteBehavior [ RunTime:0.000030s ]
INFO: [ app_init ] --END-- [ RunTime:0.001110s ]
ERR: 无法加载模块:Video

[ 2017-06-06T16:17:12+08:00 ] 127.0.0.1 /liangzhuang/index.php/video/0.blv
INFO: [ app_init ] --START--
INFO: Run Behavior\BuildLiteBehavior [ RunTime:0.000029s ]
INFO: [ app_init ] --END-- [ RunTime:0.000726s ]
ERR: 无法加载模块:Video

[ 2017-06-06T16:17:12+08:00 ] 127.0.0.1 /liangzhuang/index.php/video/1.mp4
INFO: [ app_init ] --START--
INFO: Run Behavior\BuildLiteBehavior [ RunTime:0.000027s ]
INFO: [ app_init ] --END-- [ RunTime:0.000731s ]
ERR: 无法加载模块:Video

[ 2017-06-06T16:17:12+08:00 ] 127.0.0.1 /liangzhuang/index.php/video/0.blv
INFO: [ app_init ] --START--
INFO: Run Behavior\BuildLiteBehavior [ RunTime:0.000028s ]
INFO: [ app_init ] --END-- [ RunTime:0.000731s ]
ERR: 无法加载模块:Video

[ 2017-06-06T16:17:12+08:00 ] 127.0.0.1 /liangzhuang/index.php/video/1.mp4
INFO: [ app_init ] --START--
INFO: Run Behavior\BuildLiteBehavior [ RunTime:0.000020s ]
INFO: [ app_init ] --END-- [ RunTime:0.000517s ]
ERR: 无法加载模块:Video

[ 2017-06-06T16:17:12+08:00 ] 127.0.0.1 /liangzhuang/index.php/video/1.mp4
INFO: [ app_init ] --START--
INFO: Run Behavior\BuildLiteBehavior [ RunTime:0.000046s ]
INFO: [ app_init ] --END-- [ RunTime:0.001087s ]
ERR: 无法加载模块:Video

