[ 2016-12-15T15:56:40+08:00 ] 127.0.0.1 /weiju1/index.php/Admin/Sight/index/p/1
INFO: [ app_init ] --START--
INFO: Run Behavior\BuildLiteBehavior [ RunTime:0.000030s ]
INFO: [ app_init ] --END-- [ RunTime:0.001106s ]
INFO: [ app_begin ] --START--
INFO: Run Behavior\ReadHtmlCacheBehavior [ RunTime:0.007807s ]
INFO: [ app_begin ] --END-- [ RunTime:0.007969s ]
SQL: SHOW COLUMNS FROM `sight` [ RunTime:0.0347s ]
SQL: SELECT * FROM `sight`  [ RunTime:0.0018s ]
INFO: [ view_parse ] --START--
INFO: [ template_filter ] --START--
INFO: Run Behavior\ContentReplaceBehavior [ RunTime:0.000213s ]
INFO: [ template_filter ] --END-- [ RunTime:0.000399s ]
NOTIC: [8] Undefined index: address F:\websever\soft\weiju1\Application\Runtime\Cache\Admin\6ff4bf1c27da19e25c76800563f83851.php 第 117 行.
NOTIC: [8] Undefined index: summary F:\websever\soft\weiju1\Application\Runtime\Cache\Admin\6ff4bf1c27da19e25c76800563f83851.php 第 118 行.
NOTIC: [8] Undefined index: address F:\websever\soft\weiju1\Application\Runtime\Cache\Admin\6ff4bf1c27da19e25c76800563f83851.php 第 117 行.
NOTIC: [8] Undefined index: summary F:\websever\soft\weiju1\Application\Runtime\Cache\Admin\6ff4bf1c27da19e25c76800563f83851.php 第 118 行.
NOTIC: [8] Undefined index: address F:\websever\soft\weiju1\Application\Runtime\Cache\Admin\6ff4bf1c27da19e25c76800563f83851.php 第 117 行.
NOTIC: [8] Undefined index: summary F:\websever\soft\weiju1\Application\Runtime\Cache\Admin\6ff4bf1c27da19e25c76800563f83851.php 第 118 行.
NOTIC: [8] Undefined index: address F:\websever\soft\weiju1\Application\Runtime\Cache\Admin\6ff4bf1c27da19e25c76800563f83851.php 第 117 行.
NOTIC: [8] Undefined index: summary F:\websever\soft\weiju1\Application\Runtime\Cache\Admin\6ff4bf1c27da19e25c76800563f83851.php 第 118 行.
NOTIC: [8] Undefined index: address F:\websever\soft\weiju1\Application\Runtime\Cache\Admin\6ff4bf1c27da19e25c76800563f83851.php 第 117 行.
NOTIC: [8] Undefined index: summary F:\websever\soft\weiju1\Application\Runtime\Cache\Admin\6ff4bf1c27da19e25c76800563f83851.php 第 118 行.
NOTIC: [8] Undefined index: address F:\websever\soft\weiju1\Application\Runtime\Cache\Admin\6ff4bf1c27da19e25c76800563f83851.php 第 117 行.
NOTIC: [8] Undefined index: summary F:\websever\soft\weiju1\Application\Runtime\Cache\Admin\6ff4bf1c27da19e25c76800563f83851.php 第 118 行.
NOTIC: [8] Undefined index: address F:\websever\soft\weiju1\Application\Runtime\Cache\Admin\6ff4bf1c27da19e25c76800563f83851.php 第 117 行.
NOTIC: [8] Undefined index: summary F:\websever\soft\weiju1\Application\Runtime\Cache\Admin\6ff4bf1c27da19e25c76800563f83851.php 第 118 行.
NOTIC: [8] Undefined index: address F:\websever\soft\weiju1\Application\Runtime\Cache\Admin\6ff4bf1c27da19e25c76800563f83851.php 第 117 行.
NOTIC: [8] Undefined index: summary F:\websever\soft\weiju1\Application\Runtime\Cache\Admin\6ff4bf1c27da19e25c76800563f83851.php 第 118 行.
NOTIC: [8] Undefined index: address F:\websever\soft\weiju1\Application\Runtime\Cache\Admin\6ff4bf1c27da19e25c76800563f83851.php 第 117 行.
NOTIC: [8] Undefined index: summary F:\websever\soft\weiju1\Application\Runtime\Cache\Admin\6ff4bf1c27da19e25c76800563f83851.php 第 118 行.
NOTIC: [8] Undefined index: address F:\websever\soft\weiju1\Application\Runtime\Cache\Admin\6ff4bf1c27da19e25c76800563f83851.php 第 117 行.
NOTIC: [8] Undefined index: summary F:\websever\soft\weiju1\Application\Runtime\Cache\Admin\6ff4bf1c27da19e25c76800563f83851.php 第 118 行.
NOTIC: [8] Undefined index: address F:\websever\soft\weiju1\Application\Runtime\Cache\Admin\6ff4bf1c27da19e25c76800563f83851.php 第 117 行.
NOTIC: [8] Undefined index: summary F:\websever\soft\weiju1\Application\Runtime\Cache\Admin\6ff4bf1c27da19e25c76800563f83851.php 第 118 行.
NOTIC: [8] Undefined index: address F:\websever\soft\weiju1\Application\Runtime\Cache\Admin\6ff4bf1c27da19e25c76800563f83851.php 第 117 行.
NOTIC: [8] Undefined index: summary F:\websever\soft\weiju1\Application\Runtime\Cache\Admin\6ff4bf1c27da19e25c76800563f83851.php 第 118 行.
NOTIC: [8] Undefined index: address F:\websever\soft\weiju1\Application\Runtime\Cache\Admin\6ff4bf1c27da19e25c76800563f83851.php 第 117 行.
NOTIC: [8] Undefined index: summary F:\websever\soft\weiju1\Application\Runtime\Cache\Admin\6ff4bf1c27da19e25c76800563f83851.php 第 118 行.
NOTIC: [8] Undefined index: address F:\websever\soft\weiju1\Application\Runtime\Cache\Admin\6ff4bf1c27da19e25c76800563f83851.php 第 117 行.
NOTIC: [8] Undefined index: summary F:\websever\soft\weiju1\Application\Runtime\Cache\Admin\6ff4bf1c27da19e25c76800563f83851.php 第 118 行.
NOTIC: [8] Undefined index: address F:\websever\soft\weiju1\Application\Runtime\Cache\Admin\6ff4bf1c27da19e25c76800563f83851.php 第 117 行.
NOTIC: [8] Undefined index: summary F:\websever\soft\weiju1\Application\Runtime\Cache\Admin\6ff4bf1c27da19e25c76800563f83851.php 第 118 行.
NOTIC: [8] Undefined index: address F:\websever\soft\weiju1\Application\Runtime\Cache\Admin\6ff4bf1c27da19e25c76800563f83851.php 第 117 行.
NOTIC: [8] Undefined index: summary F:\websever\soft\weiju1\Application\Runtime\Cache\Admin\6ff4bf1c27da19e25c76800563f83851.php 第 118 行.
NOTIC: [8] Undefined index: address F:\websever\soft\weiju1\Application\Runtime\Cache\Admin\6ff4bf1c27da19e25c76800563f83851.php 第 117 行.
NOTIC: [8] Undefined index: summary F:\websever\soft\weiju1\Application\Runtime\Cache\Admin\6ff4bf1c27da19e25c76800563f83851.php 第 118 行.
NOTIC: [8] Undefined index: address F:\websever\soft\weiju1\Application\Runtime\Cache\Admin\6ff4bf1c27da19e25c76800563f83851.php 第 117 行.
NOTIC: [8] Undefined index: summary F:\websever\soft\weiju1\Application\Runtime\Cache\Admin\6ff4bf1c27da19e25c76800563f83851.php 第 118 行.
NOTIC: [8] Undefined index: address F:\websever\soft\weiju1\Application\Runtime\Cache\Admin\6ff4bf1c27da19e25c76800563f83851.php 第 117 行.
NOTIC: [8] Undefined index: summary F:\websever\soft\weiju1\Application\Runtime\Cache\Admin\6ff4bf1c27da19e25c76800563f83851.php 第 118 行.
NOTIC: [8] Undefined index: address F:\websever\soft\weiju1\Application\Runtime\Cache\Admin\6ff4bf1c27da19e25c76800563f83851.php 第 117 行.
NOTIC: [8] Undefined index: summary F:\websever\soft\weiju1\Application\Runtime\Cache\Admin\6ff4bf1c27da19e25c76800563f83851.php 第 118 行.
NOTIC: [8] Undefined index: address F:\websever\soft\weiju1\Application\Runtime\Cache\Admin\6ff4bf1c27da19e25c76800563f83851.php 第 117 行.
NOTIC: [8] Undefined index: summary F:\websever\soft\weiju1\Application\Runtime\Cache\Admin\6ff4bf1c27da19e25c76800563f83851.php 第 118 行.
NOTIC: [8] Undefined index: address F:\websever\soft\weiju1\Application\Runtime\Cache\Admin\6ff4bf1c27da19e25c76800563f83851.php 第 117 行.
NOTIC: [8] Undefined index: summary F:\websever\soft\weiju1\Application\Runtime\Cache\Admin\6ff4bf1c27da19e25c76800563f83851.php 第 118 行.
INFO: Run Behavior\ParseTemplateBehavior [ RunTime:0.150984s ]
INFO: [ view_parse ] --END-- [ RunTime:0.151247s ]
INFO: [ view_filter ] --START--
INFO: Run Behavior\WriteHtmlCacheBehavior [ RunTime:0.008139s ]
INFO: [ view_filter ] --END-- [ RunTime:0.008337s ]
INFO: [ app_end ] --START--
INFO: Run Behavior\ShowPageTraceBehavior [ RunTime:0.006432s ]
INFO: [ app_end ] --END-- [ RunTime:0.006694s ]

[ 2016-12-15T15:56:45+08:00 ] 127.0.0.1 /weiju1/index.php/Admin/user/index
INFO: [ app_init ] --START--
INFO: Run Behavior\BuildLiteBehavior [ RunTime:0.000036s ]
INFO: [ app_init ] --END-- [ RunTime:0.001796s ]
INFO: [ app_begin ] --START--
INFO: Run Behavior\ReadHtmlCacheBehavior [ RunTime:0.003260s ]
INFO: [ app_begin ] --END-- [ RunTime:0.003365s ]
ERR: 1146:Table 'weiju.user' doesn't exist
 [ SQL语句 ] : SHOW COLUMNS FROM `user`
ERR: 1146:Table 'weiju.user' doesn't exist
 [ SQL语句 ] : SHOW COLUMNS FROM `user`

[ 2016-12-15T17:01:50+08:00 ] 127.0.0.1 /weiju1/index.php/Admin/sight/index
INFO: [ app_init ] --START--
INFO: Run Behavior\BuildLiteBehavior [ RunTime:0.000048s ]
INFO: [ app_init ] --END-- [ RunTime:0.012516s ]
INFO: [ app_begin ] --START--
INFO: Run Behavior\ReadHtmlCacheBehavior [ RunTime:0.006286s ]
INFO: [ app_begin ] --END-- [ RunTime:0.006522s ]
SQL: SHOW COLUMNS FROM `sight` [ RunTime:0.0252s ]
SQL: SELECT COUNT(*) AS tp_count FROM `sight` LIMIT 1   [ RunTime:0.0009s ]
SQL: SELECT * FROM `sight` LIMIT 0,10   [ RunTime:0.0013s ]
INFO: [ view_parse ] --START--
INFO: [ template_filter ] --START--
INFO: Run Behavior\ContentReplaceBehavior [ RunTime:0.000108s ]
INFO: [ template_filter ] --END-- [ RunTime:0.000196s ]
INFO: Run Behavior\ParseTemplateBehavior [ RunTime:0.042910s ]
INFO: [ view_parse ] --END-- [ RunTime:0.043060s ]
INFO: [ view_filter ] --START--
INFO: Run Behavior\WriteHtmlCacheBehavior [ RunTime:0.038146s ]
INFO: [ view_filter ] --END-- [ RunTime:0.038407s ]
INFO: [ app_end ] --START--
INFO: Run Behavior\ShowPageTraceBehavior [ RunTime:0.030461s ]
INFO: [ app_end ] --END-- [ RunTime:0.030788s ]

[ 2016-12-15T17:02:04+08:00 ] 127.0.0.1 /weiju1/index.php/admin
INFO: [ app_init ] --START--
INFO: Run Behavior\BuildLiteBehavior [ RunTime:0.000022s ]
INFO: [ app_init ] --END-- [ RunTime:0.001021s ]
INFO: [ app_begin ] --START--
INFO: Run Behavior\ReadHtmlCacheBehavior [ RunTime:0.002971s ]
INFO: [ app_begin ] --END-- [ RunTime:0.003197s ]
INFO: [ view_parse ] --START--
INFO: [ template_filter ] --START--
INFO: Run Behavior\ContentReplaceBehavior [ RunTime:0.000180s ]
INFO: [ template_filter ] --END-- [ RunTime:0.000462s ]
INFO: Run Behavior\ParseTemplateBehavior [ RunTime:0.151098s ]
INFO: [ view_parse ] --END-- [ RunTime:0.151213s ]
INFO: [ view_filter ] --START--
INFO: Run Behavior\WriteHtmlCacheBehavior [ RunTime:0.001741s ]
INFO: [ view_filter ] --END-- [ RunTime:0.001816s ]
INFO: [ app_end ] --START--
INFO: Run Behavior\ShowPageTraceBehavior [ RunTime:0.002022s ]
INFO: [ app_end ] --END-- [ RunTime:0.002108s ]

[ 2016-12-15T17:02:47+08:00 ] 127.0.0.1 /weiju1/index.php/admin
INFO: [ app_init ] --START--
INFO: Run Behavior\BuildLiteBehavior [ RunTime:0.000058s ]
INFO: [ app_init ] --END-- [ RunTime:0.001079s ]
INFO: [ app_begin ] --START--
INFO: Run Behavior\ReadHtmlCacheBehavior [ RunTime:0.003663s ]
INFO: [ app_begin ] --END-- [ RunTime:0.003769s ]
INFO: [ view_parse ] --START--
INFO: [ template_filter ] --START--
INFO: Run Behavior\ContentReplaceBehavior [ RunTime:0.000097s ]
INFO: [ template_filter ] --END-- [ RunTime:0.000191s ]
INFO: Run Behavior\ParseTemplateBehavior [ RunTime:0.026712s ]
INFO: [ view_parse ] --END-- [ RunTime:0.026823s ]
INFO: [ view_filter ] --START--
INFO: Run Behavior\WriteHtmlCacheBehavior [ RunTime:0.003752s ]
INFO: [ view_filter ] --END-- [ RunTime:0.003863s ]
INFO: [ app_end ] --START--
INFO: Run Behavior\ShowPageTraceBehavior [ RunTime:0.003496s ]
INFO: [ app_end ] --END-- [ RunTime:0.003607s ]

[ 2016-12-15T17:02:53+08:00 ] 127.0.0.1 /weiju1/index.php/Admin/visitor/index
INFO: [ app_init ] --START--
INFO: Run Behavior\BuildLiteBehavior [ RunTime:0.000021s ]
INFO: [ app_init ] --END-- [ RunTime:0.001005s ]
INFO: [ app_begin ] --START--
INFO: Run Behavior\ReadHtmlCacheBehavior [ RunTime:0.002730s ]
INFO: [ app_begin ] --END-- [ RunTime:0.002836s ]
SQL: SHOW COLUMNS FROM `visitor` [ RunTime:0.0709s ]
SQL: SELECT * FROM `visitor`  [ RunTime:0.0009s ]
INFO: [ view_parse ] --START--
INFO: [ template_filter ] --START--
INFO: Run Behavior\ContentReplaceBehavior [ RunTime:0.000107s ]
INFO: [ template_filter ] --END-- [ RunTime:0.000199s ]
INFO: Run Behavior\ParseTemplateBehavior [ RunTime:0.036737s ]
INFO: [ view_parse ] --END-- [ RunTime:0.036851s ]
INFO: [ view_filter ] --START--
INFO: Run Behavior\WriteHtmlCacheBehavior [ RunTime:0.002544s ]
INFO: [ view_filter ] --END-- [ RunTime:0.002625s ]
INFO: [ app_end ] --START--
INFO: Run Behavior\ShowPageTraceBehavior [ RunTime:0.003327s ]
INFO: [ app_end ] --END-- [ RunTime:0.003429s ]

[ 2016-12-15T17:02:58+08:00 ] 127.0.0.1 /weiju1/index.php/Admin/guide/create
INFO: [ app_init ] --START--
INFO: Run Behavior\BuildLiteBehavior [ RunTime:0.000022s ]
INFO: [ app_init ] --END-- [ RunTime:0.001063s ]
INFO: [ app_begin ] --START--
INFO: Run Behavior\ReadHtmlCacheBehavior [ RunTime:0.004143s ]
INFO: [ app_begin ] --END-- [ RunTime:0.004335s ]
INFO: [ view_parse ] --START--
INFO: [ template_filter ] --START--
INFO: Run Behavior\ContentReplaceBehavior [ RunTime:0.000123s ]
INFO: [ template_filter ] --END-- [ RunTime:0.000245s ]
INFO: Run Behavior\ParseTemplateBehavior [ RunTime:0.030878s ]
INFO: [ view_parse ] --END-- [ RunTime:0.030989s ]
INFO: [ view_filter ] --START--
INFO: Run Behavior\WriteHtmlCacheBehavior [ RunTime:0.002465s ]
INFO: [ view_filter ] --END-- [ RunTime:0.002538s ]
INFO: [ app_end ] --START--
INFO: Run Behavior\ShowPageTraceBehavior [ RunTime:0.006988s ]
INFO: [ app_end ] --END-- [ RunTime:0.007124s ]

[ 2016-12-15T17:05:46+08:00 ] 127.0.0.1 /weiju1/index.php/admin
INFO: [ app_init ] --START--
INFO: Run Behavior\BuildLiteBehavior [ RunTime:0.000022s ]
INFO: [ app_init ] --END-- [ RunTime:0.001074s ]
INFO: [ app_begin ] --START--
INFO: Run Behavior\ReadHtmlCacheBehavior [ RunTime:0.003246s ]
INFO: [ app_begin ] --END-- [ RunTime:0.003348s ]

[ 2016-12-15T17:10:51+08:00 ] 127.0.0.1 /weiju1/index.php/admin
INFO: [ app_init ] --START--
INFO: Run Behavior\BuildLiteBehavior [ RunTime:0.000022s ]
INFO: [ app_init ] --END-- [ RunTime:0.001045s ]
INFO: [ app_begin ] --START--
INFO: Run Behavior\ReadHtmlCacheBehavior [ RunTime:0.001973s ]
INFO: [ app_begin ] --END-- [ RunTime:0.002077s ]

