[ 2016-12-29T08:14:05+08:00 ] 127.0.0.1 /weiju2/index.php/admin
INFO: [ app_init ] --START--
INFO: Run Behavior\BuildLiteBehavior [ RunTime:0.000030s ]
INFO: [ app_init ] --END-- [ RunTime:0.001139s ]
INFO: [ app_begin ] --START--
INFO: Run Behavior\ReadHtmlCacheBehavior [ RunTime:0.004581s ]
INFO: [ app_begin ] --END-- [ RunTime:0.004927s ]
INFO: [ view_parse ] --START--
INFO: [ template_filter ] --START--
INFO: Run Behavior\ContentReplaceBehavior [ RunTime:0.000340s ]
INFO: [ template_filter ] --END-- [ RunTime:0.000653s ]
INFO: Run Behavior\ParseTemplateBehavior [ RunTime:0.156384s ]
INFO: [ view_parse ] --END-- [ RunTime:0.156732s ]
INFO: [ view_filter ] --START--
INFO: Run Behavior\WriteHtmlCacheBehavior [ RunTime:0.002434s ]
INFO: [ view_filter ] --END-- [ RunTime:0.003658s ]
INFO: [ app_end ] --START--
INFO: Run Behavior\ShowPageTraceBehavior [ RunTime:0.012977s ]
INFO: [ app_end ] --END-- [ RunTime:0.013335s ]

[ 2016-12-29T08:44:59+08:00 ] 127.0.0.1 /weiju2/index.php/Admin/visitor/index
INFO: [ app_init ] --START--
INFO: Run Behavior\BuildLiteBehavior [ RunTime:0.000049s ]
INFO: [ app_init ] --END-- [ RunTime:0.027099s ]
INFO: [ app_begin ] --START--
INFO: Run Behavior\ReadHtmlCacheBehavior [ RunTime:0.019621s ]
INFO: [ app_begin ] --END-- [ RunTime:0.019882s ]
SQL: SHOW COLUMNS FROM `visitor` [ RunTime:0.0873s ]
SQL: SELECT * FROM `visitor`  [ RunTime:0.0013s ]
INFO: [ view_parse ] --START--
INFO: [ template_filter ] --START--
INFO: Run Behavior\ContentReplaceBehavior [ RunTime:0.000234s ]
INFO: [ template_filter ] --END-- [ RunTime:0.000434s ]
INFO: Run Behavior\ParseTemplateBehavior [ RunTime:0.097260s ]
INFO: [ view_parse ] --END-- [ RunTime:0.097470s ]
INFO: [ view_filter ] --START--
INFO: Run Behavior\WriteHtmlCacheBehavior [ RunTime:0.007976s ]
INFO: [ view_filter ] --END-- [ RunTime:0.008164s ]
INFO: [ app_end ] --START--
INFO: Run Behavior\ShowPageTraceBehavior [ RunTime:0.011408s ]
INFO: [ app_end ] --END-- [ RunTime:0.011600s ]

[ 2016-12-29T08:45:01+08:00 ] 127.0.0.1 /weiju2/index.php/Admin/visitor/index
INFO: [ app_init ] --START--
INFO: Run Behavior\BuildLiteBehavior [ RunTime:0.000021s ]
INFO: [ app_init ] --END-- [ RunTime:0.000760s ]
INFO: [ app_begin ] --START--
INFO: Run Behavior\ReadHtmlCacheBehavior [ RunTime:0.000901s ]
INFO: [ app_begin ] --END-- [ RunTime:0.000984s ]
SQL: SHOW COLUMNS FROM `visitor` [ RunTime:0.0639s ]
SQL: SELECT * FROM `visitor`  [ RunTime:0.0026s ]
INFO: [ view_parse ] --START--
INFO: [ template_filter ] --START--
INFO: Run Behavior\ContentReplaceBehavior [ RunTime:0.000160s ]
INFO: [ template_filter ] --END-- [ RunTime:0.000293s ]
INFO: Run Behavior\ParseTemplateBehavior [ RunTime:0.033801s ]
INFO: [ view_parse ] --END-- [ RunTime:0.034018s ]
INFO: [ view_filter ] --START--
INFO: Run Behavior\WriteHtmlCacheBehavior [ RunTime:0.000919s ]
INFO: [ view_filter ] --END-- [ RunTime:0.001018s ]
INFO: [ app_end ] --START--
INFO: Run Behavior\ShowPageTraceBehavior [ RunTime:0.001319s ]
INFO: [ app_end ] --END-- [ RunTime:0.001420s ]

[ 2016-12-29T08:45:10+08:00 ] 127.0.0.1 /weiju2/index.php/Admin/visitor/create
INFO: [ app_init ] --START--
INFO: Run Behavior\BuildLiteBehavior [ RunTime:0.000058s ]
INFO: [ app_init ] --END-- [ RunTime:0.001474s ]
INFO: [ app_begin ] --START--
INFO: Run Behavior\ReadHtmlCacheBehavior [ RunTime:0.001506s ]
INFO: [ app_begin ] --END-- [ RunTime:0.001649s ]
INFO: [ view_parse ] --START--
INFO: [ template_filter ] --START--
INFO: Run Behavior\ContentReplaceBehavior [ RunTime:0.000098s ]
INFO: [ template_filter ] --END-- [ RunTime:0.000196s ]
INFO: Run Behavior\ParseTemplateBehavior [ RunTime:0.095880s ]
INFO: [ view_parse ] --END-- [ RunTime:0.096053s ]
INFO: [ view_filter ] --START--
INFO: Run Behavior\WriteHtmlCacheBehavior [ RunTime:0.001451s ]
INFO: [ view_filter ] --END-- [ RunTime:0.001607s ]
INFO: [ app_end ] --START--
INFO: Run Behavior\ShowPageTraceBehavior [ RunTime:0.002181s ]
INFO: [ app_end ] --END-- [ RunTime:0.002348s ]

[ 2016-12-29T08:45:40+08:00 ] 127.0.0.1 /weiju2/index.php/Admin/visitor/store
INFO: [ app_init ] --START--
INFO: Run Behavior\BuildLiteBehavior [ RunTime:0.000021s ]
INFO: [ app_init ] --END-- [ RunTime:0.000743s ]
INFO: [ app_begin ] --START--
INFO: Run Behavior\ReadHtmlCacheBehavior [ RunTime:0.000922s ]
INFO: [ app_begin ] --END-- [ RunTime:0.001011s ]
NOTIC: [2] call_user_func() expects parameter 1 to be a valid callback, no array or string given F:\websever\soft\weiju2\ThinkPHP\Library\Think\Upload.class.php 第 170 行.
SQL: SHOW COLUMNS FROM `visitor` [ RunTime:0.0656s ]
NOTIC: [8] Undefined index: validate F:\websever\soft\weiju2\ThinkPHP\Library\Think\Model.class.php 第 1185 行.
NOTIC: [8] Undefined index: auto F:\websever\soft\weiju2\ThinkPHP\Library\Think\Model.class.php 第 1128 行.
SQL: INSERT INTO `visitor` (`name`,`password`,`number`,`thumb`) VALUES ('asdf','123456','n','../Public/uploads/2016-12-29/58645cb33d327.jpg') [ RunTime:0.1275s ]
INFO: [ app_end ] --START--
INFO: Run Behavior\ShowPageTraceBehavior [ RunTime:0.024271s ]
INFO: [ app_end ] --END-- [ RunTime:0.024537s ]

[ 2016-12-29T08:45:53+08:00 ] 127.0.0.1 /weiju2/index.php/Admin/visitor/index
INFO: [ app_init ] --START--
INFO: Run Behavior\BuildLiteBehavior [ RunTime:0.000023s ]
INFO: [ app_init ] --END-- [ RunTime:0.002347s ]
INFO: [ app_begin ] --START--
INFO: Run Behavior\ReadHtmlCacheBehavior [ RunTime:0.007682s ]
INFO: [ app_begin ] --END-- [ RunTime:0.007804s ]
SQL: SHOW COLUMNS FROM `visitor` [ RunTime:0.1115s ]
SQL: SELECT * FROM `visitor`  [ RunTime:0.0015s ]
INFO: [ view_parse ] --START--
INFO: [ template_filter ] --START--
INFO: Run Behavior\ContentReplaceBehavior [ RunTime:0.000158s ]
INFO: [ template_filter ] --END-- [ RunTime:0.000292s ]
INFO: Run Behavior\ParseTemplateBehavior [ RunTime:0.069033s ]
INFO: [ view_parse ] --END-- [ RunTime:0.069328s ]
INFO: [ view_filter ] --START--
INFO: Run Behavior\WriteHtmlCacheBehavior [ RunTime:0.006246s ]
INFO: [ view_filter ] --END-- [ RunTime:0.006366s ]
INFO: [ app_end ] --START--
INFO: Run Behavior\ShowPageTraceBehavior [ RunTime:0.010005s ]
INFO: [ app_end ] --END-- [ RunTime:0.010190s ]

[ 2016-12-29T08:46:06+08:00 ] 127.0.0.1 /weiju2/index.php/Admin/visitor/create
INFO: [ app_init ] --START--
INFO: Run Behavior\BuildLiteBehavior [ RunTime:0.000024s ]
INFO: [ app_init ] --END-- [ RunTime:0.002510s ]
INFO: [ app_begin ] --START--
INFO: Run Behavior\ReadHtmlCacheBehavior [ RunTime:0.002960s ]
INFO: [ app_begin ] --END-- [ RunTime:0.003054s ]
INFO: [ view_parse ] --START--
INFO: [ template_filter ] --START--
INFO: Run Behavior\ContentReplaceBehavior [ RunTime:0.000100s ]
INFO: [ template_filter ] --END-- [ RunTime:0.000201s ]
INFO: Run Behavior\ParseTemplateBehavior [ RunTime:0.030615s ]
INFO: [ view_parse ] --END-- [ RunTime:0.030714s ]
INFO: [ view_filter ] --START--
INFO: Run Behavior\WriteHtmlCacheBehavior [ RunTime:0.003119s ]
INFO: [ view_filter ] --END-- [ RunTime:0.003209s ]
INFO: [ app_end ] --START--
INFO: Run Behavior\ShowPageTraceBehavior [ RunTime:0.003061s ]
INFO: [ app_end ] --END-- [ RunTime:0.003138s ]

[ 2016-12-29T08:46:27+08:00 ] 127.0.0.1 /weiju2/index.php/Admin/visitor/store
INFO: [ app_init ] --START--
INFO: Run Behavior\BuildLiteBehavior [ RunTime:0.000021s ]
INFO: [ app_init ] --END-- [ RunTime:0.001255s ]
INFO: [ app_begin ] --START--
INFO: Run Behavior\ReadHtmlCacheBehavior [ RunTime:0.002989s ]
INFO: [ app_begin ] --END-- [ RunTime:0.003097s ]
NOTIC: [2] call_user_func() expects parameter 1 to be a valid callback, no array or string given F:\websever\soft\weiju2\ThinkPHP\Library\Think\Upload.class.php 第 170 行.
SQL: SHOW COLUMNS FROM `visitor` [ RunTime:0.0306s ]
NOTIC: [8] Undefined index: validate F:\websever\soft\weiju2\ThinkPHP\Library\Think\Model.class.php 第 1185 行.
NOTIC: [8] Undefined index: auto F:\websever\soft\weiju2\ThinkPHP\Library\Think\Model.class.php 第 1128 行.
SQL: INSERT INTO `visitor` (`name`,`password`,`number`,`thumb`) VALUES ('和客户','高好hkh','结婚后','../Public/uploads/2016-12-29/58645ce289e11.jpg') [ RunTime:0.1261s ]
INFO: [ app_end ] --START--
INFO: Run Behavior\ShowPageTraceBehavior [ RunTime:0.007444s ]
INFO: [ app_end ] --END-- [ RunTime:0.007710s ]

[ 2016-12-29T08:46:30+08:00 ] 127.0.0.1 /weiju2/index.php/Admin/visitor/index
INFO: [ app_init ] --START--
INFO: Run Behavior\BuildLiteBehavior [ RunTime:0.000022s ]
INFO: [ app_init ] --END-- [ RunTime:0.001277s ]
INFO: [ app_begin ] --START--
INFO: Run Behavior\ReadHtmlCacheBehavior [ RunTime:0.003692s ]
INFO: [ app_begin ] --END-- [ RunTime:0.003803s ]
SQL: SHOW COLUMNS FROM `visitor` [ RunTime:0.0780s ]
SQL: SELECT * FROM `visitor`  [ RunTime:0.0026s ]
INFO: [ view_parse ] --START--
INFO: [ template_filter ] --START--
INFO: Run Behavior\ContentReplaceBehavior [ RunTime:0.000145s ]
INFO: [ template_filter ] --END-- [ RunTime:0.000265s ]
INFO: Run Behavior\ParseTemplateBehavior [ RunTime:0.063655s ]
INFO: [ view_parse ] --END-- [ RunTime:0.063892s ]
INFO: [ view_filter ] --START--
INFO: Run Behavior\WriteHtmlCacheBehavior [ RunTime:0.003897s ]
INFO: [ view_filter ] --END-- [ RunTime:0.003999s ]
INFO: [ app_end ] --START--
INFO: Run Behavior\ShowPageTraceBehavior [ RunTime:0.005851s ]
INFO: [ app_end ] --END-- [ RunTime:0.006101s ]

[ 2016-12-29T08:47:05+08:00 ] 127.0.0.1 /weiju2/index.php/Admin/log/login
INFO: [ app_init ] --START--
INFO: Run Behavior\BuildLiteBehavior [ RunTime:0.000029s ]
INFO: [ app_init ] --END-- [ RunTime:0.001788s ]
INFO: [ app_begin ] --START--
INFO: Run Behavior\ReadHtmlCacheBehavior [ RunTime:0.003083s ]
INFO: [ app_begin ] --END-- [ RunTime:0.003217s ]
INFO: [ view_parse ] --START--
INFO: [ template_filter ] --START--
INFO: Run Behavior\ContentReplaceBehavior [ RunTime:0.000147s ]
INFO: [ template_filter ] --END-- [ RunTime:0.000344s ]
INFO: Run Behavior\ParseTemplateBehavior [ RunTime:0.112180s ]
INFO: [ view_parse ] --END-- [ RunTime:0.112448s ]
INFO: [ view_filter ] --START--
INFO: Run Behavior\WriteHtmlCacheBehavior [ RunTime:0.007848s ]
INFO: [ view_filter ] --END-- [ RunTime:0.008118s ]
INFO: [ app_end ] --START--
INFO: Run Behavior\ShowPageTraceBehavior [ RunTime:0.009669s ]
INFO: [ app_end ] --END-- [ RunTime:0.009894s ]

[ 2016-12-29T08:47:17+08:00 ] 127.0.0.1 /weiju2/index.php/Admin/log/login
INFO: [ app_init ] --START--
INFO: Run Behavior\BuildLiteBehavior [ RunTime:0.000024s ]
INFO: [ app_init ] --END-- [ RunTime:0.001113s ]
INFO: [ app_begin ] --START--
INFO: Run Behavior\ReadHtmlCacheBehavior [ RunTime:0.002444s ]
INFO: [ app_begin ] --END-- [ RunTime:0.002556s ]
SQL: SHOW COLUMNS FROM `admin` [ RunTime:0.0441s ]
SQL: SELECT COUNT(*) AS tp_count FROM `admin` WHERE `aname` = 'admin1' AND `password` = '123456' LIMIT 1   [ RunTime:0.0015s ]
INFO: [ app_end ] --START--
INFO: Run Behavior\ShowPageTraceBehavior [ RunTime:0.003723s ]
INFO: [ app_end ] --END-- [ RunTime:0.003849s ]

[ 2016-12-29T08:47:19+08:00 ] 127.0.0.1 /weiju2/index.php/Admin/index
INFO: [ app_init ] --START--
INFO: Run Behavior\BuildLiteBehavior [ RunTime:0.000022s ]
INFO: [ app_init ] --END-- [ RunTime:0.001115s ]
INFO: [ app_begin ] --START--
INFO: Run Behavior\ReadHtmlCacheBehavior [ RunTime:0.002022s ]
INFO: [ app_begin ] --END-- [ RunTime:0.002127s ]
INFO: [ view_parse ] --START--
INFO: [ template_filter ] --START--
INFO: Run Behavior\ContentReplaceBehavior [ RunTime:0.000150s ]
INFO: [ template_filter ] --END-- [ RunTime:0.000291s ]
INFO: Run Behavior\ParseTemplateBehavior [ RunTime:0.064154s ]
INFO: [ view_parse ] --END-- [ RunTime:0.064256s ]
INFO: [ view_filter ] --START--
INFO: Run Behavior\WriteHtmlCacheBehavior [ RunTime:0.001723s ]
INFO: [ view_filter ] --END-- [ RunTime:0.001799s ]
INFO: [ app_end ] --START--
INFO: Run Behavior\ShowPageTraceBehavior [ RunTime:0.003041s ]
INFO: [ app_end ] --END-- [ RunTime:0.003141s ]

[ 2016-12-29T08:47:29+08:00 ] 127.0.0.1 /weiju2/index.php/Admin/log/login
INFO: [ app_init ] --START--
INFO: Run Behavior\BuildLiteBehavior [ RunTime:0.000033s ]
INFO: [ app_init ] --END-- [ RunTime:0.002325s ]
INFO: [ app_begin ] --START--
INFO: Run Behavior\ReadHtmlCacheBehavior [ RunTime:0.001962s ]
INFO: [ app_begin ] --END-- [ RunTime:0.002060s ]
INFO: [ view_parse ] --START--
INFO: [ template_filter ] --START--
INFO: Run Behavior\ContentReplaceBehavior [ RunTime:0.000068s ]
INFO: [ template_filter ] --END-- [ RunTime:0.000158s ]
INFO: Run Behavior\ParseTemplateBehavior [ RunTime:0.022118s ]
INFO: [ view_parse ] --END-- [ RunTime:0.022244s ]
INFO: [ view_filter ] --START--
INFO: Run Behavior\WriteHtmlCacheBehavior [ RunTime:0.002690s ]
INFO: [ view_filter ] --END-- [ RunTime:0.002821s ]
INFO: [ app_end ] --START--
INFO: Run Behavior\ShowPageTraceBehavior [ RunTime:0.002475s ]
INFO: [ app_end ] --END-- [ RunTime:0.002606s ]

[ 2016-12-29T09:19:10+08:00 ] 127.0.0.1 /weiju2/index.php/Admin/log/login
INFO: [ app_init ] --START--
INFO: Run Behavior\BuildLiteBehavior [ RunTime:0.000022s ]
INFO: [ app_init ] --END-- [ RunTime:0.000998s ]
INFO: [ app_begin ] --START--
INFO: Run Behavior\ReadHtmlCacheBehavior [ RunTime:0.003348s ]
INFO: [ app_begin ] --END-- [ RunTime:0.003572s ]
SQL: SHOW COLUMNS FROM `admin` [ RunTime:0.0548s ]
SQL: SELECT COUNT(*) AS tp_count FROM `admin` WHERE `aname` = 'admin1' AND `password` = '123456' LIMIT 1   [ RunTime:0.0012s ]
INFO: [ app_end ] --START--
INFO: Run Behavior\ShowPageTraceBehavior [ RunTime:0.002945s ]
INFO: [ app_end ] --END-- [ RunTime:0.003110s ]

[ 2016-12-29T09:19:12+08:00 ] 127.0.0.1 /weiju2/index.php/Admin/index
INFO: [ app_init ] --START--
INFO: Run Behavior\BuildLiteBehavior [ RunTime:0.000022s ]
INFO: [ app_init ] --END-- [ RunTime:0.000731s ]
INFO: [ app_begin ] --START--
INFO: Run Behavior\ReadHtmlCacheBehavior [ RunTime:0.000941s ]
INFO: [ app_begin ] --END-- [ RunTime:0.001025s ]
INFO: [ view_parse ] --START--
INFO: [ template_filter ] --START--
INFO: Run Behavior\ContentReplaceBehavior [ RunTime:0.000101s ]
INFO: [ template_filter ] --END-- [ RunTime:0.000194s ]
INFO: Run Behavior\ParseTemplateBehavior [ RunTime:0.062204s ]
INFO: [ view_parse ] --END-- [ RunTime:0.062318s ]
INFO: [ view_filter ] --START--
INFO: Run Behavior\WriteHtmlCacheBehavior [ RunTime:0.001124s ]
INFO: [ view_filter ] --END-- [ RunTime:0.001197s ]
INFO: [ app_end ] --START--
INFO: Run Behavior\ShowPageTraceBehavior [ RunTime:0.001393s ]
INFO: [ app_end ] --END-- [ RunTime:0.001515s ]

[ 2016-12-29T09:19:19+08:00 ] 127.0.0.1 /weiju2/index.php/Admin/visitor/index
INFO: [ app_init ] --START--
INFO: Run Behavior\BuildLiteBehavior [ RunTime:0.000031s ]
INFO: [ app_init ] --END-- [ RunTime:0.001596s ]
INFO: [ app_begin ] --START--
INFO: Run Behavior\ReadHtmlCacheBehavior [ RunTime:0.001286s ]
INFO: [ app_begin ] --END-- [ RunTime:0.001410s ]
SQL: SHOW COLUMNS FROM `visitor` [ RunTime:0.0341s ]
SQL: SELECT * FROM `visitor`  [ RunTime:0.0013s ]
INFO: [ view_parse ] --START--
INFO: [ template_filter ] --START--
INFO: Run Behavior\ContentReplaceBehavior [ RunTime:0.000230s ]
INFO: [ template_filter ] --END-- [ RunTime:0.000419s ]
INFO: Run Behavior\ParseTemplateBehavior [ RunTime:0.077182s ]
INFO: [ view_parse ] --END-- [ RunTime:0.077352s ]
INFO: [ view_filter ] --START--
INFO: Run Behavior\WriteHtmlCacheBehavior [ RunTime:0.000821s ]
INFO: [ view_filter ] --END-- [ RunTime:0.000919s ]
INFO: [ app_end ] --START--
INFO: Run Behavior\ShowPageTraceBehavior [ RunTime:0.001420s ]
INFO: [ app_end ] --END-- [ RunTime:0.001538s ]

[ 2016-12-29T09:19:25+08:00 ] 127.0.0.1 /weiju2/index.php/Admin/visitor/edit/uid/3
INFO: [ app_init ] --START--
INFO: Run Behavior\BuildLiteBehavior [ RunTime:0.000021s ]
INFO: [ app_init ] --END-- [ RunTime:0.000725s ]
INFO: [ app_begin ] --START--
INFO: Run Behavior\ReadHtmlCacheBehavior [ RunTime:0.000902s ]
INFO: [ app_begin ] --END-- [ RunTime:0.000984s ]
SQL: SHOW COLUMNS FROM `visitor` [ RunTime:0.1256s ]
SQL: SELECT * FROM `visitor` WHERE ( uid=3 ) LIMIT 1   [ RunTime:0.1076s ]
INFO: [ view_parse ] --START--
INFO: [ template_filter ] --START--
INFO: Run Behavior\ContentReplaceBehavior [ RunTime:0.000220s ]
INFO: [ template_filter ] --END-- [ RunTime:0.000407s ]
INFO: Run Behavior\ParseTemplateBehavior [ RunTime:0.084357s ]
INFO: [ view_parse ] --END-- [ RunTime:0.084637s ]
INFO: [ view_filter ] --START--
INFO: Run Behavior\WriteHtmlCacheBehavior [ RunTime:0.001974s ]
INFO: [ view_filter ] --END-- [ RunTime:0.002213s ]
INFO: [ app_end ] --START--
INFO: Run Behavior\ShowPageTraceBehavior [ RunTime:0.003274s ]
INFO: [ app_end ] --END-- [ RunTime:0.003555s ]

[ 2016-12-29T09:19:33+08:00 ] 127.0.0.1 /weiju2/index.php/Admin/visitor/update
INFO: [ app_init ] --START--
INFO: Run Behavior\BuildLiteBehavior [ RunTime:0.000022s ]
INFO: [ app_init ] --END-- [ RunTime:0.000761s ]
INFO: [ app_begin ] --START--
INFO: Run Behavior\ReadHtmlCacheBehavior [ RunTime:0.000909s ]
INFO: [ app_begin ] --END-- [ RunTime:0.000995s ]
NOTIC: [2] call_user_func() expects parameter 1 to be a valid callback, no array or string given F:\websever\soft\weiju2\ThinkPHP\Library\Think\Upload.class.php 第 170 行.
SQL: SHOW COLUMNS FROM `visitor` [ RunTime:0.0404s ]
SQL: UPDATE `visitor` SET `name`='和客户',`uid`='3',`password`='高好hkh',`number`='结婚后',`thumb`='../Public/uploads/2016-12-29/586464a440bf4.jpg' WHERE ( uid=3 ) [ RunTime:0.0999s ]
INFO: [ app_end ] --START--
INFO: Run Behavior\ShowPageTraceBehavior [ RunTime:0.008544s ]
INFO: [ app_end ] --END-- [ RunTime:0.008759s ]

[ 2016-12-29T09:19:36+08:00 ] 127.0.0.1 /weiju2/index.php/Admin/visitor/index
INFO: [ app_init ] --START--
INFO: Run Behavior\BuildLiteBehavior [ RunTime:0.000021s ]
INFO: [ app_init ] --END-- [ RunTime:0.000983s ]
INFO: [ app_begin ] --START--
INFO: Run Behavior\ReadHtmlCacheBehavior [ RunTime:0.003080s ]
INFO: [ app_begin ] --END-- [ RunTime:0.003188s ]
SQL: SHOW COLUMNS FROM `visitor` [ RunTime:0.0500s ]
SQL: SELECT * FROM `visitor`  [ RunTime:0.0014s ]
INFO: [ view_parse ] --START--
INFO: [ template_filter ] --START--
INFO: Run Behavior\ContentReplaceBehavior [ RunTime:0.000114s ]
INFO: [ template_filter ] --END-- [ RunTime:0.000206s ]
INFO: Run Behavior\ParseTemplateBehavior [ RunTime:0.032367s ]
INFO: [ view_parse ] --END-- [ RunTime:0.032497s ]
INFO: [ view_filter ] --START--
INFO: Run Behavior\WriteHtmlCacheBehavior [ RunTime:0.002795s ]
INFO: [ view_filter ] --END-- [ RunTime:0.002871s ]
INFO: [ app_end ] --START--
INFO: Run Behavior\ShowPageTraceBehavior [ RunTime:0.003188s ]
INFO: [ app_end ] --END-- [ RunTime:0.003281s ]

[ 2016-12-29T09:19:38+08:00 ] 127.0.0.1 /weiju2/index.php/Admin/visitor/create
INFO: [ app_init ] --START--
INFO: Run Behavior\BuildLiteBehavior [ RunTime:0.000033s ]
INFO: [ app_init ] --END-- [ RunTime:0.001805s ]
INFO: [ app_begin ] --START--
INFO: Run Behavior\ReadHtmlCacheBehavior [ RunTime:0.005990s ]
INFO: [ app_begin ] --END-- [ RunTime:0.006148s ]
INFO: [ view_parse ] --START--
INFO: [ template_filter ] --START--
INFO: Run Behavior\ContentReplaceBehavior [ RunTime:0.000129s ]
INFO: [ template_filter ] --END-- [ RunTime:0.000253s ]
INFO: Run Behavior\ParseTemplateBehavior [ RunTime:0.071378s ]
INFO: [ view_parse ] --END-- [ RunTime:0.071522s ]
INFO: [ view_filter ] --START--
INFO: Run Behavior\WriteHtmlCacheBehavior [ RunTime:0.002971s ]
INFO: [ view_filter ] --END-- [ RunTime:0.003090s ]
INFO: [ app_end ] --START--
INFO: Run Behavior\ShowPageTraceBehavior [ RunTime:0.003165s ]
INFO: [ app_end ] --END-- [ RunTime:0.003241s ]

[ 2016-12-29T09:19:56+08:00 ] 127.0.0.1 /weiju2/index.php/Admin/visitor/store
INFO: [ app_init ] --START--
INFO: Run Behavior\BuildLiteBehavior [ RunTime:0.000024s ]
INFO: [ app_init ] --END-- [ RunTime:0.001119s ]
INFO: [ app_begin ] --START--
INFO: Run Behavior\ReadHtmlCacheBehavior [ RunTime:0.003048s ]
INFO: [ app_begin ] --END-- [ RunTime:0.003152s ]
NOTIC: [2] call_user_func() expects parameter 1 to be a valid callback, no array or string given F:\websever\soft\weiju2\ThinkPHP\Library\Think\Upload.class.php 第 170 行.
SQL: SHOW COLUMNS FROM `visitor` [ RunTime:0.0226s ]
NOTIC: [8] Undefined index: validate F:\websever\soft\weiju2\ThinkPHP\Library\Think\Model.class.php 第 1185 行.
NOTIC: [8] Undefined index: auto F:\websever\soft\weiju2\ThinkPHP\Library\Think\Model.class.php 第 1128 行.
SQL: INSERT INTO `visitor` (`name`,`password`,`number`,`thumb`) VALUES ('是否','sdf','jkl','../Public/uploads/2016-12-29/586464bb0d5c5.jpg') [ RunTime:0.0994s ]
INFO: [ app_end ] --START--
INFO: Run Behavior\ShowPageTraceBehavior [ RunTime:0.003427s ]
INFO: [ app_end ] --END-- [ RunTime:0.003517s ]

[ 2016-12-29T09:19:57+08:00 ] 127.0.0.1 /weiju2/index.php/Admin/visitor/store
INFO: [ app_init ] --START--
INFO: Run Behavior\BuildLiteBehavior [ RunTime:0.000021s ]
INFO: [ app_init ] --END-- [ RunTime:0.001002s ]
INFO: [ app_begin ] --START--
INFO: Run Behavior\ReadHtmlCacheBehavior [ RunTime:0.001669s ]
INFO: [ app_begin ] --END-- [ RunTime:0.001758s ]
NOTIC: [2] call_user_func() expects parameter 1 to be a valid callback, no array or string given F:\websever\soft\weiju2\ThinkPHP\Library\Think\Upload.class.php 第 170 行.
SQL: SHOW COLUMNS FROM `visitor` [ RunTime:0.0324s ]
NOTIC: [8] Undefined index: validate F:\websever\soft\weiju2\ThinkPHP\Library\Think\Model.class.php 第 1185 行.
NOTIC: [8] Undefined index: auto F:\websever\soft\weiju2\ThinkPHP\Library\Think\Model.class.php 第 1128 行.
SQL: INSERT INTO `visitor` (`name`,`password`,`number`,`thumb`) VALUES ('是否','sdf','jkl','../Public/uploads/2016-12-29/586464bc46e99.jpg') [ RunTime:0.0976s ]
INFO: [ app_end ] --START--
INFO: Run Behavior\ShowPageTraceBehavior [ RunTime:0.007231s ]
INFO: [ app_end ] --END-- [ RunTime:0.007424s ]

[ 2016-12-29T09:20:00+08:00 ] 127.0.0.1 /weiju2/index.php/Admin/visitor/index
INFO: [ app_init ] --START--
INFO: Run Behavior\BuildLiteBehavior [ RunTime:0.000022s ]
INFO: [ app_init ] --END-- [ RunTime:0.001077s ]
INFO: [ app_begin ] --START--
INFO: Run Behavior\ReadHtmlCacheBehavior [ RunTime:0.003242s ]
INFO: [ app_begin ] --END-- [ RunTime:0.003360s ]
SQL: SHOW COLUMNS FROM `visitor` [ RunTime:0.0734s ]
SQL: SELECT * FROM `visitor`  [ RunTime:0.0030s ]
INFO: [ view_parse ] --START--
INFO: [ template_filter ] --START--
INFO: Run Behavior\ContentReplaceBehavior [ RunTime:0.000262s ]
INFO: [ template_filter ] --END-- [ RunTime:0.000491s ]
INFO: Run Behavior\ParseTemplateBehavior [ RunTime:0.074347s ]
INFO: [ view_parse ] --END-- [ RunTime:0.074903s ]
INFO: [ view_filter ] --START--
INFO: Run Behavior\WriteHtmlCacheBehavior [ RunTime:0.008217s ]
INFO: [ view_filter ] --END-- [ RunTime:0.008449s ]
INFO: [ app_end ] --START--
INFO: Run Behavior\ShowPageTraceBehavior [ RunTime:0.011343s ]
INFO: [ app_end ] --END-- [ RunTime:0.011556s ]

[ 2016-12-29T09:20:06+08:00 ] 127.0.0.1 /weiju2/index.php/Admin/guide/index
INFO: [ app_init ] --START--
INFO: Run Behavior\BuildLiteBehavior [ RunTime:0.000032s ]
INFO: [ app_init ] --END-- [ RunTime:0.001711s ]
INFO: [ app_begin ] --START--
INFO: Run Behavior\ReadHtmlCacheBehavior [ RunTime:0.004752s ]
INFO: [ app_begin ] --END-- [ RunTime:0.004890s ]
SQL: SHOW COLUMNS FROM `guide` [ RunTime:0.0560s ]
SQL: SELECT * FROM `guide`  [ RunTime:0.0022s ]
INFO: [ view_parse ] --START--
INFO: [ template_filter ] --START--
INFO: Run Behavior\ContentReplaceBehavior [ RunTime:0.000243s ]
INFO: [ template_filter ] --END-- [ RunTime:0.000441s ]
INFO: Run Behavior\ParseTemplateBehavior [ RunTime:0.108503s ]
INFO: [ view_parse ] --END-- [ RunTime:0.109091s ]
INFO: [ view_filter ] --START--
INFO: Run Behavior\WriteHtmlCacheBehavior [ RunTime:0.008156s ]
INFO: [ view_filter ] --END-- [ RunTime:0.008373s ]
INFO: [ app_end ] --START--
INFO: Run Behavior\ShowPageTraceBehavior [ RunTime:0.010160s ]
INFO: [ app_end ] --END-- [ RunTime:0.010430s ]

[ 2016-12-29T09:20:24+08:00 ] 127.0.0.1 /weiju2/index.php/Admin/sight/index
INFO: [ app_init ] --START--
INFO: Run Behavior\BuildLiteBehavior [ RunTime:0.000033s ]
INFO: [ app_init ] --END-- [ RunTime:0.001842s ]
INFO: [ app_begin ] --START--
INFO: Run Behavior\ReadHtmlCacheBehavior [ RunTime:0.004110s ]
INFO: [ app_begin ] --END-- [ RunTime:0.004277s ]
SQL: SHOW COLUMNS FROM `sight` [ RunTime:0.0659s ]
SQL: SELECT COUNT(*) AS tp_count FROM `sight` LIMIT 1   [ RunTime:0.0011s ]
SQL: SELECT * FROM `sight` LIMIT 0,10   [ RunTime:0.0016s ]
INFO: [ view_parse ] --START--
INFO: [ template_filter ] --START--
INFO: Run Behavior\ContentReplaceBehavior [ RunTime:0.000147s ]
INFO: [ template_filter ] --END-- [ RunTime:0.000265s ]
INFO: Run Behavior\ParseTemplateBehavior [ RunTime:0.075634s ]
INFO: [ view_parse ] --END-- [ RunTime:0.075772s ]
INFO: [ view_filter ] --START--
INFO: Run Behavior\WriteHtmlCacheBehavior [ RunTime:0.003773s ]
INFO: [ view_filter ] --END-- [ RunTime:0.003876s ]
INFO: [ app_end ] --START--
INFO: Run Behavior\ShowPageTraceBehavior [ RunTime:0.006684s ]
INFO: [ app_end ] --END-- [ RunTime:0.006874s ]

[ 2016-12-29T09:20:33+08:00 ] 127.0.0.1 /weiju2/index.php/Admin/hotel/index
INFO: [ app_init ] --START--
INFO: Run Behavior\BuildLiteBehavior [ RunTime:0.000025s ]
INFO: [ app_init ] --END-- [ RunTime:0.001436s ]
INFO: [ app_begin ] --START--
INFO: Run Behavior\ReadHtmlCacheBehavior [ RunTime:0.003802s ]
INFO: [ app_begin ] --END-- [ RunTime:0.003918s ]
SQL: SHOW COLUMNS FROM `hotel` [ RunTime:0.1028s ]
SQL: SELECT * FROM `hotel`  [ RunTime:0.0020s ]
INFO: [ view_parse ] --START--
INFO: [ template_filter ] --START--
INFO: Run Behavior\ContentReplaceBehavior [ RunTime:0.000149s ]
INFO: [ template_filter ] --END-- [ RunTime:0.000277s ]
INFO: Run Behavior\ParseTemplateBehavior [ RunTime:0.083681s ]
INFO: [ view_parse ] --END-- [ RunTime:0.083915s ]
INFO: [ view_filter ] --START--
INFO: Run Behavior\WriteHtmlCacheBehavior [ RunTime:0.003668s ]
INFO: [ view_filter ] --END-- [ RunTime:0.003769s ]
INFO: [ app_end ] --START--
INFO: Run Behavior\ShowPageTraceBehavior [ RunTime:0.008349s ]
INFO: [ app_end ] --END-- [ RunTime:0.008576s ]

[ 2016-12-29T09:20:38+08:00 ] 127.0.0.1 /weiju2/index.php/Admin/strategy/index
INFO: [ app_init ] --START--
INFO: Run Behavior\BuildLiteBehavior [ RunTime:0.000024s ]
INFO: [ app_init ] --END-- [ RunTime:0.001082s ]
INFO: [ app_begin ] --START--
INFO: Run Behavior\ReadHtmlCacheBehavior [ RunTime:0.004801s ]
INFO: [ app_begin ] --END-- [ RunTime:0.004942s ]
SQL: SHOW COLUMNS FROM `strategy` [ RunTime:0.0518s ]
SQL: SELECT * FROM `strategy`  [ RunTime:0.0020s ]
INFO: [ view_parse ] --START--
INFO: [ template_filter ] --START--
INFO: Run Behavior\ContentReplaceBehavior [ RunTime:0.000155s ]
INFO: [ template_filter ] --END-- [ RunTime:0.000298s ]
INFO: Run Behavior\ParseTemplateBehavior [ RunTime:0.048212s ]
INFO: [ view_parse ] --END-- [ RunTime:0.048397s ]
INFO: [ view_filter ] --START--
INFO: Run Behavior\WriteHtmlCacheBehavior [ RunTime:0.004116s ]
INFO: [ view_filter ] --END-- [ RunTime:0.004202s ]
INFO: [ app_end ] --START--
INFO: Run Behavior\ShowPageTraceBehavior [ RunTime:0.003680s ]
INFO: [ app_end ] --END-- [ RunTime:0.003813s ]

