[ 2017-05-11T13:58:48+08:00 ] 127.0.0.1 /weiju2/index.php/admin
INFO: [ app_init ] --START--
INFO: Run Behavior\BuildLiteBehavior [ RunTime:0.000030s ]
INFO: [ app_init ] --END-- [ RunTime:0.000778s ]
INFO: [ app_begin ] --START--
INFO: Run Behavior\ReadHtmlCacheBehavior [ RunTime:0.000696s ]
INFO: [ app_begin ] --END-- [ RunTime:0.000791s ]
INFO: [ view_parse ] --START--
INFO: [ template_filter ] --START--
INFO: Run Behavior\ContentReplaceBehavior [ RunTime:0.000098s ]
INFO: [ template_filter ] --END-- [ RunTime:0.000187s ]
INFO: Run Behavior\ParseTemplateBehavior [ RunTime:0.027611s ]
INFO: [ view_parse ] --END-- [ RunTime:0.027718s ]
INFO: [ view_filter ] --START--
INFO: Run Behavior\WriteHtmlCacheBehavior [ RunTime:0.000326s ]
INFO: [ view_filter ] --END-- [ RunTime:0.000392s ]
INFO: [ app_end ] --START--
INFO: Run Behavior\ShowPageTraceBehavior [ RunTime:0.000741s ]
INFO: [ app_end ] --END-- [ RunTime:0.000823s ]

[ 2017-05-11T13:58:55+08:00 ] 127.0.0.1 /weiju2/index.php/Admin/visitor/create
INFO: [ app_init ] --START--
INFO: Run Behavior\BuildLiteBehavior [ RunTime:0.000021s ]
INFO: [ app_init ] --END-- [ RunTime:0.000546s ]
INFO: [ app_begin ] --START--
INFO: Run Behavior\ReadHtmlCacheBehavior [ RunTime:0.000797s ]
INFO: [ app_begin ] --END-- [ RunTime:0.000881s ]
INFO: [ view_parse ] --START--
INFO: [ template_filter ] --START--
INFO: Run Behavior\ContentReplaceBehavior [ RunTime:0.000097s ]
INFO: [ template_filter ] --END-- [ RunTime:0.000190s ]
INFO: Run Behavior\ParseTemplateBehavior [ RunTime:0.034328s ]
INFO: [ view_parse ] --END-- [ RunTime:0.034438s ]
INFO: [ view_filter ] --START--
INFO: Run Behavior\WriteHtmlCacheBehavior [ RunTime:0.000775s ]
INFO: [ view_filter ] --END-- [ RunTime:0.000877s ]
INFO: [ app_end ] --START--
INFO: Run Behavior\ShowPageTraceBehavior [ RunTime:0.001285s ]
INFO: [ app_end ] --END-- [ RunTime:0.001410s ]

[ 2017-05-11T13:59:03+08:00 ] 127.0.0.1 /weiju2/index.php/Admin/index/index
INFO: [ app_init ] --START--
INFO: Run Behavior\BuildLiteBehavior [ RunTime:0.000032s ]
INFO: [ app_init ] --END-- [ RunTime:0.001182s ]
INFO: [ app_begin ] --START--
INFO: Run Behavior\ReadHtmlCacheBehavior [ RunTime:0.000668s ]
INFO: [ app_begin ] --END-- [ RunTime:0.000750s ]
INFO: [ view_parse ] --START--
INFO: [ template_filter ] --START--
INFO: Run Behavior\ContentReplaceBehavior [ RunTime:0.000096s ]
INFO: [ template_filter ] --END-- [ RunTime:0.000179s ]
INFO: Run Behavior\ParseTemplateBehavior [ RunTime:0.012268s ]
INFO: [ view_parse ] --END-- [ RunTime:0.012349s ]
INFO: [ view_filter ] --START--
INFO: Run Behavior\WriteHtmlCacheBehavior [ RunTime:0.000334s ]
INFO: [ view_filter ] --END-- [ RunTime:0.000400s ]
INFO: [ app_end ] --START--
INFO: Run Behavior\ShowPageTraceBehavior [ RunTime:0.000987s ]
INFO: [ app_end ] --END-- [ RunTime:0.001104s ]

[ 2017-05-11T14:25:59+08:00 ] 127.0.0.1 /liangzhuang/index.php/admin
INFO: [ app_init ] --START--
INFO: Run Behavior\BuildLiteBehavior [ RunTime:0.000031s ]
INFO: [ app_init ] --END-- [ RunTime:0.000821s ]
INFO: [ app_begin ] --START--
INFO: Run Behavior\ReadHtmlCacheBehavior [ RunTime:0.001654s ]
INFO: [ app_begin ] --END-- [ RunTime:0.001815s ]
INFO: [ view_parse ] --START--
INFO: [ template_filter ] --START--
INFO: Run Behavior\ContentReplaceBehavior [ RunTime:0.000275s ]
INFO: [ template_filter ] --END-- [ RunTime:0.000644s ]
INFO: Run Behavior\ParseTemplateBehavior [ RunTime:0.032297s ]
INFO: [ view_parse ] --END-- [ RunTime:0.032408s ]
INFO: [ view_filter ] --START--
INFO: Run Behavior\WriteHtmlCacheBehavior [ RunTime:0.000771s ]
INFO: [ view_filter ] --END-- [ RunTime:0.000849s ]
INFO: [ app_end ] --START--
INFO: Run Behavior\ShowPageTraceBehavior [ RunTime:0.001137s ]
INFO: [ app_end ] --END-- [ RunTime:0.001219s ]

[ 2017-05-11T14:26:54+08:00 ] 127.0.0.1 /liangzhuang/index.php/admin
INFO: [ app_init ] --START--
INFO: Run Behavior\BuildLiteBehavior [ RunTime:0.000020s ]
INFO: [ app_init ] --END-- [ RunTime:0.000527s ]
INFO: [ app_begin ] --START--
INFO: Run Behavior\ReadHtmlCacheBehavior [ RunTime:0.000978s ]
INFO: [ app_begin ] --END-- [ RunTime:0.001062s ]
INFO: [ view_parse ] --START--
INFO: [ template_filter ] --START--
INFO: Run Behavior\ContentReplaceBehavior [ RunTime:0.000092s ]
INFO: [ template_filter ] --END-- [ RunTime:0.000191s ]
INFO: Run Behavior\ParseTemplateBehavior [ RunTime:0.013927s ]
INFO: [ view_parse ] --END-- [ RunTime:0.014016s ]
INFO: [ view_filter ] --START--
INFO: Run Behavior\WriteHtmlCacheBehavior [ RunTime:0.000634s ]
INFO: [ view_filter ] --END-- [ RunTime:0.000703s ]
INFO: [ app_end ] --START--
INFO: Run Behavior\ShowPageTraceBehavior [ RunTime:0.001016s ]
INFO: [ app_end ] --END-- [ RunTime:0.001090s ]

[ 2017-05-11T14:44:43+08:00 ] 127.0.0.1 /liangzhuang/index.php/admin
INFO: [ app_init ] --START--
INFO: Run Behavior\BuildLiteBehavior [ RunTime:0.000020s ]
INFO: [ app_init ] --END-- [ RunTime:0.000531s ]
INFO: [ app_begin ] --START--
INFO: Run Behavior\ReadHtmlCacheBehavior [ RunTime:0.000971s ]
INFO: [ app_begin ] --END-- [ RunTime:0.001065s ]
INFO: [ view_parse ] --START--
INFO: [ template_filter ] --START--
INFO: Run Behavior\ContentReplaceBehavior [ RunTime:0.000137s ]
INFO: [ template_filter ] --END-- [ RunTime:0.000280s ]
INFO: Run Behavior\ParseTemplateBehavior [ RunTime:0.014671s ]
INFO: [ view_parse ] --END-- [ RunTime:0.014765s ]
INFO: [ view_filter ] --START--
INFO: Run Behavior\WriteHtmlCacheBehavior [ RunTime:0.000662s ]
INFO: [ view_filter ] --END-- [ RunTime:0.000732s ]
INFO: [ app_end ] --START--
INFO: Run Behavior\ShowPageTraceBehavior [ RunTime:0.001010s ]
INFO: [ app_end ] --END-- [ RunTime:0.001084s ]

[ 2017-05-11T14:44:48+08:00 ] 127.0.0.1 /liangzhuang/index.php/Admin/zc/index
INFO: [ app_init ] --START--
INFO: Run Behavior\BuildLiteBehavior [ RunTime:0.000036s ]
INFO: [ app_init ] --END-- [ RunTime:0.002464s ]
INFO: [ app_begin ] --START--
INFO: Run Behavior\ReadHtmlCacheBehavior [ RunTime:0.001006s ]
INFO: [ app_begin ] --END-- [ RunTime:0.001099s ]
SQL: SHOW COLUMNS FROM `zc` [ RunTime:0.0086s ]
SQL: SELECT * FROM `zc`  [ RunTime:0.0008s ]
INFO: [ view_parse ] --START--
INFO: [ template_filter ] --START--
INFO: Run Behavior\ContentReplaceBehavior [ RunTime:0.000110s ]
INFO: [ template_filter ] --END-- [ RunTime:0.000199s ]
NOTIC: [8] Undefined variable: strategy F:\websever\soft\liangzhuang\Application\Runtime\Cache\Admin\2a51ff2f08e7fe14f6e39064b4de8ae9.php Á¨¨ 142 Ë°å.
INFO: Run Behavior\ParseTemplateBehavior [ RunTime:0.049951s ]
INFO: [ view_parse ] --END-- [ RunTime:0.050035s ]
INFO: [ view_filter ] --START--
INFO: Run Behavior\WriteHtmlCacheBehavior [ RunTime:0.000653s ]
INFO: [ view_filter ] --END-- [ RunTime:0.000724s ]
INFO: [ app_end ] --START--
INFO: Run Behavior\ShowPageTraceBehavior [ RunTime:0.001057s ]
INFO: [ app_end ] --END-- [ RunTime:0.001130s ]

[ 2017-05-11T14:44:53+08:00 ] 127.0.0.1 /liangzhuang/index.php/Admin/zc/create
INFO: [ app_init ] --START--
INFO: Run Behavior\BuildLiteBehavior [ RunTime:0.000025s ]
INFO: [ app_init ] --END-- [ RunTime:0.000578s ]
INFO: [ app_begin ] --START--
INFO: Run Behavior\ReadHtmlCacheBehavior [ RunTime:0.001044s ]
INFO: [ app_begin ] --END-- [ RunTime:0.001147s ]
ERR: Ê®°Êùø‰∏çÂ≠òÂú®:./Application/Admin/View/Zc/create.html

[ 2017-05-11T14:45:14+08:00 ] 127.0.0.1 /liangzhuang/index.php/Admin/zc/index
INFO: [ app_init ] --START--
INFO: Run Behavior\BuildLiteBehavior [ RunTime:0.000022s ]
INFO: [ app_init ] --END-- [ RunTime:0.000549s ]
INFO: [ app_begin ] --START--
INFO: Run Behavior\ReadHtmlCacheBehavior [ RunTime:0.000996s ]
INFO: [ app_begin ] --END-- [ RunTime:0.001095s ]
SQL: SHOW COLUMNS FROM `zc` [ RunTime:0.0166s ]
SQL: SELECT * FROM `zc`  [ RunTime:0.0017s ]
INFO: [ view_parse ] --START--
INFO: [ template_filter ] --START--
INFO: Run Behavior\ContentReplaceBehavior [ RunTime:0.000150s ]
INFO: [ template_filter ] --END-- [ RunTime:0.000273s ]
NOTIC: [8] Undefined variable: strategy F:\websever\soft\liangzhuang\Application\Runtime\Cache\Admin\2a51ff2f08e7fe14f6e39064b4de8ae9.php Á¨¨ 142 Ë°å.
INFO: Run Behavior\ParseTemplateBehavior [ RunTime:0.026467s ]
INFO: [ view_parse ] --END-- [ RunTime:0.026586s ]
INFO: [ view_filter ] --START--
INFO: Run Behavior\WriteHtmlCacheBehavior [ RunTime:0.000898s ]
INFO: [ view_filter ] --END-- [ RunTime:0.000998s ]
INFO: [ app_end ] --START--
INFO: Run Behavior\ShowPageTraceBehavior [ RunTime:0.001203s ]
INFO: [ app_end ] --END-- [ RunTime:0.001287s ]

[ 2017-05-11T14:45:17+08:00 ] 127.0.0.1 /liangzhuang/index.php/Admin/zc/index
INFO: [ app_init ] --START--
INFO: Run Behavior\BuildLiteBehavior [ RunTime:0.000020s ]
INFO: [ app_init ] --END-- [ RunTime:0.000519s ]
INFO: [ app_begin ] --START--
INFO: Run Behavior\ReadHtmlCacheBehavior [ RunTime:0.000892s ]
INFO: [ app_begin ] --END-- [ RunTime:0.000974s ]
SQL: SHOW COLUMNS FROM `zc` [ RunTime:0.0075s ]
SQL: SELECT * FROM `zc`  [ RunTime:0.0007s ]
INFO: [ view_parse ] --START--
INFO: [ template_filter ] --START--
INFO: Run Behavior\ContentReplaceBehavior [ RunTime:0.000112s ]
INFO: [ template_filter ] --END-- [ RunTime:0.000207s ]
NOTIC: [8] Undefined variable: strategy F:\websever\soft\liangzhuang\Application\Runtime\Cache\Admin\2a51ff2f08e7fe14f6e39064b4de8ae9.php Á¨¨ 142 Ë°å.
INFO: Run Behavior\ParseTemplateBehavior [ RunTime:0.019764s ]
INFO: [ view_parse ] --END-- [ RunTime:0.019852s ]
INFO: [ view_filter ] --START--
INFO: Run Behavior\WriteHtmlCacheBehavior [ RunTime:0.000637s ]
INFO: [ view_filter ] --END-- [ RunTime:0.000710s ]
INFO: [ app_end ] --START--
INFO: Run Behavior\ShowPageTraceBehavior [ RunTime:0.000924s ]
INFO: [ app_end ] --END-- [ RunTime:0.000996s ]

[ 2017-05-11T14:45:32+08:00 ] 127.0.0.1 /liangzhuang/index.php/Admin/zc/index
INFO: [ app_init ] --START--
INFO: Run Behavior\BuildLiteBehavior [ RunTime:0.000020s ]
INFO: [ app_init ] --END-- [ RunTime:0.000524s ]
INFO: [ app_begin ] --START--
INFO: Run Behavior\ReadHtmlCacheBehavior [ RunTime:0.000880s ]
INFO: [ app_begin ] --END-- [ RunTime:0.000963s ]
SQL: SHOW COLUMNS FROM `zc` [ RunTime:0.0169s ]
SQL: SELECT * FROM `zc`  [ RunTime:0.0017s ]
INFO: [ view_parse ] --START--
INFO: [ template_filter ] --START--
INFO: Run Behavior\ContentReplaceBehavior [ RunTime:0.000230s ]
INFO: [ template_filter ] --END-- [ RunTime:0.000412s ]
NOTIC: [8] Undefined variable: strategy F:\websever\soft\liangzhuang\Application\Runtime\Cache\Admin\2a51ff2f08e7fe14f6e39064b4de8ae9.php Á¨¨ 142 Ë°å.
INFO: Run Behavior\ParseTemplateBehavior [ RunTime:0.029155s ]
INFO: [ view_parse ] --END-- [ RunTime:0.029328s ]
INFO: [ view_filter ] --START--
INFO: Run Behavior\WriteHtmlCacheBehavior [ RunTime:0.000696s ]
INFO: [ view_filter ] --END-- [ RunTime:0.000786s ]
INFO: [ app_end ] --START--
INFO: Run Behavior\ShowPageTraceBehavior [ RunTime:0.001186s ]
INFO: [ app_end ] --END-- [ RunTime:0.001281s ]

[ 2017-05-11T14:45:34+08:00 ] 127.0.0.1 /liangzhuang/index.php/Admin/zc/index
INFO: [ app_init ] --START--
INFO: Run Behavior\BuildLiteBehavior [ RunTime:0.000021s ]
INFO: [ app_init ] --END-- [ RunTime:0.000563s ]
INFO: [ app_begin ] --START--
INFO: Run Behavior\ReadHtmlCacheBehavior [ RunTime:0.001365s ]
INFO: [ app_begin ] --END-- [ RunTime:0.001487s ]
SQL: SHOW COLUMNS FROM `zc` [ RunTime:0.0075s ]
SQL: SELECT * FROM `zc`  [ RunTime:0.0009s ]
INFO: [ view_parse ] --START--
INFO: [ template_filter ] --START--
INFO: Run Behavior\ContentReplaceBehavior [ RunTime:0.000146s ]
INFO: [ template_filter ] --END-- [ RunTime:0.000255s ]
NOTIC: [8] Undefined variable: strategy F:\websever\soft\liangzhuang\Application\Runtime\Cache\Admin\2a51ff2f08e7fe14f6e39064b4de8ae9.php Á¨¨ 142 Ë°å.
INFO: Run Behavior\ParseTemplateBehavior [ RunTime:0.018286s ]
INFO: [ view_parse ] --END-- [ RunTime:0.018377s ]
INFO: [ view_filter ] --START--
INFO: Run Behavior\WriteHtmlCacheBehavior [ RunTime:0.000534s ]
INFO: [ view_filter ] --END-- [ RunTime:0.000604s ]
INFO: [ app_end ] --START--
INFO: Run Behavior\ShowPageTraceBehavior [ RunTime:0.000909s ]
INFO: [ app_end ] --END-- [ RunTime:0.000996s ]

[ 2017-05-11T14:49:44+08:00 ] 127.0.0.1 /liangzhuang/index.php/Admin/zc/index
INFO: [ app_init ] --START--
INFO: Run Behavior\BuildLiteBehavior [ RunTime:0.000022s ]
INFO: [ app_init ] --END-- [ RunTime:0.000558s ]
INFO: [ app_begin ] --START--
INFO: Run Behavior\ReadHtmlCacheBehavior [ RunTime:0.000882s ]
INFO: [ app_begin ] --END-- [ RunTime:0.000965s ]
SQL: SHOW COLUMNS FROM `zc` [ RunTime:0.0178s ]
SQL: SELECT * FROM `zc`  [ RunTime:0.0018s ]
INFO: [ view_parse ] --START--
INFO: [ template_filter ] --START--
INFO: Run Behavior\ContentReplaceBehavior [ RunTime:0.000125s ]
INFO: [ template_filter ] --END-- [ RunTime:0.000224s ]
NOTIC: [8] Undefined variable: strategy F:\websever\soft\liangzhuang\Application\Runtime\Cache\Admin\2a51ff2f08e7fe14f6e39064b4de8ae9.php Á¨¨ 142 Ë°å.
INFO: Run Behavior\ParseTemplateBehavior [ RunTime:0.029031s ]
INFO: [ view_parse ] --END-- [ RunTime:0.029165s ]
INFO: [ view_filter ] --START--
INFO: Run Behavior\WriteHtmlCacheBehavior [ RunTime:0.000862s ]
INFO: [ view_filter ] --END-- [ RunTime:0.000974s ]
INFO: [ app_end ] --START--
INFO: Run Behavior\ShowPageTraceBehavior [ RunTime:0.001435s ]
INFO: [ app_end ] --END-- [ RunTime:0.001549s ]

[ 2017-05-11T14:51:29+08:00 ] 127.0.0.1 /liangzhuang/index.php/admin
INFO: [ app_init ] --START--
INFO: Run Behavior\BuildLiteBehavior [ RunTime:0.000023s ]
INFO: [ app_init ] --END-- [ RunTime:0.000628s ]
INFO: [ app_begin ] --START--
INFO: Run Behavior\ReadHtmlCacheBehavior [ RunTime:0.000838s ]
INFO: [ app_begin ] --END-- [ RunTime:0.000930s ]
INFO: [ view_parse ] --START--
INFO: [ template_filter ] --START--
INFO: Run Behavior\ContentReplaceBehavior [ RunTime:0.000092s ]
INFO: [ template_filter ] --END-- [ RunTime:0.000187s ]
INFO: Run Behavior\ParseTemplateBehavior [ RunTime:0.026037s ]
INFO: [ view_parse ] --END-- [ RunTime:0.026136s ]
INFO: [ view_filter ] --START--
INFO: Run Behavior\WriteHtmlCacheBehavior [ RunTime:0.000487s ]
INFO: [ view_filter ] --END-- [ RunTime:0.000557s ]
INFO: [ app_end ] --START--
INFO: Run Behavior\ShowPageTraceBehavior [ RunTime:0.001508s ]
INFO: [ app_end ] --END-- [ RunTime:0.001944s ]

[ 2017-05-11T14:51:38+08:00 ] 127.0.0.1 /liangzhuang/index.php/Admin/zc/index
INFO: [ app_init ] --START--
INFO: Run Behavior\BuildLiteBehavior [ RunTime:0.000028s ]
INFO: [ app_init ] --END-- [ RunTime:0.000784s ]
INFO: [ app_begin ] --START--
INFO: Run Behavior\ReadHtmlCacheBehavior [ RunTime:0.000954s ]
INFO: [ app_begin ] --END-- [ RunTime:0.001075s ]
SQL: SHOW COLUMNS FROM `zc` [ RunTime:0.0591s ]
SQL: SELECT * FROM `zc`  [ RunTime:0.0017s ]
INFO: [ view_parse ] --START--
INFO: [ template_filter ] --START--
INFO: Run Behavior\ContentReplaceBehavior [ RunTime:0.000110s ]
INFO: [ template_filter ] --END-- [ RunTime:0.000202s ]
NOTIC: [8] Undefined variable: strategy F:\websever\soft\liangzhuang\Application\Runtime\Cache\Admin\2a51ff2f08e7fe14f6e39064b4de8ae9.php Á¨¨ 142 Ë°å.
INFO: Run Behavior\ParseTemplateBehavior [ RunTime:0.035920s ]
INFO: [ view_parse ] --END-- [ RunTime:0.036084s ]
INFO: [ view_filter ] --START--
INFO: Run Behavior\WriteHtmlCacheBehavior [ RunTime:0.000532s ]
INFO: [ view_filter ] --END-- [ RunTime:0.000602s ]
INFO: [ app_end ] --START--
INFO: Run Behavior\ShowPageTraceBehavior [ RunTime:0.000909s ]
INFO: [ app_end ] --END-- [ RunTime:0.000985s ]

[ 2017-05-11T14:53:20+08:00 ] 127.0.0.1 /liangzhuang/index.php/Admin/zc/index
INFO: [ app_init ] --START--
INFO: Run Behavior\BuildLiteBehavior [ RunTime:0.000020s ]
INFO: [ app_init ] --END-- [ RunTime:0.000569s ]
INFO: [ app_begin ] --START--
INFO: Run Behavior\ReadHtmlCacheBehavior [ RunTime:0.000900s ]
INFO: [ app_begin ] --END-- [ RunTime:0.000985s ]
SQL: SHOW COLUMNS FROM `zc` [ RunTime:0.0585s ]
SQL: SELECT * FROM `zc`  [ RunTime:0.0017s ]
INFO: [ view_parse ] --START--
INFO: [ template_filter ] --START--
INFO: Run Behavior\ContentReplaceBehavior [ RunTime:0.000143s ]
INFO: [ template_filter ] --END-- [ RunTime:0.000255s ]
NOTIC: [8] Undefined variable: strategy F:\websever\soft\liangzhuang\Application\Runtime\Cache\Admin\2a51ff2f08e7fe14f6e39064b4de8ae9.php Á¨¨ 142 Ë°å.
INFO: Run Behavior\ParseTemplateBehavior [ RunTime:0.024990s ]
INFO: [ view_parse ] --END-- [ RunTime:0.025103s ]
INFO: [ view_filter ] --START--
INFO: Run Behavior\WriteHtmlCacheBehavior [ RunTime:0.000780s ]
INFO: [ view_filter ] --END-- [ RunTime:0.000870s ]
INFO: [ app_end ] --START--
INFO: Run Behavior\ShowPageTraceBehavior [ RunTime:0.001177s ]
INFO: [ app_end ] --END-- [ RunTime:0.001270s ]

[ 2017-05-11T14:53:24+08:00 ] 127.0.0.1 /liangzhuang/index.php/Admin/zc/index
INFO: [ app_init ] --START--
INFO: Run Behavior\BuildLiteBehavior [ RunTime:0.000019s ]
INFO: [ app_init ] --END-- [ RunTime:0.000544s ]
INFO: [ app_begin ] --START--
INFO: Run Behavior\ReadHtmlCacheBehavior [ RunTime:0.000906s ]
INFO: [ app_begin ] --END-- [ RunTime:0.000989s ]
SQL: SHOW COLUMNS FROM `zc` [ RunTime:0.0150s ]
SQL: SELECT * FROM `zc`  [ RunTime:0.0015s ]
INFO: [ view_parse ] --START--
INFO: [ template_filter ] --START--
INFO: Run Behavior\ContentReplaceBehavior [ RunTime:0.000117s ]
INFO: [ template_filter ] --END-- [ RunTime:0.000214s ]
NOTIC: [8] Undefined variable: strategy F:\websever\soft\liangzhuang\Application\Runtime\Cache\Admin\2a51ff2f08e7fe14f6e39064b4de8ae9.php Á¨¨ 142 Ë°å.
INFO: Run Behavior\ParseTemplateBehavior [ RunTime:0.029079s ]
INFO: [ view_parse ] --END-- [ RunTime:0.029198s ]
INFO: [ view_filter ] --START--
INFO: Run Behavior\WriteHtmlCacheBehavior [ RunTime:0.000577s ]
INFO: [ view_filter ] --END-- [ RunTime:0.000651s ]
INFO: [ app_end ] --START--
INFO: Run Behavior\ShowPageTraceBehavior [ RunTime:0.000965s ]
INFO: [ app_end ] --END-- [ RunTime:0.001043s ]

[ 2017-05-11T14:54:46+08:00 ] 127.0.0.1 /liangzhuang/index.php/Admin/zc/index
INFO: [ app_init ] --START--
INFO: Run Behavior\BuildLiteBehavior [ RunTime:0.000031s ]
INFO: [ app_init ] --END-- [ RunTime:0.000817s ]
INFO: [ app_begin ] --START--
INFO: Run Behavior\ReadHtmlCacheBehavior [ RunTime:0.000921s ]
INFO: [ app_begin ] --END-- [ RunTime:0.001011s ]
NOTIC: [2] PDO::__construct() [<a href='pdo.--construct'>pdo.--construct</a>]: [2002] ”…”⁄ƒø±Íº∆À„ª˙ª˝º´æ‹æ¯£¨Œﬁ∑®¡¨Ω”°£
 (trying to connect via tcp://localhost:3304) F:\websever\soft\liangzhuang\ThinkPHP\Library\Think\Db\Driver.class.php Á¨¨ 103 Ë°å.
ERR: SQLSTATE[HY000] [2002] ”…”⁄ƒø±Íº∆À„ª˙ª˝º´æ‹æ¯£¨Œﬁ∑®¡¨Ω”°£


[ 2017-05-11T14:54:55+08:00 ] 127.0.0.1 /liangzhuang/index.php/Admin/zc/index
INFO: [ app_init ] --START--
INFO: Run Behavior\BuildLiteBehavior [ RunTime:0.000020s ]
INFO: [ app_init ] --END-- [ RunTime:0.000539s ]
INFO: [ app_begin ] --START--
INFO: Run Behavior\ReadHtmlCacheBehavior [ RunTime:0.000951s ]
INFO: [ app_begin ] --END-- [ RunTime:0.001043s ]
NOTIC: [2] PDO::__construct() [<a href='pdo.--construct'>pdo.--construct</a>]: [2002] ”…”⁄ƒø±Íº∆À„ª˙ª˝º´æ‹æ¯£¨Œﬁ∑®¡¨Ω”°£
 (trying to connect via tcp://localhost:3304) F:\websever\soft\liangzhuang\ThinkPHP\Library\Think\Db\Driver.class.php Á¨¨ 103 Ë°å.
ERR: SQLSTATE[HY000] [2002] ”…”⁄ƒø±Íº∆À„ª˙ª˝º´æ‹æ¯£¨Œﬁ∑®¡¨Ω”°£


[ 2017-05-11T14:55:38+08:00 ] 127.0.0.1 /liangzhuang/index.php/admin
INFO: [ app_init ] --START--
INFO: Run Behavior\BuildLiteBehavior [ RunTime:0.000032s ]
INFO: [ app_init ] --END-- [ RunTime:0.000706s ]
INFO: [ app_begin ] --START--
INFO: Run Behavior\ReadHtmlCacheBehavior [ RunTime:0.001035s ]
INFO: [ app_begin ] --END-- [ RunTime:0.001132s ]
INFO: [ view_parse ] --START--
INFO: [ template_filter ] --START--
INFO: Run Behavior\ContentReplaceBehavior [ RunTime:0.000092s ]
INFO: [ template_filter ] --END-- [ RunTime:0.000203s ]
INFO: Run Behavior\ParseTemplateBehavior [ RunTime:0.014181s ]
INFO: [ view_parse ] --END-- [ RunTime:0.014316s ]
INFO: [ view_filter ] --START--
INFO: Run Behavior\WriteHtmlCacheBehavior [ RunTime:0.001127s ]
INFO: [ view_filter ] --END-- [ RunTime:0.001229s ]
INFO: [ app_end ] --START--
INFO: Run Behavior\ShowPageTraceBehavior [ RunTime:0.001572s ]
INFO: [ app_end ] --END-- [ RunTime:0.001666s ]

[ 2017-05-11T14:55:42+08:00 ] 127.0.0.1 /liangzhuang/index.php/Admin/zc/index
INFO: [ app_init ] --START--
INFO: Run Behavior\BuildLiteBehavior [ RunTime:0.000020s ]
INFO: [ app_init ] --END-- [ RunTime:0.000549s ]
INFO: [ app_begin ] --START--
INFO: Run Behavior\ReadHtmlCacheBehavior [ RunTime:0.001716s ]
INFO: [ app_begin ] --END-- [ RunTime:0.001869s ]
SQL: SHOW COLUMNS FROM `zc` [ RunTime:0.0181s ]
SQL: SELECT * FROM `zc`  [ RunTime:0.0017s ]
INFO: [ view_parse ] --START--
INFO: [ template_filter ] --START--
INFO: Run Behavior\ContentReplaceBehavior [ RunTime:0.000149s ]
INFO: [ template_filter ] --END-- [ RunTime:0.000271s ]
NOTIC: [8] Undefined variable: strategy F:\websever\soft\liangzhuang\Application\Runtime\Cache\Admin\2a51ff2f08e7fe14f6e39064b4de8ae9.php Á¨¨ 142 Ë°å.
INFO: Run Behavior\ParseTemplateBehavior [ RunTime:0.024675s ]
INFO: [ view_parse ] --END-- [ RunTime:0.024790s ]
INFO: [ view_filter ] --START--
INFO: Run Behavior\WriteHtmlCacheBehavior [ RunTime:0.001464s ]
INFO: [ view_filter ] --END-- [ RunTime:0.001642s ]
INFO: [ app_end ] --START--
INFO: Run Behavior\ShowPageTraceBehavior [ RunTime:0.001461s ]
INFO: [ app_end ] --END-- [ RunTime:0.001577s ]

[ 2017-05-11T14:56:26+08:00 ] 127.0.0.1 /liangzhuang/index.php/Admin/zc/index
INFO: [ app_init ] --START--
INFO: Run Behavior\BuildLiteBehavior [ RunTime:0.000020s ]
INFO: [ app_init ] --END-- [ RunTime:0.000569s ]
INFO: [ app_begin ] --START--
INFO: Run Behavior\ReadHtmlCacheBehavior [ RunTime:0.001000s ]
INFO: [ app_begin ] --END-- [ RunTime:0.001084s ]
SQL: SHOW COLUMNS FROM `zc` [ RunTime:0.0184s ]
SQL: SELECT * FROM `zc`  [ RunTime:0.0020s ]
INFO: [ view_parse ] --START--
INFO: [ template_filter ] --START--
INFO: Run Behavior\ContentReplaceBehavior [ RunTime:0.000188s ]
INFO: [ template_filter ] --END-- [ RunTime:0.000308s ]
NOTIC: [8] Undefined variable: strategy F:\websever\soft\liangzhuang\Application\Runtime\Cache\Admin\2a51ff2f08e7fe14f6e39064b4de8ae9.php Á¨¨ 142 Ë°å.
INFO: Run Behavior\ParseTemplateBehavior [ RunTime:0.030815s ]
INFO: [ view_parse ] --END-- [ RunTime:0.030954s ]
INFO: [ view_filter ] --START--
INFO: Run Behavior\WriteHtmlCacheBehavior [ RunTime:0.000814s ]
INFO: [ view_filter ] --END-- [ RunTime:0.000913s ]
INFO: [ app_end ] --START--
INFO: Run Behavior\ShowPageTraceBehavior [ RunTime:0.001436s ]
INFO: [ app_end ] --END-- [ RunTime:0.001581s ]

[ 2017-05-11T14:57:31+08:00 ] 127.0.0.1 /liangzhuang/index.php/Admin/zc/index
INFO: [ app_init ] --START--
INFO: Run Behavior\BuildLiteBehavior [ RunTime:0.000020s ]
INFO: [ app_init ] --END-- [ RunTime:0.000553s ]
INFO: [ app_begin ] --START--
INFO: Run Behavior\ReadHtmlCacheBehavior [ RunTime:0.001170s ]
INFO: [ app_begin ] --END-- [ RunTime:0.001277s ]
SQL: SHOW COLUMNS FROM `zc` [ RunTime:0.0103s ]
SQL: SELECT * FROM `zc`  [ RunTime:0.0009s ]
INFO: [ view_parse ] --START--
INFO: [ template_filter ] --START--
INFO: Run Behavior\ContentReplaceBehavior [ RunTime:0.000124s ]
INFO: [ template_filter ] --END-- [ RunTime:0.000218s ]
NOTIC: [8] Undefined variable: strategy F:\websever\soft\liangzhuang\Application\Runtime\Cache\Admin\2a51ff2f08e7fe14f6e39064b4de8ae9.php Á¨¨ 142 Ë°å.
INFO: Run Behavior\ParseTemplateBehavior [ RunTime:0.019775s ]
INFO: [ view_parse ] --END-- [ RunTime:0.019892s ]
INFO: [ view_filter ] --START--
INFO: Run Behavior\WriteHtmlCacheBehavior [ RunTime:0.000848s ]
INFO: [ view_filter ] --END-- [ RunTime:0.000936s ]
INFO: [ app_end ] --START--
INFO: Run Behavior\ShowPageTraceBehavior [ RunTime:0.001093s ]
INFO: [ app_end ] --END-- [ RunTime:0.001171s ]

[ 2017-05-11T14:57:37+08:00 ] 127.0.0.1 /liangzhuang/index.php/Admin/sce/index
INFO: [ app_init ] --START--
INFO: Run Behavior\BuildLiteBehavior [ RunTime:0.000019s ]
INFO: [ app_init ] --END-- [ RunTime:0.000536s ]
INFO: [ app_begin ] --START--
INFO: Run Behavior\ReadHtmlCacheBehavior [ RunTime:0.001165s ]
INFO: [ app_begin ] --END-- [ RunTime:0.001349s ]
ERR: Êó†Ê≥ïÂä†ËΩΩÊéßÂà∂Âô®:Sce

[ 2017-05-11T15:06:17+08:00 ] 127.0.0.1 /liangzhuang/index.php/Admin/video/index
INFO: [ app_init ] --START--
INFO: Run Behavior\BuildLiteBehavior [ RunTime:0.000020s ]
INFO: [ app_init ] --END-- [ RunTime:0.000584s ]
INFO: [ app_begin ] --START--
INFO: Run Behavior\ReadHtmlCacheBehavior [ RunTime:0.001009s ]
INFO: [ app_begin ] --END-- [ RunTime:0.001096s ]
SQL: SHOW COLUMNS FROM `video` [ RunTime:0.0620s ]
SQL: SELECT * FROM `video`  [ RunTime:0.0012s ]
INFO: [ view_parse ] --START--
INFO: [ template_filter ] --START--
INFO: Run Behavior\ContentReplaceBehavior [ RunTime:0.000228s ]
INFO: [ template_filter ] --END-- [ RunTime:0.000434s ]
NOTIC: [8] Undefined variable: visitor F:\websever\soft\liangzhuang\Application\Runtime\Cache\Admin\a1139c397cab62ab83c0f7dbd7530fa9.php Á¨¨ 131 Ë°å.
INFO: Run Behavior\ParseTemplateBehavior [ RunTime:0.040206s ]
INFO: [ view_parse ] --END-- [ RunTime:0.040431s ]
INFO: [ view_filter ] --START--
INFO: Run Behavior\WriteHtmlCacheBehavior [ RunTime:0.001459s ]
INFO: [ view_filter ] --END-- [ RunTime:0.001617s ]
INFO: [ app_end ] --START--
INFO: Run Behavior\ShowPageTraceBehavior [ RunTime:0.002280s ]
INFO: [ app_end ] --END-- [ RunTime:0.002404s ]

[ 2017-05-11T15:06:19+08:00 ] 127.0.0.1 /liangzhuang/index.php/Admin/video/create
INFO: [ app_init ] --START--
INFO: Run Behavior\BuildLiteBehavior [ RunTime:0.000020s ]
INFO: [ app_init ] --END-- [ RunTime:0.000517s ]
INFO: [ app_begin ] --START--
INFO: Run Behavior\ReadHtmlCacheBehavior [ RunTime:0.001212s ]
INFO: [ app_begin ] --END-- [ RunTime:0.001323s ]
ERR: Ê®°Êùø‰∏çÂ≠òÂú®:./Application/Admin/View/Video/create.html

[ 2017-05-11T15:06:36+08:00 ] 127.0.0.1 /liangzhuang/index.php/Admin/video/index
INFO: [ app_init ] --START--
INFO: Run Behavior\BuildLiteBehavior [ RunTime:0.000020s ]
INFO: [ app_init ] --END-- [ RunTime:0.000533s ]
INFO: [ app_begin ] --START--
INFO: Run Behavior\ReadHtmlCacheBehavior [ RunTime:0.000988s ]
INFO: [ app_begin ] --END-- [ RunTime:0.001076s ]
SQL: SHOW COLUMNS FROM `video` [ RunTime:0.0160s ]
SQL: SELECT * FROM `video`  [ RunTime:0.0011s ]
INFO: [ view_parse ] --START--
INFO: [ template_filter ] --START--
INFO: Run Behavior\ContentReplaceBehavior [ RunTime:0.000117s ]
INFO: [ template_filter ] --END-- [ RunTime:0.000220s ]
NOTIC: [8] Undefined variable: visitor F:\websever\soft\liangzhuang\Application\Runtime\Cache\Admin\a1139c397cab62ab83c0f7dbd7530fa9.php Á¨¨ 131 Ë°å.
INFO: Run Behavior\ParseTemplateBehavior [ RunTime:0.027683s ]
INFO: [ view_parse ] --END-- [ RunTime:0.027819s ]
INFO: [ view_filter ] --START--
INFO: Run Behavior\WriteHtmlCacheBehavior [ RunTime:0.000742s ]
INFO: [ view_filter ] --END-- [ RunTime:0.000820s ]
INFO: [ app_end ] --START--
INFO: Run Behavior\ShowPageTraceBehavior [ RunTime:0.001146s ]
INFO: [ app_end ] --END-- [ RunTime:0.001228s ]

[ 2017-05-11T15:12:51+08:00 ] 127.0.0.1 /liangzhuang/index.php/Admin/video/index
INFO: [ app_init ] --START--
INFO: Run Behavior\BuildLiteBehavior [ RunTime:0.000021s ]
INFO: [ app_init ] --END-- [ RunTime:0.000533s ]
INFO: [ app_begin ] --START--
INFO: Run Behavior\ReadHtmlCacheBehavior [ RunTime:0.000887s ]
INFO: [ app_begin ] --END-- [ RunTime:0.000971s ]
SQL: SHOW COLUMNS FROM `video` [ RunTime:0.0149s ]
SQL: SELECT * FROM `video`  [ RunTime:0.0012s ]
INFO: [ view_parse ] --START--
INFO: [ template_filter ] --START--
INFO: Run Behavior\ContentReplaceBehavior [ RunTime:0.000149s ]
INFO: [ template_filter ] --END-- [ RunTime:0.000281s ]
NOTIC: [8] Undefined variable: visitor F:\websever\soft\liangzhuang\Application\Runtime\Cache\Admin\a1139c397cab62ab83c0f7dbd7530fa9.php Á¨¨ 131 Ë°å.
INFO: Run Behavior\ParseTemplateBehavior [ RunTime:0.032873s ]
INFO: [ view_parse ] --END-- [ RunTime:0.033030s ]
INFO: [ view_filter ] --START--
INFO: Run Behavior\WriteHtmlCacheBehavior [ RunTime:0.000823s ]
INFO: [ view_filter ] --END-- [ RunTime:0.000926s ]
INFO: [ app_end ] --START--
INFO: Run Behavior\ShowPageTraceBehavior [ RunTime:0.002637s ]
INFO: [ app_end ] --END-- [ RunTime:0.002807s ]

[ 2017-05-11T15:12:57+08:00 ] 127.0.0.1 /liangzhuang/index.php/Admin/video/index
INFO: [ app_init ] --START--
INFO: Run Behavior\BuildLiteBehavior [ RunTime:0.000032s ]
INFO: [ app_init ] --END-- [ RunTime:0.000890s ]
INFO: [ app_begin ] --START--
INFO: Run Behavior\ReadHtmlCacheBehavior [ RunTime:0.001058s ]
INFO: [ app_begin ] --END-- [ RunTime:0.001219s ]
SQL: SHOW COLUMNS FROM `video` [ RunTime:0.0632s ]
SQL: SELECT * FROM `video`  [ RunTime:0.0007s ]
INFO: [ view_parse ] --START--
INFO: [ template_filter ] --START--
INFO: Run Behavior\ContentReplaceBehavior [ RunTime:0.000140s ]
INFO: [ template_filter ] --END-- [ RunTime:0.000266s ]
NOTIC: [8] Undefined variable: visitor F:\websever\soft\liangzhuang\Application\Runtime\Cache\Admin\a1139c397cab62ab83c0f7dbd7530fa9.php Á¨¨ 131 Ë°å.
INFO: Run Behavior\ParseTemplateBehavior [ RunTime:0.021826s ]
INFO: [ view_parse ] --END-- [ RunTime:0.021923s ]
INFO: [ view_filter ] --START--
INFO: Run Behavior\WriteHtmlCacheBehavior [ RunTime:0.000558s ]
INFO: [ view_filter ] --END-- [ RunTime:0.000627s ]
INFO: [ app_end ] --START--
INFO: Run Behavior\ShowPageTraceBehavior [ RunTime:0.000956s ]
INFO: [ app_end ] --END-- [ RunTime:0.001035s ]

[ 2017-05-11T15:13:03+08:00 ] 127.0.0.1 /liangzhuang/index.php/Admin/video/create
INFO: [ app_init ] --START--
INFO: Run Behavior\BuildLiteBehavior [ RunTime:0.000020s ]
INFO: [ app_init ] --END-- [ RunTime:0.000533s ]
INFO: [ app_begin ] --START--
INFO: Run Behavior\ReadHtmlCacheBehavior [ RunTime:0.000895s ]
INFO: [ app_begin ] --END-- [ RunTime:0.000976s ]
ERR: Ê®°Êùø‰∏çÂ≠òÂú®:./Application/Admin/View/Video/create.html

[ 2017-05-11T15:13:28+08:00 ] 127.0.0.1 /liangzhuang/index.php/Admin/zc/index
INFO: [ app_init ] --START--
INFO: Run Behavior\BuildLiteBehavior [ RunTime:0.000019s ]
INFO: [ app_init ] --END-- [ RunTime:0.000527s ]
INFO: [ app_begin ] --START--
INFO: Run Behavior\ReadHtmlCacheBehavior [ RunTime:0.000898s ]
INFO: [ app_begin ] --END-- [ RunTime:0.000981s ]
SQL: SHOW COLUMNS FROM `zc` [ RunTime:0.0076s ]
SQL: SELECT * FROM `zc`  [ RunTime:0.0009s ]
INFO: [ view_parse ] --START--
INFO: [ template_filter ] --START--
INFO: Run Behavior\ContentReplaceBehavior [ RunTime:0.000112s ]
INFO: [ template_filter ] --END-- [ RunTime:0.000202s ]
NOTIC: [8] Undefined variable: strategy F:\websever\soft\liangzhuang\Application\Runtime\Cache\Admin\2a51ff2f08e7fe14f6e39064b4de8ae9.php Á¨¨ 142 Ë°å.
INFO: Run Behavior\ParseTemplateBehavior [ RunTime:0.019445s ]
INFO: [ view_parse ] --END-- [ RunTime:0.019548s ]
INFO: [ view_filter ] --START--
INFO: Run Behavior\WriteHtmlCacheBehavior [ RunTime:0.000593s ]
INFO: [ view_filter ] --END-- [ RunTime:0.000664s ]
INFO: [ app_end ] --START--
INFO: Run Behavior\ShowPageTraceBehavior [ RunTime:0.000906s ]
INFO: [ app_end ] --END-- [ RunTime:0.000977s ]

[ 2017-05-11T15:13:33+08:00 ] 127.0.0.1 /liangzhuang/index.php/Admin/video/index
INFO: [ app_init ] --START--
INFO: Run Behavior\BuildLiteBehavior [ RunTime:0.000021s ]
INFO: [ app_init ] --END-- [ RunTime:0.000547s ]
INFO: [ app_begin ] --START--
INFO: Run Behavior\ReadHtmlCacheBehavior [ RunTime:0.001609s ]
INFO: [ app_begin ] --END-- [ RunTime:0.001773s ]
SQL: SHOW COLUMNS FROM `video` [ RunTime:0.0069s ]
SQL: SELECT * FROM `video`  [ RunTime:0.0006s ]
INFO: [ view_parse ] --START--
INFO: [ template_filter ] --START--
INFO: Run Behavior\ContentReplaceBehavior [ RunTime:0.000102s ]
INFO: [ template_filter ] --END-- [ RunTime:0.000192s ]
NOTIC: [8] Undefined variable: visitor F:\websever\soft\liangzhuang\Application\Runtime\Cache\Admin\a1139c397cab62ab83c0f7dbd7530fa9.php Á¨¨ 131 Ë°å.
INFO: Run Behavior\ParseTemplateBehavior [ RunTime:0.016229s ]
INFO: [ view_parse ] --END-- [ RunTime:0.016319s ]
INFO: [ view_filter ] --START--
INFO: Run Behavior\WriteHtmlCacheBehavior [ RunTime:0.000556s ]
INFO: [ view_filter ] --END-- [ RunTime:0.000626s ]
INFO: [ app_end ] --START--
INFO: Run Behavior\ShowPageTraceBehavior [ RunTime:0.000915s ]
INFO: [ app_end ] --END-- [ RunTime:0.000988s ]

[ 2017-05-11T15:13:35+08:00 ] 127.0.0.1 /liangzhuang/index.php/Admin/video/create
INFO: [ app_init ] --START--
INFO: Run Behavior\BuildLiteBehavior [ RunTime:0.000019s ]
INFO: [ app_init ] --END-- [ RunTime:0.000525s ]
INFO: [ app_begin ] --START--
INFO: Run Behavior\ReadHtmlCacheBehavior [ RunTime:0.000874s ]
INFO: [ app_begin ] --END-- [ RunTime:0.000955s ]
INFO: [ view_parse ] --START--
INFO: [ template_filter ] --START--
INFO: Run Behavior\ContentReplaceBehavior [ RunTime:0.000090s ]
INFO: [ template_filter ] --END-- [ RunTime:0.000184s ]
INFO: Run Behavior\ParseTemplateBehavior [ RunTime:0.014526s ]
INFO: [ view_parse ] --END-- [ RunTime:0.014636s ]
INFO: [ view_filter ] --START--
INFO: Run Behavior\WriteHtmlCacheBehavior [ RunTime:0.000587s ]
INFO: [ view_filter ] --END-- [ RunTime:0.000667s ]
INFO: [ app_end ] --START--
INFO: Run Behavior\ShowPageTraceBehavior [ RunTime:0.000930s ]
INFO: [ app_end ] --END-- [ RunTime:0.001004s ]

[ 2017-05-11T15:13:59+08:00 ] 127.0.0.1 /liangzhuang/index.php/Admin/video/store
INFO: [ app_init ] --START--
INFO: Run Behavior\BuildLiteBehavior [ RunTime:0.000028s ]
INFO: [ app_init ] --END-- [ RunTime:0.000545s ]
INFO: [ app_begin ] --START--
INFO: Run Behavior\ReadHtmlCacheBehavior [ RunTime:0.000883s ]
INFO: [ app_begin ] --END-- [ RunTime:0.000972s ]
NOTIC: [2] call_user_func() expects parameter 1 to be a valid callback, no array or string given F:\websever\soft\liangzhuang\ThinkPHP\Library\Think\Upload.class.php Á¨¨ 170 Ë°å.
NOTIC: [2] call_user_func() expects parameter 1 to be a valid callback, no array or string given F:\websever\soft\liangzhuang\ThinkPHP\Library\Think\Upload.class.php Á¨¨ 170 Ë°å.
SQL: SHOW COLUMNS FROM `video` [ RunTime:0.0159s ]
NOTIC: [8] Undefined index: validate F:\websever\soft\liangzhuang\ThinkPHP\Library\Think\Model.class.php Á¨¨ 1185 Ë°å.
NOTIC: [8] Undefined index: auto F:\websever\soft\liangzhuang\ThinkPHP\Library\Think\Model.class.php Á¨¨ 1128 Ë°å.
ERR: 1364:Field 'vid' doesn't have a default value
 [ SQLËØ≠Âè• ] : INSERT INTO `video` (`kind`,`name`,`introduce`,`path`,`img`) VALUES ('1','','1','../Public/uploads/2017-05-11/59140f36064b5.jpg','../Public/uploads/2017-05-11/59140f362401d.jpg')
ERR: 1364:Field 'vid' doesn't have a default value
 [ SQLËØ≠Âè• ] : INSERT INTO `video` (`kind`,`name`,`introduce`,`path`,`img`) VALUES ('1','','1','../Public/uploads/2017-05-11/59140f36064b5.jpg','../Public/uploads/2017-05-11/59140f362401d.jpg')

[ 2017-05-11T15:14:54+08:00 ] 127.0.0.1 /liangzhuang/index.php/Admin/video/create
INFO: [ app_init ] --START--
INFO: Run Behavior\BuildLiteBehavior [ RunTime:0.000019s ]
INFO: [ app_init ] --END-- [ RunTime:0.000521s ]
INFO: [ app_begin ] --START--
INFO: Run Behavior\ReadHtmlCacheBehavior [ RunTime:0.000894s ]
INFO: [ app_begin ] --END-- [ RunTime:0.000979s ]
INFO: [ view_parse ] --START--
INFO: [ template_filter ] --START--
INFO: Run Behavior\ContentReplaceBehavior [ RunTime:0.000092s ]
INFO: [ template_filter ] --END-- [ RunTime:0.000185s ]
INFO: Run Behavior\ParseTemplateBehavior [ RunTime:0.014992s ]
INFO: [ view_parse ] --END-- [ RunTime:0.015084s ]
INFO: [ view_filter ] --START--
INFO: Run Behavior\WriteHtmlCacheBehavior [ RunTime:0.000544s ]
INFO: [ view_filter ] --END-- [ RunTime:0.000616s ]
INFO: [ app_end ] --START--
INFO: Run Behavior\ShowPageTraceBehavior [ RunTime:0.001082s ]
INFO: [ app_end ] --END-- [ RunTime:0.001160s ]

[ 2017-05-11T15:16:48+08:00 ] 127.0.0.1 /liangzhuang/index.php/Admin/video/index
INFO: [ app_init ] --START--
INFO: Run Behavior\BuildLiteBehavior [ RunTime:0.000020s ]
INFO: [ app_init ] --END-- [ RunTime:0.000699s ]
INFO: [ app_begin ] --START--
INFO: Run Behavior\ReadHtmlCacheBehavior [ RunTime:0.000910s ]
INFO: [ app_begin ] --END-- [ RunTime:0.001014s ]
SQL: SHOW COLUMNS FROM `video` [ RunTime:0.0072s ]
SQL: SELECT * FROM `video`  [ RunTime:0.0005s ]
INFO: [ view_parse ] --START--
INFO: [ template_filter ] --START--
INFO: Run Behavior\ContentReplaceBehavior [ RunTime:0.000103s ]
INFO: [ template_filter ] --END-- [ RunTime:0.000189s ]
NOTIC: [8] Undefined variable: visitor F:\websever\soft\liangzhuang\Application\Runtime\Cache\Admin\a1139c397cab62ab83c0f7dbd7530fa9.php Á¨¨ 131 Ë°å.
INFO: Run Behavior\ParseTemplateBehavior [ RunTime:0.015115s ]
INFO: [ view_parse ] --END-- [ RunTime:0.015197s ]
INFO: [ view_filter ] --START--
INFO: Run Behavior\WriteHtmlCacheBehavior [ RunTime:0.000564s ]
INFO: [ view_filter ] --END-- [ RunTime:0.000634s ]
INFO: [ app_end ] --START--
INFO: Run Behavior\ShowPageTraceBehavior [ RunTime:0.001018s ]
INFO: [ app_end ] --END-- [ RunTime:0.001092s ]

[ 2017-05-11T15:16:50+08:00 ] 127.0.0.1 /liangzhuang/index.php/Admin/video/index
INFO: [ app_init ] --START--
INFO: Run Behavior\BuildLiteBehavior [ RunTime:0.000021s ]
INFO: [ app_init ] --END-- [ RunTime:0.000540s ]
INFO: [ app_begin ] --START--
INFO: Run Behavior\ReadHtmlCacheBehavior [ RunTime:0.000889s ]
INFO: [ app_begin ] --END-- [ RunTime:0.000989s ]
SQL: SHOW COLUMNS FROM `video` [ RunTime:0.0150s ]
SQL: SELECT * FROM `video`  [ RunTime:0.0011s ]
INFO: [ view_parse ] --START--
INFO: [ template_filter ] --START--
INFO: Run Behavior\ContentReplaceBehavior [ RunTime:0.000136s ]
INFO: [ template_filter ] --END-- [ RunTime:0.000253s ]
NOTIC: [8] Undefined variable: visitor F:\websever\soft\liangzhuang\Application\Runtime\Cache\Admin\a1139c397cab62ab83c0f7dbd7530fa9.php Á¨¨ 131 Ë°å.
INFO: Run Behavior\ParseTemplateBehavior [ RunTime:0.033743s ]
INFO: [ view_parse ] --END-- [ RunTime:0.033883s ]
INFO: [ view_filter ] --START--
INFO: Run Behavior\WriteHtmlCacheBehavior [ RunTime:0.000703s ]
INFO: [ view_filter ] --END-- [ RunTime:0.000792s ]
INFO: [ app_end ] --START--
INFO: Run Behavior\ShowPageTraceBehavior [ RunTime:0.001167s ]
INFO: [ app_end ] --END-- [ RunTime:0.001260s ]

[ 2017-05-11T15:16:54+08:00 ] 127.0.0.1 /liangzhuang/index.php/Admin/video/create
INFO: [ app_init ] --START--
INFO: Run Behavior\BuildLiteBehavior [ RunTime:0.000019s ]
INFO: [ app_init ] --END-- [ RunTime:0.000513s ]
INFO: [ app_begin ] --START--
INFO: Run Behavior\ReadHtmlCacheBehavior [ RunTime:0.000900s ]
INFO: [ app_begin ] --END-- [ RunTime:0.000985s ]
INFO: [ view_parse ] --START--
INFO: [ template_filter ] --START--
INFO: Run Behavior\ContentReplaceBehavior [ RunTime:0.000096s ]
INFO: [ template_filter ] --END-- [ RunTime:0.000192s ]
INFO: Run Behavior\ParseTemplateBehavior [ RunTime:0.013950s ]
INFO: [ view_parse ] --END-- [ RunTime:0.014037s ]
INFO: [ view_filter ] --START--
INFO: Run Behavior\WriteHtmlCacheBehavior [ RunTime:0.000531s ]
INFO: [ view_filter ] --END-- [ RunTime:0.000600s ]
INFO: [ app_end ] --START--
INFO: Run Behavior\ShowPageTraceBehavior [ RunTime:0.000964s ]
INFO: [ app_end ] --END-- [ RunTime:0.001038s ]

[ 2017-05-11T15:17:18+08:00 ] 127.0.0.1 /liangzhuang/index.php/Admin/video/store
INFO: [ app_init ] --START--
INFO: Run Behavior\BuildLiteBehavior [ RunTime:0.000020s ]
INFO: [ app_init ] --END-- [ RunTime:0.000532s ]
INFO: [ app_begin ] --START--
INFO: Run Behavior\ReadHtmlCacheBehavior [ RunTime:0.000863s ]
INFO: [ app_begin ] --END-- [ RunTime:0.000946s ]
NOTIC: [2] call_user_func() expects parameter 1 to be a valid callback, no array or string given F:\websever\soft\liangzhuang\ThinkPHP\Library\Think\Upload.class.php Á¨¨ 170 Ë°å.
NOTIC: [2] call_user_func() expects parameter 1 to be a valid callback, no array or string given F:\websever\soft\liangzhuang\ThinkPHP\Library\Think\Upload.class.php Á¨¨ 170 Ë°å.
SQL: SHOW COLUMNS FROM `video` [ RunTime:0.0154s ]
NOTIC: [8] Undefined index: validate F:\websever\soft\liangzhuang\ThinkPHP\Library\Think\Model.class.php Á¨¨ 1185 Ë°å.
NOTIC: [8] Undefined index: auto F:\websever\soft\liangzhuang\ThinkPHP\Library\Think\Model.class.php Á¨¨ 1128 Ë°å.
SQL: INSERT INTO `video` (`kind`,`name`,`introduce`,`path`,`img`) VALUES ('11','1','1','../Public/uploads/2017-05-11/59140ffd7f56a.jpg','../Public/uploads/2017-05-11/59140ffd8003d.jpg') [ RunTime:0.1398s ]
INFO: [ app_end ] --START--
INFO: Run Behavior\ShowPageTraceBehavior [ RunTime:0.002952s ]
INFO: [ app_end ] --END-- [ RunTime:0.003111s ]

[ 2017-05-11T15:17:21+08:00 ] 127.0.0.1 /liangzhuang/index.php/Admin/video/index
INFO: [ app_init ] --START--
INFO: Run Behavior\BuildLiteBehavior [ RunTime:0.000020s ]
INFO: [ app_init ] --END-- [ RunTime:0.000538s ]
INFO: [ app_begin ] --START--
INFO: Run Behavior\ReadHtmlCacheBehavior [ RunTime:0.001028s ]
INFO: [ app_begin ] --END-- [ RunTime:0.001117s ]
SQL: SHOW COLUMNS FROM `video` [ RunTime:0.0624s ]
SQL: SELECT * FROM `video`  [ RunTime:0.0011s ]
INFO: [ view_parse ] --START--
INFO: [ template_filter ] --START--
INFO: Run Behavior\ContentReplaceBehavior [ RunTime:0.000151s ]
INFO: [ template_filter ] --END-- [ RunTime:0.000287s ]
NOTIC: [8] Undefined variable: visitor F:\websever\soft\liangzhuang\Application\Runtime\Cache\Admin\a1139c397cab62ab83c0f7dbd7530fa9.php Á¨¨ 131 Ë°å.
INFO: Run Behavior\ParseTemplateBehavior [ RunTime:0.030941s ]
INFO: [ view_parse ] --END-- [ RunTime:0.031092s ]
INFO: [ view_filter ] --START--
INFO: Run Behavior\WriteHtmlCacheBehavior [ RunTime:0.001309s ]
INFO: [ view_filter ] --END-- [ RunTime:0.001422s ]
INFO: [ app_end ] --START--
INFO: Run Behavior\ShowPageTraceBehavior [ RunTime:0.001599s ]
INFO: [ app_end ] --END-- [ RunTime:0.001726s ]

[ 2017-05-11T15:18:03+08:00 ] 127.0.0.1 /liangzhuang/index.php/Admin/video/index
INFO: [ app_init ] --START--
INFO: Run Behavior\BuildLiteBehavior [ RunTime:0.000021s ]
INFO: [ app_init ] --END-- [ RunTime:0.000537s ]
INFO: [ app_begin ] --START--
INFO: Run Behavior\ReadHtmlCacheBehavior [ RunTime:0.000899s ]
INFO: [ app_begin ] --END-- [ RunTime:0.000985s ]
SQL: SHOW COLUMNS FROM `video` [ RunTime:0.0160s ]
SQL: SELECT * FROM `video`  [ RunTime:0.0012s ]
INFO: [ view_parse ] --START--
INFO: [ template_filter ] --START--
INFO: Run Behavior\ContentReplaceBehavior [ RunTime:0.000103s ]
INFO: [ template_filter ] --END-- [ RunTime:0.000193s ]
INFO: Run Behavior\ParseTemplateBehavior [ RunTime:0.028822s ]
INFO: [ view_parse ] --END-- [ RunTime:0.028967s ]
INFO: [ view_filter ] --START--
INFO: Run Behavior\WriteHtmlCacheBehavior [ RunTime:0.000542s ]
INFO: [ view_filter ] --END-- [ RunTime:0.000611s ]
INFO: [ app_end ] --START--
INFO: Run Behavior\ShowPageTraceBehavior [ RunTime:0.000938s ]
INFO: [ app_end ] --END-- [ RunTime:0.001010s ]

[ 2017-05-11T15:19:24+08:00 ] 127.0.0.1 /liangzhuang/index.php/Admin/video/edit/uid/1
INFO: [ app_init ] --START--
INFO: Run Behavior\BuildLiteBehavior [ RunTime:0.000021s ]
INFO: [ app_init ] --END-- [ RunTime:0.000546s ]
INFO: [ app_begin ] --START--
INFO: Run Behavior\ReadHtmlCacheBehavior [ RunTime:0.000900s ]
INFO: [ app_begin ] --END-- [ RunTime:0.000983s ]
SQL: SHOW COLUMNS FROM `video` [ RunTime:0.0068s ]
NOTIC: [8] Undefined index: vid F:\websever\soft\liangzhuang\Application\Admin\Controller\VideoController.class.php Á¨¨ 57 Ë°å.
SQL: SELECT * FROM `video` WHERE ( vid=0 ) LIMIT 1   [ RunTime:0.0119s ]
INFO: [ view_parse ] --START--
INFO: [ template_filter ] --START--
INFO: Run Behavior\ContentReplaceBehavior [ RunTime:0.000118s ]
INFO: [ template_filter ] --END-- [ RunTime:0.000222s ]
INFO: Run Behavior\ParseTemplateBehavior [ RunTime:0.013103s ]
INFO: [ view_parse ] --END-- [ RunTime:0.013201s ]
INFO: [ view_filter ] --START--
INFO: Run Behavior\WriteHtmlCacheBehavior [ RunTime:0.000573s ]
INFO: [ view_filter ] --END-- [ RunTime:0.000645s ]
INFO: [ app_end ] --START--
INFO: Run Behavior\ShowPageTraceBehavior [ RunTime:0.000919s ]
INFO: [ app_end ] --END-- [ RunTime:0.000993s ]

[ 2017-05-11T15:20:43+08:00 ] 127.0.0.1 /liangzhuang/index.php/Admin/video/edit/uid/1
INFO: [ app_init ] --START--
INFO: Run Behavior\BuildLiteBehavior [ RunTime:0.000019s ]
INFO: [ app_init ] --END-- [ RunTime:0.000519s ]
INFO: [ app_begin ] --START--
INFO: Run Behavior\ReadHtmlCacheBehavior [ RunTime:0.000879s ]
INFO: [ app_begin ] --END-- [ RunTime:0.000961s ]
SQL: SHOW COLUMNS FROM `video` [ RunTime:0.0183s ]
NOTIC: [8] Undefined index: vid F:\websever\soft\liangzhuang\Application\Admin\Controller\VideoController.class.php Á¨¨ 57 Ë°å.
SQL: SELECT * FROM `video` WHERE ( vid=0 ) LIMIT 1   [ RunTime:0.0012s ]
INFO: [ view_parse ] --START--
INFO: [ template_filter ] --START--
INFO: Run Behavior\ContentReplaceBehavior [ RunTime:0.000113s ]
INFO: [ template_filter ] --END-- [ RunTime:0.000220s ]
INFO: Run Behavior\ParseTemplateBehavior [ RunTime:0.017952s ]
INFO: [ view_parse ] --END-- [ RunTime:0.018092s ]
INFO: [ view_filter ] --START--
INFO: Run Behavior\WriteHtmlCacheBehavior [ RunTime:0.000634s ]
INFO: [ view_filter ] --END-- [ RunTime:0.000722s ]
INFO: [ app_end ] --START--
INFO: Run Behavior\ShowPageTraceBehavior [ RunTime:0.001054s ]
INFO: [ app_end ] --END-- [ RunTime:0.001140s ]

[ 2017-05-11T15:20:49+08:00 ] 127.0.0.1 /liangzhuang/index.php/Admin/video/index
INFO: [ app_init ] --START--
INFO: Run Behavior\BuildLiteBehavior [ RunTime:0.000020s ]
INFO: [ app_init ] --END-- [ RunTime:0.000475s ]
INFO: [ app_begin ] --START--
INFO: Run Behavior\ReadHtmlCacheBehavior [ RunTime:0.000855s ]
INFO: [ app_begin ] --END-- [ RunTime:0.000935s ]
SQL: SHOW COLUMNS FROM `video` [ RunTime:0.0068s ]
SQL: SELECT * FROM `video`  [ RunTime:0.0005s ]
INFO: [ view_parse ] --START--
INFO: [ template_filter ] --START--
INFO: Run Behavior\ContentReplaceBehavior [ RunTime:0.000103s ]
INFO: [ template_filter ] --END-- [ RunTime:0.000201s ]
INFO: Run Behavior\ParseTemplateBehavior [ RunTime:0.016749s ]
INFO: [ view_parse ] --END-- [ RunTime:0.016839s ]
INFO: [ view_filter ] --START--
INFO: Run Behavior\WriteHtmlCacheBehavior [ RunTime:0.000514s ]
INFO: [ view_filter ] --END-- [ RunTime:0.000583s ]
INFO: [ app_end ] --START--
INFO: Run Behavior\ShowPageTraceBehavior [ RunTime:0.000919s ]
INFO: [ app_end ] --END-- [ RunTime:0.000991s ]

[ 2017-05-11T15:20:52+08:00 ] 127.0.0.1 /liangzhuang/index.php/Admin/video/edit/uid/1
INFO: [ app_init ] --START--
INFO: Run Behavior\BuildLiteBehavior [ RunTime:0.000019s ]
INFO: [ app_init ] --END-- [ RunTime:0.000476s ]
INFO: [ app_begin ] --START--
INFO: Run Behavior\ReadHtmlCacheBehavior [ RunTime:0.000846s ]
INFO: [ app_begin ] --END-- [ RunTime:0.000926s ]
SQL: SHOW COLUMNS FROM `video` [ RunTime:0.0151s ]
NOTIC: [8] Undefined index: vid F:\websever\soft\liangzhuang\Application\Admin\Controller\VideoController.class.php Á¨¨ 57 Ë°å.
SQL: SELECT * FROM `video` WHERE ( vid=0 ) LIMIT 1   [ RunTime:0.0011s ]
INFO: [ view_parse ] --START--
INFO: [ template_filter ] --START--
INFO: Run Behavior\ContentReplaceBehavior [ RunTime:0.000206s ]
INFO: [ template_filter ] --END-- [ RunTime:0.000397s ]
INFO: Run Behavior\ParseTemplateBehavior [ RunTime:0.029941s ]
INFO: [ view_parse ] --END-- [ RunTime:0.030145s ]
INFO: [ view_filter ] --START--
INFO: Run Behavior\WriteHtmlCacheBehavior [ RunTime:0.001120s ]
INFO: [ view_filter ] --END-- [ RunTime:0.001276s ]
INFO: [ app_end ] --START--
INFO: Run Behavior\ShowPageTraceBehavior [ RunTime:0.002010s ]
INFO: [ app_end ] --END-- [ RunTime:0.002238s ]

[ 2017-05-11T15:21:11+08:00 ] 127.0.0.1 /liangzhuang/index.php/Admin/video/index
INFO: [ app_init ] --START--
INFO: Run Behavior\BuildLiteBehavior [ RunTime:0.000021s ]
INFO: [ app_init ] --END-- [ RunTime:0.000486s ]
INFO: [ app_begin ] --START--
INFO: Run Behavior\ReadHtmlCacheBehavior [ RunTime:0.000867s ]
INFO: [ app_begin ] --END-- [ RunTime:0.000947s ]
SQL: SHOW COLUMNS FROM `video` [ RunTime:0.0071s ]
SQL: SELECT * FROM `video`  [ RunTime:0.0005s ]
INFO: [ view_parse ] --START--
INFO: [ template_filter ] --START--
INFO: Run Behavior\ContentReplaceBehavior [ RunTime:0.000102s ]
INFO: [ template_filter ] --END-- [ RunTime:0.000190s ]
INFO: Run Behavior\ParseTemplateBehavior [ RunTime:0.015192s ]
INFO: [ view_parse ] --END-- [ RunTime:0.015281s ]
INFO: [ view_filter ] --START--
INFO: Run Behavior\WriteHtmlCacheBehavior [ RunTime:0.000550s ]
INFO: [ view_filter ] --END-- [ RunTime:0.000622s ]
INFO: [ app_end ] --START--
INFO: Run Behavior\ShowPageTraceBehavior [ RunTime:0.000938s ]
INFO: [ app_end ] --END-- [ RunTime:0.001018s ]

[ 2017-05-11T15:21:14+08:00 ] 127.0.0.1 /liangzhuang/index.php/Admin/video/edit/vid/1
INFO: [ app_init ] --START--
INFO: Run Behavior\BuildLiteBehavior [ RunTime:0.000030s ]
INFO: [ app_init ] --END-- [ RunTime:0.000680s ]
INFO: [ app_begin ] --START--
INFO: Run Behavior\ReadHtmlCacheBehavior [ RunTime:0.000856s ]
INFO: [ app_begin ] --END-- [ RunTime:0.000938s ]
SQL: SHOW COLUMNS FROM `video` [ RunTime:0.0153s ]
SQL: SELECT * FROM `video` WHERE ( vid=1 ) LIMIT 1   [ RunTime:0.0012s ]
INFO: [ view_parse ] --START--
INFO: [ template_filter ] --START--
INFO: Run Behavior\ContentReplaceBehavior [ RunTime:0.000209s ]
INFO: [ template_filter ] --END-- [ RunTime:0.000515s ]
INFO: Run Behavior\ParseTemplateBehavior [ RunTime:0.029733s ]
INFO: [ view_parse ] --END-- [ RunTime:0.029930s ]
INFO: [ view_filter ] --START--
INFO: Run Behavior\WriteHtmlCacheBehavior [ RunTime:0.001099s ]
INFO: [ view_filter ] --END-- [ RunTime:0.001251s ]
INFO: [ app_end ] --START--
INFO: Run Behavior\ShowPageTraceBehavior [ RunTime:0.001329s ]
INFO: [ app_end ] --END-- [ RunTime:0.001461s ]

[ 2017-05-11T15:25:03+08:00 ] 127.0.0.1 /liangzhuang/index.php/Admin/video/edit/vid/1
INFO: [ app_init ] --START--
INFO: Run Behavior\BuildLiteBehavior [ RunTime:0.000020s ]
INFO: [ app_init ] --END-- [ RunTime:0.000533s ]
INFO: [ app_begin ] --START--
INFO: Run Behavior\ReadHtmlCacheBehavior [ RunTime:0.000800s ]
INFO: [ app_begin ] --END-- [ RunTime:0.000883s ]
SQL: SHOW COLUMNS FROM `video` [ RunTime:0.0159s ]
SQL: SELECT * FROM `video` WHERE ( vid=1 ) LIMIT 1   [ RunTime:0.0013s ]
INFO: [ view_parse ] --START--
INFO: [ template_filter ] --START--
INFO: Run Behavior\ContentReplaceBehavior [ RunTime:0.000238s ]
INFO: [ template_filter ] --END-- [ RunTime:0.000438s ]
INFO: Run Behavior\ParseTemplateBehavior [ RunTime:0.030696s ]
INFO: [ view_parse ] --END-- [ RunTime:0.030908s ]
INFO: [ view_filter ] --START--
INFO: Run Behavior\WriteHtmlCacheBehavior [ RunTime:0.001398s ]
INFO: [ view_filter ] --END-- [ RunTime:0.001614s ]
INFO: [ app_end ] --START--
INFO: Run Behavior\ShowPageTraceBehavior [ RunTime:0.001525s ]
INFO: [ app_end ] --END-- [ RunTime:0.001863s ]

[ 2017-05-11T15:29:37+08:00 ] 127.0.0.1 /liangzhuang/index.php/Admin/video/edit/vid/1
INFO: [ app_init ] --START--
INFO: Run Behavior\BuildLiteBehavior [ RunTime:0.000021s ]
INFO: [ app_init ] --END-- [ RunTime:0.000526s ]
INFO: [ app_begin ] --START--
INFO: Run Behavior\ReadHtmlCacheBehavior [ RunTime:0.000796s ]
INFO: [ app_begin ] --END-- [ RunTime:0.000878s ]
SQL: SHOW COLUMNS FROM `video` [ RunTime:0.0163s ]
SQL: SELECT * FROM `video` WHERE ( vid=1 ) LIMIT 1   [ RunTime:0.0012s ]
INFO: [ view_parse ] --START--
INFO: [ template_filter ] --START--
INFO: Run Behavior\ContentReplaceBehavior [ RunTime:0.000367s ]
INFO: [ template_filter ] --END-- [ RunTime:0.000628s ]
INFO: Run Behavior\ParseTemplateBehavior [ RunTime:0.031605s ]
INFO: [ view_parse ] --END-- [ RunTime:0.031816s ]
INFO: [ view_filter ] --START--
INFO: Run Behavior\WriteHtmlCacheBehavior [ RunTime:0.001213s ]
INFO: [ view_filter ] --END-- [ RunTime:0.001372s ]
INFO: [ app_end ] --START--
INFO: Run Behavior\ShowPageTraceBehavior [ RunTime:0.001995s ]
INFO: [ app_end ] --END-- [ RunTime:0.002169s ]

[ 2017-05-11T15:30:55+08:00 ] 127.0.0.1 /liangzhuang/index.php/Admin/video/edit/vid/1
INFO: [ app_init ] --START--
INFO: Run Behavior\BuildLiteBehavior [ RunTime:0.000020s ]
INFO: [ app_init ] --END-- [ RunTime:0.000544s ]
INFO: [ app_begin ] --START--
INFO: Run Behavior\ReadHtmlCacheBehavior [ RunTime:0.001075s ]
INFO: [ app_begin ] --END-- [ RunTime:0.001174s ]

[ 2017-05-11T15:31:05+08:00 ] 127.0.0.1 /liangzhuang/index.php/Admin/video/edit/vid/1
INFO: [ app_init ] --START--
INFO: Run Behavior\BuildLiteBehavior [ RunTime:0.000020s ]
INFO: [ app_init ] --END-- [ RunTime:0.000464s ]
INFO: [ app_begin ] --START--
INFO: Run Behavior\ReadHtmlCacheBehavior [ RunTime:0.000673s ]
INFO: [ app_begin ] --END-- [ RunTime:0.000751s ]
INFO: [ view_parse ] --START--
INFO: [ template_filter ] --START--
INFO: Run Behavior\ContentReplaceBehavior [ RunTime:0.000063s ]
INFO: [ template_filter ] --END-- [ RunTime:0.000151s ]
INFO: Run Behavior\ParseTemplateBehavior [ RunTime:0.064276s ]
INFO: [ view_parse ] --END-- [ RunTime:0.064399s ]
INFO: [ view_filter ] --START--
INFO: Run Behavior\WriteHtmlCacheBehavior [ RunTime:0.001305s ]
INFO: [ view_filter ] --END-- [ RunTime:0.001401s ]

[ 2017-05-11T15:31:08+08:00 ] 127.0.0.1 /liangzhuang/index.php/Admin/Admin/login
INFO: [ app_init ] --START--
INFO: Run Behavior\BuildLiteBehavior [ RunTime:0.000018s ]
INFO: [ app_init ] --END-- [ RunTime:0.000462s ]
INFO: [ app_begin ] --START--
INFO: Run Behavior\ReadHtmlCacheBehavior [ RunTime:0.000844s ]
INFO: [ app_begin ] --END-- [ RunTime:0.000936s ]
ERR: Êó†Ê≥ïÂä†ËΩΩÊéßÂà∂Âô®:Admin

[ 2017-05-11T15:31:15+08:00 ] 127.0.0.1 /liangzhuang/index.php/Admin/Admin/login
INFO: [ app_init ] --START--
INFO: Run Behavior\BuildLiteBehavior [ RunTime:0.000033s ]
INFO: [ app_init ] --END-- [ RunTime:0.000873s ]
INFO: [ app_begin ] --START--
INFO: Run Behavior\ReadHtmlCacheBehavior [ RunTime:0.003334s ]
INFO: [ app_begin ] --END-- [ RunTime:0.003520s ]
ERR: Êó†Ê≥ïÂä†ËΩΩÊéßÂà∂Âô®:Admin

[ 2017-05-11T15:31:29+08:00 ] 127.0.0.1 /liangzhuang/index.php/Admin
INFO: [ app_init ] --START--
INFO: Run Behavior\BuildLiteBehavior [ RunTime:0.000020s ]
INFO: [ app_init ] --END-- [ RunTime:0.000533s ]
INFO: [ app_begin ] --START--
INFO: Run Behavior\ReadHtmlCacheBehavior [ RunTime:0.001017s ]
INFO: [ app_begin ] --END-- [ RunTime:0.001143s ]
INFO: [ view_parse ] --START--
INFO: [ template_filter ] --START--
INFO: Run Behavior\ContentReplaceBehavior [ RunTime:0.000138s ]
INFO: [ template_filter ] --END-- [ RunTime:0.000277s ]
INFO: Run Behavior\ParseTemplateBehavior [ RunTime:0.024577s ]
INFO: [ view_parse ] --END-- [ RunTime:0.024721s ]
INFO: [ view_filter ] --START--
INFO: Run Behavior\WriteHtmlCacheBehavior [ RunTime:0.000736s ]
INFO: [ view_filter ] --END-- [ RunTime:0.000851s ]
INFO: [ app_end ] --START--
INFO: Run Behavior\ShowPageTraceBehavior [ RunTime:0.001382s ]
INFO: [ app_end ] --END-- [ RunTime:0.001511s ]

[ 2017-05-11T15:31:35+08:00 ] 127.0.0.1 /liangzhuang/index.php/Admin/pp/index
INFO: [ app_init ] --START--
INFO: Run Behavior\BuildLiteBehavior [ RunTime:0.000020s ]
INFO: [ app_init ] --END-- [ RunTime:0.000474s ]
INFO: [ app_begin ] --START--
INFO: Run Behavior\ReadHtmlCacheBehavior [ RunTime:0.000656s ]
INFO: [ app_begin ] --END-- [ RunTime:0.000736s ]
ERR: Êó†Ê≥ïÂä†ËΩΩÊéßÂà∂Âô®:Pp

[ 2017-05-11T15:44:54+08:00 ] 127.0.0.1 /liangzhuang/index.php/Admin/zc/index
INFO: [ app_init ] --START--
INFO: Run Behavior\BuildLiteBehavior [ RunTime:0.000033s ]
INFO: [ app_init ] --END-- [ RunTime:0.001407s ]
INFO: [ app_begin ] --START--
INFO: Run Behavior\ReadHtmlCacheBehavior [ RunTime:0.001068s ]
INFO: [ app_begin ] --END-- [ RunTime:0.001161s ]
SQL: SHOW COLUMNS FROM `zc` [ RunTime:0.0173s ]
SQL: SELECT * FROM `zc`  [ RunTime:0.0019s ]
INFO: [ view_parse ] --START--
INFO: [ template_filter ] --START--
INFO: Run Behavior\ContentReplaceBehavior [ RunTime:0.000114s ]
INFO: [ template_filter ] --END-- [ RunTime:0.000203s ]
NOTIC: [8] Undefined variable: strategy F:\websever\soft\liangzhuang\Application\Runtime\Cache\Admin\2a51ff2f08e7fe14f6e39064b4de8ae9.php Á¨¨ 142 Ë°å.
INFO: Run Behavior\ParseTemplateBehavior [ RunTime:0.031822s ]
INFO: [ view_parse ] --END-- [ RunTime:0.031949s ]
INFO: [ view_filter ] --START--
INFO: Run Behavior\WriteHtmlCacheBehavior [ RunTime:0.000752s ]
INFO: [ view_filter ] --END-- [ RunTime:0.000831s ]
INFO: [ app_end ] --START--
INFO: Run Behavior\ShowPageTraceBehavior [ RunTime:0.001532s ]
INFO: [ app_end ] --END-- [ RunTime:0.001623s ]

[ 2017-05-11T15:44:56+08:00 ] 127.0.0.1 /liangzhuang/index.php/Admin/zc/create
INFO: [ app_init ] --START--
INFO: Run Behavior\BuildLiteBehavior [ RunTime:0.000020s ]
INFO: [ app_init ] --END-- [ RunTime:0.000557s ]
INFO: [ app_begin ] --START--
INFO: Run Behavior\ReadHtmlCacheBehavior [ RunTime:0.001100s ]
INFO: [ app_begin ] --END-- [ RunTime:0.001188s ]
INFO: [ view_parse ] --START--
INFO: [ template_filter ] --START--
INFO: Run Behavior\ContentReplaceBehavior [ RunTime:0.000109s ]
INFO: [ template_filter ] --END-- [ RunTime:0.000221s ]
INFO: Run Behavior\ParseTemplateBehavior [ RunTime:0.020070s ]
INFO: [ view_parse ] --END-- [ RunTime:0.020195s ]
INFO: [ view_filter ] --START--
INFO: Run Behavior\WriteHtmlCacheBehavior [ RunTime:0.001271s ]
INFO: [ view_filter ] --END-- [ RunTime:0.001399s ]
INFO: [ app_end ] --START--
INFO: Run Behavior\ShowPageTraceBehavior [ RunTime:0.001694s ]
INFO: [ app_end ] --END-- [ RunTime:0.001812s ]

[ 2017-05-11T15:45:10+08:00 ] 127.0.0.1 /liangzhuang/index.php/Admin/zc/store
INFO: [ app_init ] --START--
INFO: Run Behavior\BuildLiteBehavior [ RunTime:0.000021s ]
INFO: [ app_init ] --END-- [ RunTime:0.000617s ]
INFO: [ app_begin ] --START--
INFO: Run Behavior\ReadHtmlCacheBehavior [ RunTime:0.001674s ]
INFO: [ app_begin ] --END-- [ RunTime:0.001806s ]
INFO: [ view_parse ] --START--
INFO: [ template_filter ] --START--
INFO: Run Behavior\ContentReplaceBehavior [ RunTime:0.000065s ]
INFO: [ template_filter ] --END-- [ RunTime:0.000176s ]
INFO: Run Behavior\ParseTemplateBehavior [ RunTime:0.011220s ]
INFO: [ view_parse ] --END-- [ RunTime:0.011319s ]
INFO: [ view_filter ] --START--
INFO: Run Behavior\WriteHtmlCacheBehavior [ RunTime:0.000678s ]
INFO: [ view_filter ] --END-- [ RunTime:0.000746s ]

[ 2017-05-11T15:45:50+08:00 ] 127.0.0.1 /liangzhuang/index.php/Admin/zc/store
INFO: [ app_init ] --START--
INFO: Run Behavior\BuildLiteBehavior [ RunTime:0.000030s ]
INFO: [ app_init ] --END-- [ RunTime:0.000796s ]
INFO: [ app_begin ] --START--
INFO: Run Behavior\ReadHtmlCacheBehavior [ RunTime:0.000822s ]
INFO: [ app_begin ] --END-- [ RunTime:0.000917s ]
NOTIC: [2] call_user_func() expects parameter 1 to be a valid callback, no array or string given F:\websever\soft\liangzhuang\ThinkPHP\Library\Think\Upload.class.php Á¨¨ 170 Ë°å.
NOTIC: [2] call_user_func() expects parameter 1 to be a valid callback, no array or string given F:\websever\soft\liangzhuang\ThinkPHP\Library\Think\Upload.class.php Á¨¨ 170 Ë°å.
NOTIC: [2] call_user_func() expects parameter 1 to be a valid callback, no array or string given F:\websever\soft\liangzhuang\ThinkPHP\Library\Think\Upload.class.php Á¨¨ 170 Ë°å.
SQL: SHOW COLUMNS FROM `zc` [ RunTime:0.0182s ]
NOTIC: [8] Undefined index: validate F:\websever\soft\liangzhuang\ThinkPHP\Library\Think\Model.class.php Á¨¨ 1185 Ë°å.
NOTIC: [8] Undefined index: auto F:\websever\soft\liangzhuang\ThinkPHP\Library\Think\Model.class.php Á¨¨ 1128 Ë°å.
NOTIC: [8] Undefined index: introduce1 F:\websever\soft\liangzhuang\Application\Admin\Controller\ZcController.class.php Á¨¨ 37 Ë°å.
NOTIC: [8] Undefined index: introduce2 F:\websever\soft\liangzhuang\Application\Admin\Controller\ZcController.class.php Á¨¨ 38 Ë°å.
NOTIC: [8] Undefined index: introduce3 F:\websever\soft\liangzhuang\Application\Admin\Controller\ZcController.class.php Á¨¨ 39 Ë°å.
NOTIC: [8] Undefined index: introduce4 F:\websever\soft\liangzhuang\Application\Admin\Controller\ZcController.class.php Á¨¨ 40 Ë°å.
NOTIC: [8] Undefined index: introduce5 F:\websever\soft\liangzhuang\Application\Admin\Controller\ZcController.class.php Á¨¨ 41 Ë°å.
NOTIC: [8] Undefined index: introduce6 F:\websever\soft\liangzhuang\Application\Admin\Controller\ZcController.class.php Á¨¨ 42 Ë°å.
NOTIC: [8] Undefined index: introduce7 F:\websever\soft\liangzhuang\Application\Admin\Controller\ZcController.class.php Á¨¨ 43 Ë°å.
NOTIC: [8] Undefined index: introduce8 F:\websever\soft\liangzhuang\Application\Admin\Controller\ZcController.class.php Á¨¨ 44 Ë°å.
NOTIC: [8] Undefined index: introduce9 F:\websever\soft\liangzhuang\Application\Admin\Controller\ZcController.class.php Á¨¨ 45 Ë°å.
NOTIC: [8] Undefined index: img4 F:\websever\soft\liangzhuang\Application\Admin\Controller\ZcController.class.php Á¨¨ 59 Ë°å.
NOTIC: [8] Undefined index: img5 F:\websever\soft\liangzhuang\Application\Admin\Controller\ZcController.class.php Á¨¨ 60 Ë°å.
NOTIC: [8] Undefined index: img6 F:\websever\soft\liangzhuang\Application\Admin\Controller\ZcController.class.php Á¨¨ 61 Ë°å.
NOTIC: [8] Undefined index: img7 F:\websever\soft\liangzhuang\Application\Admin\Controller\ZcController.class.php Á¨¨ 62 Ë°å.
NOTIC: [8] Undefined index: img8 F:\websever\soft\liangzhuang\Application\Admin\Controller\ZcController.class.php Á¨¨ 63 Ë°å.
NOTIC: [8] Undefined index: img9 F:\websever\soft\liangzhuang\Application\Admin\Controller\ZcController.class.php Á¨¨ 64 Ë°å.
SQL: INSERT INTO `zc` (`title`,`name1`,`name2`,`name3`,`name4`,`name5`,`name6`,`name7`,`name8`,`name9`,`introduce1`,`img1`,`img2`,`img3`,`img4`,`img5`,`img6`,`img7`,`img8`,`img9`) VALUES ('1','ËØ∑Ê±Ç','','','','','','','','',NULL,'../Public/uploads/2017-05-11/591416adb0efa.jpg','../Public/uploads/2017-05-11/591416adb2d04.jpg','../Public/uploads/2017-05-11/591416adbd526.jpg','../Public/uploads/2017-05-11/','../Public/uploads/2017-05-11/','../Public/uploads/2017-05-11/','../Public/uploads/2017-05-11/','../Public/uploads/2017-05-11/','../Public/uploads/2017-05-11/') [ RunTime:0.1360s ]
INFO: [ app_end ] --START--
INFO: Run Behavior\ShowPageTraceBehavior [ RunTime:0.003154s ]
INFO: [ app_end ] --END-- [ RunTime:0.003361s ]

[ 2017-05-11T15:45:53+08:00 ] 127.0.0.1 /liangzhuang/index.php/Admin/zc/index
INFO: [ app_init ] --START--
INFO: Run Behavior\BuildLiteBehavior [ RunTime:0.000019s ]
INFO: [ app_init ] --END-- [ RunTime:0.000531s ]
INFO: [ app_begin ] --START--
INFO: Run Behavior\ReadHtmlCacheBehavior [ RunTime:0.001006s ]
INFO: [ app_begin ] --END-- [ RunTime:0.001090s ]
SQL: SHOW COLUMNS FROM `zc` [ RunTime:0.0251s ]
SQL: SELECT * FROM `zc`  [ RunTime:0.0018s ]
INFO: [ view_parse ] --START--
INFO: [ template_filter ] --START--
INFO: Run Behavior\ContentReplaceBehavior [ RunTime:0.000242s ]
INFO: [ template_filter ] --END-- [ RunTime:0.000427s ]
NOTIC: [8] Undefined variable: strategy F:\websever\soft\liangzhuang\Application\Runtime\Cache\Admin\2a51ff2f08e7fe14f6e39064b4de8ae9.php Á¨¨ 142 Ë°å.
INFO: Run Behavior\ParseTemplateBehavior [ RunTime:0.040204s ]
INFO: [ view_parse ] --END-- [ RunTime:0.040333s ]
INFO: [ view_filter ] --START--
INFO: Run Behavior\WriteHtmlCacheBehavior [ RunTime:0.000666s ]
INFO: [ view_filter ] --END-- [ RunTime:0.000737s ]
INFO: [ app_end ] --START--
INFO: Run Behavior\ShowPageTraceBehavior [ RunTime:0.001030s ]
INFO: [ app_end ] --END-- [ RunTime:0.001104s ]

[ 2017-05-11T15:46:08+08:00 ] 127.0.0.1 /liangzhuang/index.php/Admin/zc/index
INFO: [ app_init ] --START--
INFO: Run Behavior\BuildLiteBehavior [ RunTime:0.000020s ]
INFO: [ app_init ] --END-- [ RunTime:0.000536s ]
INFO: [ app_begin ] --START--
INFO: Run Behavior\ReadHtmlCacheBehavior [ RunTime:0.001012s ]
INFO: [ app_begin ] --END-- [ RunTime:0.001121s ]
SQL: SHOW COLUMNS FROM `zc` [ RunTime:0.0166s ]
SQL: SELECT * FROM `zc`  [ RunTime:0.0020s ]
INFO: [ view_parse ] --START--
INFO: [ template_filter ] --START--
INFO: Run Behavior\ContentReplaceBehavior [ RunTime:0.000144s ]
INFO: [ template_filter ] --END-- [ RunTime:0.000269s ]
NOTIC: [8] Undefined index: sid F:\websever\soft\liangzhuang\Application\Runtime\Cache\Admin\2a51ff2f08e7fe14f6e39064b4de8ae9.php Á¨¨ 143 Ë°å.
NOTIC: [8] Undefined index: sid F:\websever\soft\liangzhuang\Application\Runtime\Cache\Admin\2a51ff2f08e7fe14f6e39064b4de8ae9.php Á¨¨ 145 Ë°å.
NOTIC: [8] Undefined index: sid F:\websever\soft\liangzhuang\Application\Runtime\Cache\Admin\2a51ff2f08e7fe14f6e39064b4de8ae9.php Á¨¨ 146 Ë°å.
NOTIC: [8] Undefined index: sid F:\websever\soft\liangzhuang\Application\Runtime\Cache\Admin\2a51ff2f08e7fe14f6e39064b4de8ae9.php Á¨¨ 178 Ë°å.
NOTIC: [8] Undefined index: sid F:\websever\soft\liangzhuang\Application\Runtime\Cache\Admin\2a51ff2f08e7fe14f6e39064b4de8ae9.php Á¨¨ 143 Ë°å.
NOTIC: [8] Undefined index: sid F:\websever\soft\liangzhuang\Application\Runtime\Cache\Admin\2a51ff2f08e7fe14f6e39064b4de8ae9.php Á¨¨ 145 Ë°å.
NOTIC: [8] Undefined index: sid F:\websever\soft\liangzhuang\Application\Runtime\Cache\Admin\2a51ff2f08e7fe14f6e39064b4de8ae9.php Á¨¨ 146 Ë°å.
NOTIC: [8] Undefined index: sid F:\websever\soft\liangzhuang\Application\Runtime\Cache\Admin\2a51ff2f08e7fe14f6e39064b4de8ae9.php Á¨¨ 178 Ë°å.
NOTIC: [8] Undefined index: sid F:\websever\soft\liangzhuang\Application\Runtime\Cache\Admin\2a51ff2f08e7fe14f6e39064b4de8ae9.php Á¨¨ 143 Ë°å.
NOTIC: [8] Undefined index: sid F:\websever\soft\liangzhuang\Application\Runtime\Cache\Admin\2a51ff2f08e7fe14f6e39064b4de8ae9.php Á¨¨ 145 Ë°å.
NOTIC: [8] Undefined index: sid F:\websever\soft\liangzhuang\Application\Runtime\Cache\Admin\2a51ff2f08e7fe14f6e39064b4de8ae9.php Á¨¨ 146 Ë°å.
NOTIC: [8] Undefined index: sid F:\websever\soft\liangzhuang\Application\Runtime\Cache\Admin\2a51ff2f08e7fe14f6e39064b4de8ae9.php Á¨¨ 178 Ë°å.
NOTIC: [8] Undefined index: sid F:\websever\soft\liangzhuang\Application\Runtime\Cache\Admin\2a51ff2f08e7fe14f6e39064b4de8ae9.php Á¨¨ 143 Ë°å.
NOTIC: [8] Undefined index: sid F:\websever\soft\liangzhuang\Application\Runtime\Cache\Admin\2a51ff2f08e7fe14f6e39064b4de8ae9.php Á¨¨ 145 Ë°å.
NOTIC: [8] Undefined index: sid F:\websever\soft\liangzhuang\Application\Runtime\Cache\Admin\2a51ff2f08e7fe14f6e39064b4de8ae9.php Á¨¨ 146 Ë°å.
NOTIC: [8] Undefined index: sid F:\websever\soft\liangzhuang\Application\Runtime\Cache\Admin\2a51ff2f08e7fe14f6e39064b4de8ae9.php Á¨¨ 178 Ë°å.
INFO: Run Behavior\ParseTemplateBehavior [ RunTime:0.035304s ]
INFO: [ view_parse ] --END-- [ RunTime:0.035445s ]
INFO: [ view_filter ] --START--
INFO: Run Behavior\WriteHtmlCacheBehavior [ RunTime:0.000924s ]
INFO: [ view_filter ] --END-- [ RunTime:0.001014s ]
INFO: [ app_end ] --START--
INFO: Run Behavior\ShowPageTraceBehavior [ RunTime:0.001492s ]
INFO: [ app_end ] --END-- [ RunTime:0.001606s ]

[ 2017-05-11T15:46:13+08:00 ] 127.0.0.1 /liangzhuang/index.php/Admin/zc/edit/sid/
INFO: [ app_init ] --START--
INFO: Run Behavior\BuildLiteBehavior [ RunTime:0.000023s ]
INFO: [ app_init ] --END-- [ RunTime:0.000547s ]
INFO: [ app_begin ] --START--
INFO: Run Behavior\ReadHtmlCacheBehavior [ RunTime:0.001023s ]
INFO: [ app_begin ] --END-- [ RunTime:0.001106s ]
SQL: SHOW COLUMNS FROM `zc` [ RunTime:0.0169s ]
NOTIC: [8] Undefined index: zid F:\websever\soft\liangzhuang\Application\Admin\Controller\ZcController.class.php Á¨¨ 80 Ë°å.
ERR: SQLSTATE[42S22]: Column not found: 1054 Unknown column 'zsid' in 'where clause'

[ 2017-05-11T15:46:45+08:00 ] 127.0.0.1 /liangzhuang/index.php/Admin/zc/index
INFO: [ app_init ] --START--
INFO: Run Behavior\BuildLiteBehavior [ RunTime:0.000033s ]
INFO: [ app_init ] --END-- [ RunTime:0.001261s ]
INFO: [ app_begin ] --START--
INFO: Run Behavior\ReadHtmlCacheBehavior [ RunTime:0.001071s ]
INFO: [ app_begin ] --END-- [ RunTime:0.001179s ]
SQL: SHOW COLUMNS FROM `zc` [ RunTime:0.0195s ]
SQL: SELECT * FROM `zc`  [ RunTime:0.0017s ]
INFO: [ view_parse ] --START--
INFO: [ template_filter ] --START--
INFO: Run Behavior\ContentReplaceBehavior [ RunTime:0.000231s ]
INFO: [ template_filter ] --END-- [ RunTime:0.000413s ]
INFO: Run Behavior\ParseTemplateBehavior [ RunTime:0.029120s ]
INFO: [ view_parse ] --END-- [ RunTime:0.029230s ]
INFO: [ view_filter ] --START--
INFO: Run Behavior\WriteHtmlCacheBehavior [ RunTime:0.000796s ]
INFO: [ view_filter ] --END-- [ RunTime:0.000871s ]
INFO: [ app_end ] --START--
INFO: Run Behavior\ShowPageTraceBehavior [ RunTime:0.001479s ]
INFO: [ app_end ] --END-- [ RunTime:0.001601s ]

[ 2017-05-11T15:46:50+08:00 ] 127.0.0.1 /liangzhuang/index.php/Admin/zc/edit/zid/1
INFO: [ app_init ] --START--
INFO: Run Behavior\BuildLiteBehavior [ RunTime:0.000022s ]
INFO: [ app_init ] --END-- [ RunTime:0.000650s ]
INFO: [ app_begin ] --START--
INFO: Run Behavior\ReadHtmlCacheBehavior [ RunTime:0.001018s ]
INFO: [ app_begin ] --END-- [ RunTime:0.001101s ]
SQL: SHOW COLUMNS FROM `zc` [ RunTime:0.0181s ]
ERR: SQLSTATE[42S22]: Column not found: 1054 Unknown column 'zsid' in 'where clause'

[ 2017-05-11T15:47:15+08:00 ] 127.0.0.1 /liangzhuang/index.php/Admin/zc/index
INFO: [ app_init ] --START--
INFO: Run Behavior\BuildLiteBehavior [ RunTime:0.000031s ]
INFO: [ app_init ] --END-- [ RunTime:0.000824s ]
INFO: [ app_begin ] --START--
INFO: Run Behavior\ReadHtmlCacheBehavior [ RunTime:0.001879s ]
INFO: [ app_begin ] --END-- [ RunTime:0.002037s ]
SQL: SHOW COLUMNS FROM `zc` [ RunTime:0.0076s ]
SQL: SELECT * FROM `zc`  [ RunTime:0.0008s ]
INFO: [ view_parse ] --START--
INFO: [ template_filter ] --START--
INFO: Run Behavior\ContentReplaceBehavior [ RunTime:0.000112s ]
INFO: [ template_filter ] --END-- [ RunTime:0.000203s ]
INFO: Run Behavior\ParseTemplateBehavior [ RunTime:0.019433s ]
INFO: [ view_parse ] --END-- [ RunTime:0.019537s ]
INFO: [ view_filter ] --START--
INFO: Run Behavior\WriteHtmlCacheBehavior [ RunTime:0.000775s ]
INFO: [ view_filter ] --END-- [ RunTime:0.000868s ]
INFO: [ app_end ] --START--
INFO: Run Behavior\ShowPageTraceBehavior [ RunTime:0.001437s ]
INFO: [ app_end ] --END-- [ RunTime:0.001549s ]

[ 2017-05-11T15:47:18+08:00 ] 127.0.0.1 /liangzhuang/index.php/Admin/zc/edit/zid/1
INFO: [ app_init ] --START--
INFO: Run Behavior\BuildLiteBehavior [ RunTime:0.000019s ]
INFO: [ app_init ] --END-- [ RunTime:0.000523s ]
INFO: [ app_begin ] --START--
INFO: Run Behavior\ReadHtmlCacheBehavior [ RunTime:0.001013s ]
INFO: [ app_begin ] --END-- [ RunTime:0.001097s ]
SQL: SHOW COLUMNS FROM `zc` [ RunTime:0.0172s ]
SQL: SELECT * FROM `zc` WHERE ( zid=1 ) LIMIT 1   [ RunTime:0.0017s ]
INFO: [ view_parse ] --START--
INFO: [ template_filter ] --START--
INFO: Run Behavior\ContentReplaceBehavior [ RunTime:0.000292s ]
INFO: [ template_filter ] --END-- [ RunTime:0.000477s ]
INFO: Run Behavior\ParseTemplateBehavior [ RunTime:0.026111s ]
INFO: [ view_parse ] --END-- [ RunTime:0.026286s ]
INFO: [ view_filter ] --START--
INFO: Run Behavior\WriteHtmlCacheBehavior [ RunTime:0.001031s ]
INFO: [ view_filter ] --END-- [ RunTime:0.001136s ]
INFO: [ app_end ] --START--
INFO: Run Behavior\ShowPageTraceBehavior [ RunTime:0.001600s ]
INFO: [ app_end ] --END-- [ RunTime:0.001720s ]

[ 2017-05-11T15:47:53+08:00 ] 127.0.0.1 /liangzhuang/index.php/Admin/zc/edit/zid/1
INFO: [ app_init ] --START--
INFO: Run Behavior\BuildLiteBehavior [ RunTime:0.000021s ]
INFO: [ app_init ] --END-- [ RunTime:0.000628s ]
INFO: [ app_begin ] --START--
INFO: Run Behavior\ReadHtmlCacheBehavior [ RunTime:0.001033s ]
INFO: [ app_begin ] --END-- [ RunTime:0.001116s ]
SQL: SHOW COLUMNS FROM `zc` [ RunTime:0.0154s ]
SQL: SELECT * FROM `zc` WHERE ( zid=1 ) LIMIT 1   [ RunTime:0.0016s ]
INFO: [ view_parse ] --START--
INFO: [ template_filter ] --START--
INFO: Run Behavior\ContentReplaceBehavior [ RunTime:0.000129s ]
INFO: [ template_filter ] --END-- [ RunTime:0.000217s ]
INFO: Run Behavior\ParseTemplateBehavior [ RunTime:0.029681s ]
INFO: [ view_parse ] --END-- [ RunTime:0.029821s ]
INFO: [ view_filter ] --START--
INFO: Run Behavior\WriteHtmlCacheBehavior [ RunTime:0.000704s ]
INFO: [ view_filter ] --END-- [ RunTime:0.000773s ]
INFO: [ app_end ] --START--
INFO: Run Behavior\ShowPageTraceBehavior [ RunTime:0.001168s ]
INFO: [ app_end ] --END-- [ RunTime:0.001286s ]

[ 2017-05-11T15:48:03+08:00 ] 127.0.0.1 /liangzhuang/index.php/Admin/zc/edit/zid/1
INFO: [ app_init ] --START--
INFO: Run Behavior\BuildLiteBehavior [ RunTime:0.000033s ]
INFO: [ app_init ] --END-- [ RunTime:0.002008s ]
INFO: [ app_begin ] --START--
INFO: Run Behavior\ReadHtmlCacheBehavior [ RunTime:0.001947s ]
INFO: [ app_begin ] --END-- [ RunTime:0.002173s ]
SQL: SHOW COLUMNS FROM `zc` [ RunTime:0.0116s ]
SQL: SELECT * FROM `zc` WHERE ( zid=1 ) LIMIT 1   [ RunTime:0.0014s ]
INFO: [ view_parse ] --START--
INFO: [ template_filter ] --START--
INFO: Run Behavior\ContentReplaceBehavior [ RunTime:0.000221s ]
INFO: [ template_filter ] --END-- [ RunTime:0.000363s ]
INFO: Run Behavior\ParseTemplateBehavior [ RunTime:0.098693s ]
INFO: [ view_parse ] --END-- [ RunTime:0.098867s ]
INFO: [ view_filter ] --START--
INFO: Run Behavior\WriteHtmlCacheBehavior [ RunTime:0.001316s ]
INFO: [ view_filter ] --END-- [ RunTime:0.001892s ]
INFO: [ app_end ] --START--
INFO: Run Behavior\ShowPageTraceBehavior [ RunTime:0.003272s ]
INFO: [ app_end ] --END-- [ RunTime:0.003428s ]

[ 2017-05-11T15:48:22+08:00 ] 127.0.0.1 /liangzhuang/index.php/Admin/zc/edit/zid/1
INFO: [ app_init ] --START--
INFO: Run Behavior\BuildLiteBehavior [ RunTime:0.000024s ]
INFO: [ app_init ] --END-- [ RunTime:0.000614s ]
INFO: [ app_begin ] --START--
INFO: Run Behavior\ReadHtmlCacheBehavior [ RunTime:0.001200s ]
INFO: [ app_begin ] --END-- [ RunTime:0.001303s ]
SQL: SHOW COLUMNS FROM `zc` [ RunTime:0.0154s ]
SQL: SELECT * FROM `zc` WHERE ( zid=1 ) LIMIT 1   [ RunTime:0.0011s ]
INFO: [ view_parse ] --START--
INFO: [ template_filter ] --START--
INFO: Run Behavior\ContentReplaceBehavior [ RunTime:0.000205s ]
INFO: [ template_filter ] --END-- [ RunTime:0.000344s ]
INFO: Run Behavior\ParseTemplateBehavior [ RunTime:0.025181s ]
INFO: [ view_parse ] --END-- [ RunTime:0.025338s ]
INFO: [ view_filter ] --START--
INFO: Run Behavior\WriteHtmlCacheBehavior [ RunTime:0.001089s ]
INFO: [ view_filter ] --END-- [ RunTime:0.001205s ]
INFO: [ app_end ] --START--
INFO: Run Behavior\ShowPageTraceBehavior [ RunTime:0.001703s ]
INFO: [ app_end ] --END-- [ RunTime:0.001847s ]

[ 2017-05-11T15:48:27+08:00 ] 127.0.0.1 /liangzhuang/index.php/Admin/zc/edit/zid/1
INFO: [ app_init ] --START--
INFO: Run Behavior\BuildLiteBehavior [ RunTime:0.000031s ]
INFO: [ app_init ] --END-- [ RunTime:0.000827s ]
INFO: [ app_begin ] --START--
INFO: Run Behavior\ReadHtmlCacheBehavior [ RunTime:0.001572s ]
INFO: [ app_begin ] --END-- [ RunTime:0.001718s ]
SQL: SHOW COLUMNS FROM `zc` [ RunTime:0.2453s ]
SQL: SELECT * FROM `zc` WHERE ( zid=1 ) LIMIT 1   [ RunTime:0.0019s ]
INFO: [ view_parse ] --START--
INFO: [ template_filter ] --START--
INFO: Run Behavior\ContentReplaceBehavior [ RunTime:0.000164s ]
INFO: [ template_filter ] --END-- [ RunTime:0.000274s ]
INFO: Run Behavior\ParseTemplateBehavior [ RunTime:0.035620s ]
INFO: [ view_parse ] --END-- [ RunTime:0.035773s ]
INFO: [ view_filter ] --START--
INFO: Run Behavior\WriteHtmlCacheBehavior [ RunTime:0.000742s ]
INFO: [ view_filter ] --END-- [ RunTime:0.000827s ]
INFO: [ app_end ] --START--
INFO: Run Behavior\ShowPageTraceBehavior [ RunTime:0.001735s ]
INFO: [ app_end ] --END-- [ RunTime:0.001878s ]

[ 2017-05-11T15:48:47+08:00 ] 127.0.0.1 /liangzhuang/index.php/Admin/zc/edit/zid/1
INFO: [ app_init ] --START--
INFO: Run Behavior\BuildLiteBehavior [ RunTime:0.000031s ]
INFO: [ app_init ] --END-- [ RunTime:0.000804s ]
INFO: [ app_begin ] --START--
INFO: Run Behavior\ReadHtmlCacheBehavior [ RunTime:0.001416s ]
INFO: [ app_begin ] --END-- [ RunTime:0.001527s ]
SQL: SHOW COLUMNS FROM `zc` [ RunTime:0.0169s ]
SQL: SELECT * FROM `zc` WHERE ( zid=1 ) LIMIT 1   [ RunTime:0.0019s ]
INFO: [ view_parse ] --START--
INFO: [ template_filter ] --START--
INFO: Run Behavior\ContentReplaceBehavior [ RunTime:0.000142s ]
INFO: [ template_filter ] --END-- [ RunTime:0.000235s ]
INFO: Run Behavior\ParseTemplateBehavior [ RunTime:0.022266s ]
INFO: [ view_parse ] --END-- [ RunTime:0.022423s ]
INFO: [ view_filter ] --START--
INFO: Run Behavior\WriteHtmlCacheBehavior [ RunTime:0.000681s ]
INFO: [ view_filter ] --END-- [ RunTime:0.000759s ]
INFO: [ app_end ] --START--
INFO: Run Behavior\ShowPageTraceBehavior [ RunTime:0.001141s ]
INFO: [ app_end ] --END-- [ RunTime:0.001233s ]

[ 2017-05-11T16:56:01+08:00 ] 127.0.0.1 /liangzhuang/index.php/Admin/zc/edit/zid/1
INFO: [ app_init ] --START--
INFO: Run Behavior\BuildLiteBehavior [ RunTime:0.000043s ]
INFO: [ app_init ] --END-- [ RunTime:0.000713s ]
INFO: [ app_begin ] --START--
INFO: Run Behavior\ReadHtmlCacheBehavior [ RunTime:0.001110s ]
INFO: [ app_begin ] --END-- [ RunTime:0.001211s ]
SQL: SHOW COLUMNS FROM `zc` [ RunTime:0.3931s ]
SQL: SELECT * FROM `zc` WHERE ( zid=1 ) LIMIT 1   [ RunTime:0.0098s ]
INFO: [ view_parse ] --START--
INFO: [ template_filter ] --START--
INFO: Run Behavior\ContentReplaceBehavior [ RunTime:0.000330s ]
INFO: [ template_filter ] --END-- [ RunTime:0.000523s ]
INFO: Run Behavior\ParseTemplateBehavior [ RunTime:0.034241s ]
INFO: [ view_parse ] --END-- [ RunTime:0.034423s ]
INFO: [ view_filter ] --START--
INFO: Run Behavior\WriteHtmlCacheBehavior [ RunTime:0.001129s ]
INFO: [ view_filter ] --END-- [ RunTime:0.001252s ]
INFO: [ app_end ] --START--
INFO: Run Behavior\ShowPageTraceBehavior [ RunTime:0.001785s ]
INFO: [ app_end ] --END-- [ RunTime:0.001930s ]

[ 2017-05-11T16:56:05+08:00 ] 127.0.0.1 /liangzhuang/index.php/Admin/pp/index
INFO: [ app_init ] --START--
INFO: Run Behavior\BuildLiteBehavior [ RunTime:0.000036s ]
INFO: [ app_init ] --END-- [ RunTime:0.000912s ]
INFO: [ app_begin ] --START--
INFO: Run Behavior\ReadHtmlCacheBehavior [ RunTime:0.001762s ]
INFO: [ app_begin ] --END-- [ RunTime:0.001914s ]
SQL: SHOW COLUMNS FROM `pp` [ RunTime:0.0177s ]
SQL: SELECT * FROM `pp`  [ RunTime:0.0016s ]
INFO: [ view_parse ] --START--
INFO: [ template_filter ] --START--
INFO: Run Behavior\ContentReplaceBehavior [ RunTime:0.000215s ]
INFO: [ template_filter ] --END-- [ RunTime:0.000438s ]
NOTIC: [8] Undefined index: bid F:\websever\soft\liangzhuang\Application\Runtime\Cache\Admin\2b03ed06295dca4b14f768f3fe3faace.php Á¨¨ 113 Ë°å.
NOTIC: [8] Undefined index: bid F:\websever\soft\liangzhuang\Application\Runtime\Cache\Admin\2b03ed06295dca4b14f768f3fe3faace.php Á¨¨ 115 Ë°å.
NOTIC: [8] Undefined index: bid F:\websever\soft\liangzhuang\Application\Runtime\Cache\Admin\2b03ed06295dca4b14f768f3fe3faace.php Á¨¨ 118 Ë°å.
NOTIC: [8] Undefined index: btime F:\websever\soft\liangzhuang\Application\Runtime\Cache\Admin\2b03ed06295dca4b14f768f3fe3faace.php Á¨¨ 119 Ë°å.
NOTIC: [8] Undefined index: buser F:\websever\soft\liangzhuang\Application\Runtime\Cache\Admin\2b03ed06295dca4b14f768f3fe3faace.php Á¨¨ 120 Ë°å.
NOTIC: [8] Undefined index: content F:\websever\soft\liangzhuang\Application\Runtime\Cache\Admin\2b03ed06295dca4b14f768f3fe3faace.php Á¨¨ 121 Ë°å.
NOTIC: [8] Undefined index: bid F:\websever\soft\liangzhuang\Application\Runtime\Cache\Admin\2b03ed06295dca4b14f768f3fe3faace.php Á¨¨ 124 Ë°å.
NOTIC: [8] Undefined index: bid F:\websever\soft\liangzhuang\Application\Runtime\Cache\Admin\2b03ed06295dca4b14f768f3fe3faace.php Á¨¨ 125 Ë°å.
INFO: Run Behavior\ParseTemplateBehavior [ RunTime:0.043204s ]
INFO: [ view_parse ] --END-- [ RunTime:0.043389s ]
INFO: [ view_filter ] --START--
INFO: Run Behavior\WriteHtmlCacheBehavior [ RunTime:0.001562s ]
INFO: [ view_filter ] --END-- [ RunTime:0.001718s ]
INFO: [ app_end ] --START--
INFO: Run Behavior\ShowPageTraceBehavior [ RunTime:0.002491s ]
INFO: [ app_end ] --END-- [ RunTime:0.002666s ]

[ 2017-05-11T17:09:02+08:00 ] 127.0.0.1 /liangzhuang/index.php/Admin/video/index
INFO: [ app_init ] --START--
INFO: Run Behavior\BuildLiteBehavior [ RunTime:0.000028s ]
INFO: [ app_init ] --END-- [ RunTime:0.000577s ]
INFO: [ app_begin ] --START--
INFO: Run Behavior\ReadHtmlCacheBehavior [ RunTime:0.001022s ]
INFO: [ app_begin ] --END-- [ RunTime:0.001113s ]
SQL: SHOW COLUMNS FROM `video` [ RunTime:0.0236s ]
SQL: SELECT * FROM `video`  [ RunTime:0.0013s ]
INFO: [ view_parse ] --START--
INFO: [ template_filter ] --START--
INFO: Run Behavior\ContentReplaceBehavior [ RunTime:0.000229s ]
INFO: [ template_filter ] --END-- [ RunTime:0.000435s ]
INFO: Run Behavior\ParseTemplateBehavior [ RunTime:0.093595s ]
INFO: [ view_parse ] --END-- [ RunTime:0.093803s ]
INFO: [ view_filter ] --START--
INFO: Run Behavior\WriteHtmlCacheBehavior [ RunTime:0.001989s ]
INFO: [ view_filter ] --END-- [ RunTime:0.002158s ]
INFO: [ app_end ] --START--
INFO: Run Behavior\ShowPageTraceBehavior [ RunTime:0.003048s ]
INFO: [ app_end ] --END-- [ RunTime:0.003263s ]

[ 2017-05-11T17:09:11+08:00 ] 127.0.0.1 /liangzhuang/index.php/Admin/zc/index
INFO: [ app_init ] --START--
INFO: Run Behavior\BuildLiteBehavior [ RunTime:0.000019s ]
INFO: [ app_init ] --END-- [ RunTime:0.000529s ]
INFO: [ app_begin ] --START--
INFO: Run Behavior\ReadHtmlCacheBehavior [ RunTime:0.001022s ]
INFO: [ app_begin ] --END-- [ RunTime:0.001106s ]
SQL: SHOW COLUMNS FROM `zc` [ RunTime:0.0229s ]
SQL: SELECT * FROM `zc`  [ RunTime:0.0023s ]
INFO: [ view_parse ] --START--
INFO: [ template_filter ] --START--
INFO: Run Behavior\ContentReplaceBehavior [ RunTime:0.000236s ]
INFO: [ template_filter ] --END-- [ RunTime:0.000433s ]
INFO: Run Behavior\ParseTemplateBehavior [ RunTime:0.070045s ]
INFO: [ view_parse ] --END-- [ RunTime:0.070227s ]
INFO: [ view_filter ] --START--
INFO: Run Behavior\WriteHtmlCacheBehavior [ RunTime:0.001025s ]
INFO: [ view_filter ] --END-- [ RunTime:0.001208s ]
INFO: [ app_end ] --START--
INFO: Run Behavior\ShowPageTraceBehavior [ RunTime:0.001867s ]
INFO: [ app_end ] --END-- [ RunTime:0.002030s ]

[ 2017-05-11T17:09:23+08:00 ] 127.0.0.1 /liangzhuang/index.php/Admin/video/index
INFO: [ app_init ] --START--
INFO: Run Behavior\BuildLiteBehavior [ RunTime:0.000022s ]
INFO: [ app_init ] --END-- [ RunTime:0.000672s ]
INFO: [ app_begin ] --START--
INFO: Run Behavior\ReadHtmlCacheBehavior [ RunTime:0.001013s ]
INFO: [ app_begin ] --END-- [ RunTime:0.001117s ]
SQL: SHOW COLUMNS FROM `video` [ RunTime:0.0166s ]
SQL: SELECT * FROM `video`  [ RunTime:0.0018s ]
INFO: [ view_parse ] --START--
INFO: [ template_filter ] --START--
INFO: Run Behavior\ContentReplaceBehavior [ RunTime:0.000186s ]
INFO: [ template_filter ] --END-- [ RunTime:0.000324s ]
INFO: Run Behavior\ParseTemplateBehavior [ RunTime:0.039314s ]
INFO: [ view_parse ] --END-- [ RunTime:0.039518s ]
INFO: [ view_filter ] --START--
INFO: Run Behavior\WriteHtmlCacheBehavior [ RunTime:0.000860s ]
INFO: [ view_filter ] --END-- [ RunTime:0.000945s ]
INFO: [ app_end ] --START--
INFO: Run Behavior\ShowPageTraceBehavior [ RunTime:0.001270s ]
INFO: [ app_end ] --END-- [ RunTime:0.001356s ]

[ 2017-05-11T17:15:15+08:00 ] 127.0.0.1 /liangzhuang/index.php/Admin/pp/index
INFO: [ app_init ] --START--
INFO: Run Behavior\BuildLiteBehavior [ RunTime:0.000028s ]
INFO: [ app_init ] --END-- [ RunTime:0.000592s ]
INFO: [ app_begin ] --START--
INFO: Run Behavior\ReadHtmlCacheBehavior [ RunTime:0.001778s ]
INFO: [ app_begin ] --END-- [ RunTime:0.001918s ]
SQL: SHOW COLUMNS FROM `pp` [ RunTime:0.0162s ]
SQL: SELECT * FROM `pp`  [ RunTime:0.0017s ]
INFO: [ view_parse ] --START--
INFO: [ template_filter ] --START--
INFO: Run Behavior\ContentReplaceBehavior [ RunTime:0.000225s ]
INFO: [ template_filter ] --END-- [ RunTime:0.000431s ]
INFO: Run Behavior\ParseTemplateBehavior [ RunTime:0.040104s ]
INFO: [ view_parse ] --END-- [ RunTime:0.040489s ]
INFO: [ view_filter ] --START--
INFO: Run Behavior\WriteHtmlCacheBehavior [ RunTime:0.002322s ]
INFO: [ view_filter ] --END-- [ RunTime:0.002531s ]
INFO: [ app_end ] --START--
INFO: Run Behavior\ShowPageTraceBehavior [ RunTime:0.002084s ]
INFO: [ app_end ] --END-- [ RunTime:0.002244s ]

[ 2017-05-11T17:17:59+08:00 ] 127.0.0.1 /liangzhuang/index.php/Admin/pp/index
INFO: [ app_init ] --START--
INFO: Run Behavior\BuildLiteBehavior [ RunTime:0.000021s ]
INFO: [ app_init ] --END-- [ RunTime:0.000627s ]
INFO: [ app_begin ] --START--
INFO: Run Behavior\ReadHtmlCacheBehavior [ RunTime:0.001097s ]
INFO: [ app_begin ] --END-- [ RunTime:0.001198s ]
SQL: SHOW COLUMNS FROM `pp` [ RunTime:0.4547s ]
SQL: SELECT * FROM `pp`  [ RunTime:0.0007s ]
INFO: [ view_parse ] --START--
INFO: [ template_filter ] --START--
INFO: Run Behavior\ContentReplaceBehavior [ RunTime:0.000130s ]
INFO: [ template_filter ] --END-- [ RunTime:0.000225s ]
INFO: Run Behavior\ParseTemplateBehavior [ RunTime:0.019869s ]
INFO: [ view_parse ] --END-- [ RunTime:0.019973s ]
INFO: [ view_filter ] --START--
INFO: Run Behavior\WriteHtmlCacheBehavior [ RunTime:0.000662s ]
INFO: [ view_filter ] --END-- [ RunTime:0.000733s ]
INFO: [ app_end ] --START--
INFO: Run Behavior\ShowPageTraceBehavior [ RunTime:0.001138s ]
INFO: [ app_end ] --END-- [ RunTime:0.001219s ]

[ 2017-05-11T17:18:22+08:00 ] 127.0.0.1 /liangzhuang/index.php/Admin/pp/index
INFO: [ app_init ] --START--
INFO: Run Behavior\BuildLiteBehavior [ RunTime:0.000022s ]
INFO: [ app_init ] --END-- [ RunTime:0.000583s ]
INFO: [ app_begin ] --START--
INFO: Run Behavior\ReadHtmlCacheBehavior [ RunTime:0.000962s ]
INFO: [ app_begin ] --END-- [ RunTime:0.001051s ]
SQL: SHOW COLUMNS FROM `pp` [ RunTime:0.0230s ]
SQL: SELECT * FROM `pp`  [ RunTime:0.0013s ]
INFO: [ view_parse ] --START--
INFO: [ template_filter ] --START--
INFO: Run Behavior\ContentReplaceBehavior [ RunTime:0.000143s ]
INFO: [ template_filter ] --END-- [ RunTime:0.000275s ]
INFO: Run Behavior\ParseTemplateBehavior [ RunTime:0.025203s ]
INFO: [ view_parse ] --END-- [ RunTime:0.025359s ]
INFO: [ view_filter ] --START--
INFO: Run Behavior\WriteHtmlCacheBehavior [ RunTime:0.000931s ]
INFO: [ view_filter ] --END-- [ RunTime:0.001029s ]
INFO: [ app_end ] --START--
INFO: Run Behavior\ShowPageTraceBehavior [ RunTime:0.001728s ]
INFO: [ app_end ] --END-- [ RunTime:0.001843s ]

[ 2017-05-11T17:18:26+08:00 ] 127.0.0.1 /liangzhuang/index.php/Admin/pp/edit/pp-id/1
INFO: [ app_init ] --START--
INFO: Run Behavior\BuildLiteBehavior [ RunTime:0.000020s ]
INFO: [ app_init ] --END-- [ RunTime:0.000546s ]
INFO: [ app_begin ] --START--
INFO: Run Behavior\ReadHtmlCacheBehavior [ RunTime:0.000981s ]
INFO: [ app_begin ] --END-- [ RunTime:0.001066s ]
SQL: SHOW COLUMNS FROM `pp` [ RunTime:0.0110s ]
NOTIC: [8] Undefined index: pp-id F:\websever\soft\liangzhuang\Application\Admin\Controller\PpController.class.php Á¨¨ 73 Ë°å.
ERR: SQLSTATE[42S22]: Column not found: 1054 Unknown column 'pp' in 'where clause'

[ 2017-05-11T17:19:01+08:00 ] 127.0.0.1 /liangzhuang/index.php/Admin/pp/edit/pp-id/1
INFO: [ app_init ] --START--
INFO: Run Behavior\BuildLiteBehavior [ RunTime:0.000019s ]
INFO: [ app_init ] --END-- [ RunTime:0.000534s ]
INFO: [ app_begin ] --START--
INFO: Run Behavior\ReadHtmlCacheBehavior [ RunTime:0.001065s ]
INFO: [ app_begin ] --END-- [ RunTime:0.001152s ]
SQL: SHOW COLUMNS FROM `pp` [ RunTime:0.0112s ]
NOTIC: [8] Undefined index: pp-id F:\websever\soft\liangzhuang\Application\Admin\Controller\PpController.class.php Á¨¨ 73 Ë°å.
ERR: SQLSTATE[42S22]: Column not found: 1054 Unknown column 'pp' in 'where clause'

