[ 2017-02-06T20:05:23+08:00 ] 127.0.0.1 /weiju2/index.php/admin/log/login
INFO: [ app_init ] --START--
INFO: Run Behavior\BuildLiteBehavior [ RunTime:0.000075s ]
INFO: [ app_init ] --END-- [ RunTime:0.059751s ]
INFO: [ app_begin ] --START--
INFO: Run Behavior\ReadHtmlCacheBehavior [ RunTime:0.166329s ]
INFO: [ app_begin ] --END-- [ RunTime:0.166517s ]
INFO: [ view_parse ] --START--
INFO: [ template_filter ] --START--
INFO: Run Behavior\ContentReplaceBehavior [ RunTime:0.000225s ]
INFO: [ template_filter ] --END-- [ RunTime:0.000380s ]
INFO: Run Behavior\ParseTemplateBehavior [ RunTime:1.059498s ]
INFO: [ view_parse ] --END-- [ RunTime:1.059680s ]
INFO: [ view_filter ] --START--
INFO: Run Behavior\WriteHtmlCacheBehavior [ RunTime:0.103707s ]
INFO: [ view_filter ] --END-- [ RunTime:0.103864s ]
INFO: [ app_end ] --START--
INFO: Run Behavior\ShowPageTraceBehavior [ RunTime:0.089157s ]
INFO: [ app_end ] --END-- [ RunTime:0.089318s ]

[ 2017-02-06T20:06:45+08:00 ] 127.0.0.1 /weiju2/index.php/Admin/log/login
INFO: [ app_init ] --START--
INFO: Run Behavior\BuildLiteBehavior [ RunTime:0.000037s ]
INFO: [ app_init ] --END-- [ RunTime:0.002620s ]
INFO: [ app_begin ] --START--
INFO: Run Behavior\ReadHtmlCacheBehavior [ RunTime:0.005909s ]
INFO: [ app_begin ] --END-- [ RunTime:0.006285s ]
INFO: [ view_parse ] --START--
INFO: [ template_filter ] --START--
INFO: Run Behavior\ContentReplaceBehavior [ RunTime:0.000309s ]
INFO: [ template_filter ] --END-- [ RunTime:0.000780s ]
INFO: Run Behavior\ParseTemplateBehavior [ RunTime:0.051270s ]
INFO: [ view_parse ] --END-- [ RunTime:0.051576s ]
INFO: [ view_filter ] --START--
INFO: Run Behavior\WriteHtmlCacheBehavior [ RunTime:0.003988s ]
INFO: [ view_filter ] --END-- [ RunTime:0.004131s ]
INFO: [ app_end ] --START--
INFO: Run Behavior\ShowPageTraceBehavior [ RunTime:0.006193s ]
INFO: [ app_end ] --END-- [ RunTime:0.006338s ]

[ 2017-02-06T20:07:29+08:00 ] 127.0.0.1 /weiju2/index.php/Admin/log/login
INFO: [ app_init ] --START--
INFO: Run Behavior\BuildLiteBehavior [ RunTime:0.000024s ]
INFO: [ app_init ] --END-- [ RunTime:0.001152s ]
INFO: [ app_begin ] --START--
INFO: Run Behavior\ReadHtmlCacheBehavior [ RunTime:0.001014s ]
INFO: [ app_begin ] --END-- [ RunTime:0.001111s ]
SQL: SHOW COLUMNS FROM `admin` [ RunTime:0.0509s ]
SQL: SELECT COUNT(*) AS tp_count FROM `admin` WHERE `aname` = 'admin1' AND `password` = '' LIMIT 1   [ RunTime:0.0289s ]
INFO: [ view_parse ] --START--
INFO: [ template_filter ] --START--
INFO: Run Behavior\ContentReplaceBehavior [ RunTime:0.000117s ]
INFO: [ template_filter ] --END-- [ RunTime:0.000252s ]
INFO: Run Behavior\ParseTemplateBehavior [ RunTime:0.106512s ]
INFO: [ view_parse ] --END-- [ RunTime:0.106939s ]
INFO: [ view_filter ] --START--
INFO: Run Behavior\WriteHtmlCacheBehavior [ RunTime:0.003900s ]
INFO: [ view_filter ] --END-- [ RunTime:0.004307s ]

[ 2017-02-06T20:07:45+08:00 ] 127.0.0.1 /weiju2/index.php/Admin/log/login
INFO: [ app_init ] --START--
INFO: Run Behavior\BuildLiteBehavior [ RunTime:0.000024s ]
INFO: [ app_init ] --END-- [ RunTime:0.001139s ]
INFO: [ app_begin ] --START--
INFO: Run Behavior\ReadHtmlCacheBehavior [ RunTime:0.002763s ]
INFO: [ app_begin ] --END-- [ RunTime:0.002992s ]
SQL: SHOW COLUMNS FROM `admin` [ RunTime:0.0310s ]
SQL: SELECT COUNT(*) AS tp_count FROM `admin` WHERE `aname` = 'admin1' AND `password` = '123456' LIMIT 1   [ RunTime:0.0008s ]
INFO: [ app_end ] --START--
INFO: Run Behavior\ShowPageTraceBehavior [ RunTime:0.002008s ]
INFO: [ app_end ] --END-- [ RunTime:0.002103s ]

[ 2017-02-06T20:07:48+08:00 ] 127.0.0.1 /weiju2/index.php/Admin/index
INFO: [ app_init ] --START--
INFO: Run Behavior\BuildLiteBehavior [ RunTime:0.000032s ]
INFO: [ app_init ] --END-- [ RunTime:0.001468s ]
INFO: [ app_begin ] --START--
INFO: Run Behavior\ReadHtmlCacheBehavior [ RunTime:0.001603s ]
INFO: [ app_begin ] --END-- [ RunTime:0.001791s ]
INFO: [ view_parse ] --START--
INFO: [ template_filter ] --START--
INFO: Run Behavior\ContentReplaceBehavior [ RunTime:0.000129s ]
INFO: [ template_filter ] --END-- [ RunTime:0.000268s ]
INFO: Run Behavior\ParseTemplateBehavior [ RunTime:0.221483s ]
INFO: [ view_parse ] --END-- [ RunTime:0.221714s ]
INFO: [ view_filter ] --START--
INFO: Run Behavior\WriteHtmlCacheBehavior [ RunTime:0.003621s ]
INFO: [ view_filter ] --END-- [ RunTime:0.003858s ]
INFO: [ app_end ] --START--
INFO: Run Behavior\ShowPageTraceBehavior [ RunTime:0.003176s ]
INFO: [ app_end ] --END-- [ RunTime:0.003454s ]

[ 2017-02-06T20:08:01+08:00 ] 127.0.0.1 /weiju2/index.php/Admin/sight/index
INFO: [ app_init ] --START--
INFO: Run Behavior\BuildLiteBehavior [ RunTime:0.000035s ]
INFO: [ app_init ] --END-- [ RunTime:0.001373s ]
INFO: [ app_begin ] --START--
INFO: Run Behavior\ReadHtmlCacheBehavior [ RunTime:0.002711s ]
INFO: [ app_begin ] --END-- [ RunTime:0.002890s ]
SQL: SHOW COLUMNS FROM `sight` [ RunTime:0.1565s ]
SQL: SELECT COUNT(*) AS tp_count FROM `sight` LIMIT 1   [ RunTime:0.0013s ]
SQL: SELECT * FROM `sight` LIMIT 0,10   [ RunTime:0.0022s ]
INFO: [ view_parse ] --START--
INFO: [ template_filter ] --START--
INFO: Run Behavior\ContentReplaceBehavior [ RunTime:0.000121s ]
INFO: [ template_filter ] --END-- [ RunTime:0.000221s ]
INFO: Run Behavior\ParseTemplateBehavior [ RunTime:0.288106s ]
INFO: [ view_parse ] --END-- [ RunTime:0.288254s ]
INFO: [ view_filter ] --START--
INFO: Run Behavior\WriteHtmlCacheBehavior [ RunTime:0.001180s ]
INFO: [ view_filter ] --END-- [ RunTime:0.001298s ]
INFO: [ app_end ] --START--
INFO: Run Behavior\ShowPageTraceBehavior [ RunTime:0.001816s ]
INFO: [ app_end ] --END-- [ RunTime:0.002045s ]

[ 2017-02-06T20:08:08+08:00 ] 127.0.0.1 /weiju2/index.php/Admin/Sight/index/p/2
INFO: [ app_init ] --START--
INFO: Run Behavior\BuildLiteBehavior [ RunTime:0.000044s ]
INFO: [ app_init ] --END-- [ RunTime:0.001667s ]
INFO: [ app_begin ] --START--
INFO: Run Behavior\ReadHtmlCacheBehavior [ RunTime:0.002413s ]
INFO: [ app_begin ] --END-- [ RunTime:0.002866s ]
SQL: SHOW COLUMNS FROM `sight` [ RunTime:0.1567s ]
SQL: SELECT COUNT(*) AS tp_count FROM `sight` LIMIT 1   [ RunTime:0.0015s ]
SQL: SELECT * FROM `sight` LIMIT 10,10   [ RunTime:0.0022s ]
INFO: [ view_parse ] --START--
INFO: [ template_filter ] --START--
INFO: Run Behavior\ContentReplaceBehavior [ RunTime:0.000123s ]
INFO: [ template_filter ] --END-- [ RunTime:0.000226s ]
INFO: Run Behavior\ParseTemplateBehavior [ RunTime:0.029327s ]
INFO: [ view_parse ] --END-- [ RunTime:0.029487s ]
INFO: [ view_filter ] --START--
INFO: Run Behavior\WriteHtmlCacheBehavior [ RunTime:0.001063s ]
INFO: [ view_filter ] --END-- [ RunTime:0.001194s ]

[ 2017-02-06T20:08:09+08:00 ] 127.0.0.1 /weiju2/index.php/Admin/Sight/index/p/2
INFO: [ app_init ] --START--
INFO: Run Behavior\BuildLiteBehavior [ RunTime:0.000049s ]
INFO: [ app_init ] --END-- [ RunTime:0.002292s ]
INFO: [ app_begin ] --START--
INFO: Run Behavior\ReadHtmlCacheBehavior [ RunTime:0.012643s ]
INFO: [ app_begin ] --END-- [ RunTime:0.012842s ]
SQL: SHOW COLUMNS FROM `sight` [ RunTime:0.0821s ]
SQL: SELECT COUNT(*) AS tp_count FROM `sight` LIMIT 1   [ RunTime:0.0018s ]
SQL: SELECT * FROM `sight` LIMIT 10,10   [ RunTime:0.0040s ]
INFO: [ view_parse ] --START--
INFO: [ template_filter ] --START--
INFO: Run Behavior\ContentReplaceBehavior [ RunTime:0.000202s ]
INFO: [ template_filter ] --END-- [ RunTime:0.000374s ]
INFO: Run Behavior\ParseTemplateBehavior [ RunTime:0.042711s ]
INFO: [ view_parse ] --END-- [ RunTime:0.042891s ]
INFO: [ view_filter ] --START--
INFO: Run Behavior\WriteHtmlCacheBehavior [ RunTime:0.002717s ]
INFO: [ view_filter ] --END-- [ RunTime:0.003129s ]

[ 2017-02-06T20:08:10+08:00 ] 127.0.0.1 /weiju2/index.php/Admin/Sight/index/p/2
INFO: [ app_init ] --START--
INFO: Run Behavior\BuildLiteBehavior [ RunTime:0.000035s ]
INFO: [ app_init ] --END-- [ RunTime:0.001384s ]
INFO: [ app_begin ] --START--
INFO: Run Behavior\ReadHtmlCacheBehavior [ RunTime:0.001691s ]
INFO: [ app_begin ] --END-- [ RunTime:0.001858s ]
SQL: SHOW COLUMNS FROM `sight` [ RunTime:0.1615s ]
SQL: SELECT COUNT(*) AS tp_count FROM `sight` LIMIT 1   [ RunTime:0.0007s ]
SQL: SELECT * FROM `sight` LIMIT 10,10   [ RunTime:0.0010s ]
INFO: [ view_parse ] --START--
INFO: [ template_filter ] --START--
INFO: Run Behavior\ContentReplaceBehavior [ RunTime:0.000193s ]
INFO: [ template_filter ] --END-- [ RunTime:0.000361s ]
INFO: Run Behavior\ParseTemplateBehavior [ RunTime:0.026582s ]
INFO: [ view_parse ] --END-- [ RunTime:0.026719s ]
INFO: [ view_filter ] --START--
INFO: Run Behavior\WriteHtmlCacheBehavior [ RunTime:0.000988s ]
INFO: [ view_filter ] --END-- [ RunTime:0.001119s ]
INFO: [ app_end ] --START--
INFO: Run Behavior\ShowPageTraceBehavior [ RunTime:0.001727s ]
INFO: [ app_end ] --END-- [ RunTime:0.001903s ]

[ 2017-02-06T20:08:26+08:00 ] 127.0.0.1 /weiju2/index.php/Admin/sight/edit/sigid/12
INFO: [ app_init ] --START--
INFO: Run Behavior\BuildLiteBehavior [ RunTime:0.000035s ]
INFO: [ app_init ] --END-- [ RunTime:0.001647s ]
INFO: [ app_begin ] --START--
INFO: Run Behavior\ReadHtmlCacheBehavior [ RunTime:0.003223s ]
INFO: [ app_begin ] --END-- [ RunTime:0.003388s ]
SQL: SHOW COLUMNS FROM `sight` [ RunTime:0.0591s ]
SQL: SELECT * FROM `sight` WHERE ( sigid=12 ) LIMIT 1   [ RunTime:0.0027s ]
INFO: [ view_parse ] --START--
INFO: [ template_filter ] --START--
INFO: Run Behavior\ContentReplaceBehavior [ RunTime:0.000123s ]
INFO: [ template_filter ] --END-- [ RunTime:0.000223s ]
INFO: Run Behavior\ParseTemplateBehavior [ RunTime:0.161500s ]
INFO: [ view_parse ] --END-- [ RunTime:0.161699s ]
INFO: [ view_filter ] --START--
INFO: Run Behavior\WriteHtmlCacheBehavior [ RunTime:0.002555s ]
INFO: [ view_filter ] --END-- [ RunTime:0.002716s ]
INFO: [ app_end ] --START--
INFO: Run Behavior\ShowPageTraceBehavior [ RunTime:0.003618s ]
INFO: [ app_end ] --END-- [ RunTime:0.003808s ]

