[ 2017-02-02T22:48:20+08:00 ] 127.0.0.1 /weiju2/index.php/Admin/strategy/index
INFO: [ app_init ] --START--
INFO: Run Behavior\BuildLiteBehavior [ RunTime:0.000106s ]
INFO: [ app_init ] --END-- [ RunTime:0.111216s ]
INFO: [ app_begin ] --START--
INFO: Run Behavior\ReadHtmlCacheBehavior [ RunTime:0.061266s ]
INFO: [ app_begin ] --END-- [ RunTime:0.061421s ]
SQL: SHOW COLUMNS FROM `strategy` [ RunTime:4.5227s ]
SQL: SELECT * FROM `strategy`  [ RunTime:0.6727s ]
INFO: [ view_parse ] --START--
INFO: [ template_filter ] --START--
INFO: Run Behavior\ContentReplaceBehavior [ RunTime:0.039513s ]
INFO: [ template_filter ] --END-- [ RunTime:0.039680s ]
INFO: Run Behavior\ParseTemplateBehavior [ RunTime:1.281057s ]
INFO: [ view_parse ] --END-- [ RunTime:1.281216s ]
INFO: [ view_filter ] --START--
INFO: Run Behavior\WriteHtmlCacheBehavior [ RunTime:0.114111s ]
INFO: [ view_filter ] --END-- [ RunTime:0.114201s ]
INFO: [ app_end ] --START--
INFO: Run Behavior\ShowPageTraceBehavior [ RunTime:0.098351s ]
INFO: [ app_end ] --END-- [ RunTime:0.098540s ]

[ 2017-02-02T22:54:31+08:00 ] 127.0.0.1 /weiju2/index.php/Admin/visitor/index
INFO: [ app_init ] --START--
INFO: Run Behavior\BuildLiteBehavior [ RunTime:0.000023s ]
INFO: [ app_init ] --END-- [ RunTime:0.001039s ]
INFO: [ app_begin ] --START--
INFO: Run Behavior\ReadHtmlCacheBehavior [ RunTime:0.005492s ]
INFO: [ app_begin ] --END-- [ RunTime:0.005741s ]
SQL: SHOW COLUMNS FROM `visitor` [ RunTime:0.0446s ]
SQL: SELECT * FROM `visitor`  [ RunTime:0.0013s ]
INFO: [ view_parse ] --START--
INFO: [ template_filter ] --START--
INFO: Run Behavior\ContentReplaceBehavior [ RunTime:0.000129s ]
INFO: [ template_filter ] --END-- [ RunTime:0.000233s ]
INFO: Run Behavior\ParseTemplateBehavior [ RunTime:0.165163s ]
INFO: [ view_parse ] --END-- [ RunTime:0.165374s ]
INFO: [ view_filter ] --START--
INFO: Run Behavior\WriteHtmlCacheBehavior [ RunTime:0.004402s ]
INFO: [ view_filter ] --END-- [ RunTime:0.004581s ]
INFO: [ app_end ] --START--
INFO: Run Behavior\ShowPageTraceBehavior [ RunTime:0.005053s ]
INFO: [ app_end ] --END-- [ RunTime:0.005336s ]

[ 2017-02-02T22:54:36+08:00 ] 127.0.0.1 /weiju2/index.php/Admin/sight/index
INFO: [ app_init ] --START--
INFO: Run Behavior\BuildLiteBehavior [ RunTime:0.000038s ]
INFO: [ app_init ] --END-- [ RunTime:0.002196s ]
INFO: [ app_begin ] --START--
INFO: Run Behavior\ReadHtmlCacheBehavior [ RunTime:0.003250s ]
INFO: [ app_begin ] --END-- [ RunTime:0.003404s ]
SQL: SHOW COLUMNS FROM `sight` [ RunTime:0.0399s ]
SQL: SELECT COUNT(*) AS tp_count FROM `sight` LIMIT 1   [ RunTime:0.0640s ]
SQL: SELECT * FROM `sight` LIMIT 0,10   [ RunTime:0.0027s ]
INFO: [ view_parse ] --START--
INFO: [ template_filter ] --START--
INFO: Run Behavior\ContentReplaceBehavior [ RunTime:0.000107s ]
INFO: [ template_filter ] --END-- [ RunTime:0.000192s ]
INFO: Run Behavior\ParseTemplateBehavior [ RunTime:0.097016s ]
INFO: [ view_parse ] --END-- [ RunTime:0.097159s ]
INFO: [ view_filter ] --START--
INFO: Run Behavior\WriteHtmlCacheBehavior [ RunTime:0.002726s ]
INFO: [ view_filter ] --END-- [ RunTime:0.002834s ]
INFO: [ app_end ] --START--
INFO: Run Behavior\ShowPageTraceBehavior [ RunTime:0.002565s ]
INFO: [ app_end ] --END-- [ RunTime:0.002694s ]

